[2020-05-04 23:46:07,745] {taskinstance.py:669} INFO - Dependencies all met for <TaskInstance: batch_processing.merge_files 2020-05-04T21:42:01.993735+00:00 [queued]>
[2020-05-04 23:46:07,752] {taskinstance.py:669} INFO - Dependencies all met for <TaskInstance: batch_processing.merge_files 2020-05-04T21:42:01.993735+00:00 [queued]>
[2020-05-04 23:46:07,752] {taskinstance.py:879} INFO - 
--------------------------------------------------------------------------------
[2020-05-04 23:46:07,752] {taskinstance.py:880} INFO - Starting attempt 2 of 3
[2020-05-04 23:46:07,752] {taskinstance.py:881} INFO - 
--------------------------------------------------------------------------------
[2020-05-04 23:46:07,756] {taskinstance.py:900} INFO - Executing <Task(PythonOperator): merge_files> on 2020-05-04T21:42:01.993735+00:00
[2020-05-04 23:46:07,758] {standard_task_runner.py:53} INFO - Started process 22992 to run task
[2020-05-04 23:46:07,798] {logging_mixin.py:112} INFO - Running %s on host %s <TaskInstance: batch_processing.merge_files 2020-05-04T21:42:01.993735+00:00 [running]> eyrunt-mbp
[2020-05-04 23:46:07,807] {taskinstance.py:1145} ERROR - [Errno 2] No such file or directory: '../resources/output0.22393622254541135.txt'
Traceback (most recent call last):
  File "/usr/local/lib/python3.7/site-packages/airflow/models/taskinstance.py", line 983, in _run_raw_task
    result = task_copy.execute(context=context)
  File "/usr/local/lib/python3.7/site-packages/airflow/operators/python_operator.py", line 113, in execute
    return_value = self.execute_callable()
  File "/usr/local/lib/python3.7/site-packages/airflow/operators/python_operator.py", line 118, in execute_callable
    return self.python_callable(*self.op_args, **self.op_kwargs)
  File "/Users/eyrunt/airflow/dags/usage_example.py", line 51, in file_merger
    with open(output_path, 'w') as outfile:
FileNotFoundError: [Errno 2] No such file or directory: '../resources/output0.22393622254541135.txt'
[2020-05-04 23:46:07,809] {taskinstance.py:1168} INFO - Marking task as UP_FOR_RETRY
[2020-05-04 23:46:17,741] {logging_mixin.py:112} INFO - [2020-05-04 23:46:17,740] {local_task_job.py:103} INFO - Task exited with return code 1
