[2020-05-04 20:46:44,435] {taskinstance.py:669} INFO - Dependencies all met for <TaskInstance: batch_processing.read_file_a 2020-05-02T00:00:00+00:00 [queued]>
[2020-05-04 20:46:44,440] {taskinstance.py:669} INFO - Dependencies all met for <TaskInstance: batch_processing.read_file_a 2020-05-02T00:00:00+00:00 [queued]>
[2020-05-04 20:46:44,441] {taskinstance.py:879} INFO - 
--------------------------------------------------------------------------------
[2020-05-04 20:46:44,441] {taskinstance.py:880} INFO - Starting attempt 1 of 2
[2020-05-04 20:46:44,441] {taskinstance.py:881} INFO - 
--------------------------------------------------------------------------------
[2020-05-04 20:46:44,446] {taskinstance.py:900} INFO - Executing <Task(FileSensor): read_file_a> on 2020-05-02T00:00:00+00:00
[2020-05-04 20:46:44,448] {standard_task_runner.py:53} INFO - Started process 10504 to run task
[2020-05-04 20:46:44,485] {logging_mixin.py:112} INFO - Running %s on host %s <TaskInstance: batch_processing.read_file_a 2020-05-02T00:00:00+00:00 [running]> eyrunt-mbp
[2020-05-04 20:46:44,498] {file_sensor.py:60} INFO - Poking for file /Desktop/ftp_imports
[2020-05-04 20:47:14,504] {file_sensor.py:60} INFO - Poking for file /Desktop/ftp_imports
[2020-05-04 20:47:44,512] {file_sensor.py:60} INFO - Poking for file /Desktop/ftp_imports
[2020-05-04 20:48:14,517] {file_sensor.py:60} INFO - Poking for file /Desktop/ftp_imports
[2020-05-04 20:48:44,523] {file_sensor.py:60} INFO - Poking for file /Desktop/ftp_imports
[2020-05-04 20:49:14,530] {file_sensor.py:60} INFO - Poking for file /Desktop/ftp_imports
[2020-05-04 20:49:44,538] {file_sensor.py:60} INFO - Poking for file /Desktop/ftp_imports
[2020-05-04 20:50:14,545] {file_sensor.py:60} INFO - Poking for file /Desktop/ftp_imports
[2020-05-04 20:50:44,550] {file_sensor.py:60} INFO - Poking for file /Desktop/ftp_imports
[2020-05-04 20:51:14,556] {file_sensor.py:60} INFO - Poking for file /Desktop/ftp_imports
[2020-05-04 20:51:44,564] {file_sensor.py:60} INFO - Poking for file /Desktop/ftp_imports
[2020-05-04 20:52:14,572] {file_sensor.py:60} INFO - Poking for file /Desktop/ftp_imports
[2020-05-04 20:52:44,579] {file_sensor.py:60} INFO - Poking for file /Desktop/ftp_imports
[2020-05-04 20:53:14,585] {file_sensor.py:60} INFO - Poking for file /Desktop/ftp_imports
[2020-05-04 20:53:44,589] {file_sensor.py:60} INFO - Poking for file /Desktop/ftp_imports
[2020-05-04 20:54:14,595] {file_sensor.py:60} INFO - Poking for file /Desktop/ftp_imports
[2020-05-04 20:54:44,601] {file_sensor.py:60} INFO - Poking for file /Desktop/ftp_imports
[2020-05-04 20:55:14,609] {file_sensor.py:60} INFO - Poking for file /Desktop/ftp_imports
[2020-05-04 20:55:44,613] {file_sensor.py:60} INFO - Poking for file /Desktop/ftp_imports
[2020-05-04 20:56:14,618] {file_sensor.py:60} INFO - Poking for file /Desktop/ftp_imports
[2020-05-04 20:56:44,624] {file_sensor.py:60} INFO - Poking for file /Desktop/ftp_imports
[2020-05-04 20:57:14,628] {file_sensor.py:60} INFO - Poking for file /Desktop/ftp_imports
[2020-05-04 20:57:44,634] {file_sensor.py:60} INFO - Poking for file /Desktop/ftp_imports
[2020-05-04 20:58:14,652] {file_sensor.py:60} INFO - Poking for file /Desktop/ftp_imports
[2020-05-04 20:58:44,658] {file_sensor.py:60} INFO - Poking for file /Desktop/ftp_imports
[2020-05-04 20:59:14,663] {file_sensor.py:60} INFO - Poking for file /Desktop/ftp_imports
[2020-05-04 20:59:44,668] {file_sensor.py:60} INFO - Poking for file /Desktop/ftp_imports
[2020-05-04 21:00:14,671] {file_sensor.py:60} INFO - Poking for file /Desktop/ftp_imports
[2020-05-04 21:00:44,676] {file_sensor.py:60} INFO - Poking for file /Desktop/ftp_imports
[2020-05-04 21:01:14,681] {file_sensor.py:60} INFO - Poking for file /Desktop/ftp_imports
[2020-05-04 21:01:44,688] {file_sensor.py:60} INFO - Poking for file /Desktop/ftp_imports
[2020-05-04 21:02:14,692] {file_sensor.py:60} INFO - Poking for file /Desktop/ftp_imports
[2020-05-04 21:02:44,700] {file_sensor.py:60} INFO - Poking for file /Desktop/ftp_imports
[2020-05-04 21:03:14,706] {file_sensor.py:60} INFO - Poking for file /Desktop/ftp_imports
[2020-05-04 21:03:44,712] {file_sensor.py:60} INFO - Poking for file /Desktop/ftp_imports
[2020-05-04 21:04:14,719] {file_sensor.py:60} INFO - Poking for file /Desktop/ftp_imports
[2020-05-04 21:04:44,726] {file_sensor.py:60} INFO - Poking for file /Desktop/ftp_imports
[2020-05-04 21:05:14,733] {file_sensor.py:60} INFO - Poking for file /Desktop/ftp_imports
[2020-05-04 21:05:44,741] {file_sensor.py:60} INFO - Poking for file /Desktop/ftp_imports
[2020-05-04 21:06:14,750] {file_sensor.py:60} INFO - Poking for file /Desktop/ftp_imports
[2020-05-04 21:06:44,756] {file_sensor.py:60} INFO - Poking for file /Desktop/ftp_imports
[2020-05-04 21:07:14,764] {file_sensor.py:60} INFO - Poking for file /Desktop/ftp_imports
[2020-05-04 21:07:44,771] {file_sensor.py:60} INFO - Poking for file /Desktop/ftp_imports
[2020-05-04 21:08:14,781] {file_sensor.py:60} INFO - Poking for file /Desktop/ftp_imports
[2020-05-04 21:08:44,789] {file_sensor.py:60} INFO - Poking for file /Desktop/ftp_imports
[2020-05-04 21:09:14,799] {file_sensor.py:60} INFO - Poking for file /Desktop/ftp_imports
[2020-05-04 21:09:44,804] {file_sensor.py:60} INFO - Poking for file /Desktop/ftp_imports
[2020-05-04 21:10:14,811] {file_sensor.py:60} INFO - Poking for file /Desktop/ftp_imports
[2020-05-04 21:10:44,818] {file_sensor.py:60} INFO - Poking for file /Desktop/ftp_imports
[2020-05-04 21:11:14,824] {file_sensor.py:60} INFO - Poking for file /Desktop/ftp_imports
[2020-05-04 21:11:44,828] {file_sensor.py:60} INFO - Poking for file /Desktop/ftp_imports
[2020-05-04 21:12:14,835] {file_sensor.py:60} INFO - Poking for file /Desktop/ftp_imports
[2020-05-04 21:12:44,842] {file_sensor.py:60} INFO - Poking for file /Desktop/ftp_imports
[2020-05-04 21:13:14,849] {file_sensor.py:60} INFO - Poking for file /Desktop/ftp_imports
[2020-05-04 21:13:44,854] {file_sensor.py:60} INFO - Poking for file /Desktop/ftp_imports
[2020-05-04 21:14:14,858] {file_sensor.py:60} INFO - Poking for file /Desktop/ftp_imports
[2020-05-04 21:14:44,864] {file_sensor.py:60} INFO - Poking for file /Desktop/ftp_imports
[2020-05-04 21:15:14,870] {file_sensor.py:60} INFO - Poking for file /Desktop/ftp_imports
[2020-05-04 21:15:44,877] {file_sensor.py:60} INFO - Poking for file /Desktop/ftp_imports
[2020-05-04 21:16:14,882] {file_sensor.py:60} INFO - Poking for file /Desktop/ftp_imports
[2020-05-04 21:16:44,890] {file_sensor.py:60} INFO - Poking for file /Desktop/ftp_imports
[2020-05-04 21:17:14,897] {file_sensor.py:60} INFO - Poking for file /Desktop/ftp_imports
[2020-05-04 21:17:44,905] {file_sensor.py:60} INFO - Poking for file /Desktop/ftp_imports
[2020-05-04 21:18:14,909] {file_sensor.py:60} INFO - Poking for file /Desktop/ftp_imports
[2020-05-04 21:18:44,919] {file_sensor.py:60} INFO - Poking for file /Desktop/ftp_imports
[2020-05-04 21:19:14,926] {file_sensor.py:60} INFO - Poking for file /Desktop/ftp_imports
[2020-05-04 21:19:44,931] {file_sensor.py:60} INFO - Poking for file /Desktop/ftp_imports
[2020-05-04 21:20:14,938] {file_sensor.py:60} INFO - Poking for file /Desktop/ftp_imports
[2020-05-04 21:20:44,944] {file_sensor.py:60} INFO - Poking for file /Desktop/ftp_imports
[2020-05-04 21:21:14,951] {file_sensor.py:60} INFO - Poking for file /Desktop/ftp_imports
[2020-05-04 21:21:44,957] {file_sensor.py:60} INFO - Poking for file /Desktop/ftp_imports
[2020-05-04 21:22:14,963] {file_sensor.py:60} INFO - Poking for file /Desktop/ftp_imports
[2020-05-04 21:22:44,968] {file_sensor.py:60} INFO - Poking for file /Desktop/ftp_imports
[2020-05-04 21:23:14,972] {file_sensor.py:60} INFO - Poking for file /Desktop/ftp_imports
[2020-05-04 21:23:44,978] {file_sensor.py:60} INFO - Poking for file /Desktop/ftp_imports
[2020-05-04 21:24:14,984] {file_sensor.py:60} INFO - Poking for file /Desktop/ftp_imports
[2020-05-04 21:24:44,990] {file_sensor.py:60} INFO - Poking for file /Desktop/ftp_imports
[2020-05-04 21:25:14,996] {file_sensor.py:60} INFO - Poking for file /Desktop/ftp_imports
[2020-05-04 21:25:45,002] {file_sensor.py:60} INFO - Poking for file /Desktop/ftp_imports
[2020-05-04 21:26:15,008] {file_sensor.py:60} INFO - Poking for file /Desktop/ftp_imports
[2020-05-04 21:26:45,014] {file_sensor.py:60} INFO - Poking for file /Desktop/ftp_imports
[2020-05-04 21:27:15,021] {file_sensor.py:60} INFO - Poking for file /Desktop/ftp_imports
[2020-05-04 21:27:45,024] {file_sensor.py:60} INFO - Poking for file /Desktop/ftp_imports
[2020-05-04 21:28:15,028] {file_sensor.py:60} INFO - Poking for file /Desktop/ftp_imports
[2020-05-04 21:28:45,032] {file_sensor.py:60} INFO - Poking for file /Desktop/ftp_imports
[2020-05-04 21:29:15,039] {file_sensor.py:60} INFO - Poking for file /Desktop/ftp_imports
[2020-05-04 21:29:45,044] {file_sensor.py:60} INFO - Poking for file /Desktop/ftp_imports
[2020-05-04 21:30:15,049] {file_sensor.py:60} INFO - Poking for file /Desktop/ftp_imports
[2020-05-04 21:30:45,053] {file_sensor.py:60} INFO - Poking for file /Desktop/ftp_imports
[2020-05-04 21:31:15,060] {file_sensor.py:60} INFO - Poking for file /Desktop/ftp_imports
[2020-05-04 21:31:45,064] {file_sensor.py:60} INFO - Poking for file /Desktop/ftp_imports
[2020-05-04 21:32:15,069] {file_sensor.py:60} INFO - Poking for file /Desktop/ftp_imports
[2020-05-04 21:32:45,073] {file_sensor.py:60} INFO - Poking for file /Desktop/ftp_imports
[2020-05-04 21:33:15,077] {file_sensor.py:60} INFO - Poking for file /Desktop/ftp_imports
[2020-05-04 21:33:45,082] {file_sensor.py:60} INFO - Poking for file /Desktop/ftp_imports
[2020-05-04 21:34:15,089] {file_sensor.py:60} INFO - Poking for file /Desktop/ftp_imports
[2020-05-04 21:34:45,096] {file_sensor.py:60} INFO - Poking for file /Desktop/ftp_imports
[2020-05-04 21:35:15,101] {file_sensor.py:60} INFO - Poking for file /Desktop/ftp_imports
[2020-05-04 21:35:45,106] {file_sensor.py:60} INFO - Poking for file /Desktop/ftp_imports
[2020-05-04 21:36:15,113] {file_sensor.py:60} INFO - Poking for file /Desktop/ftp_imports
[2020-05-04 21:36:45,119] {file_sensor.py:60} INFO - Poking for file /Desktop/ftp_imports
[2020-05-04 21:37:15,124] {file_sensor.py:60} INFO - Poking for file /Desktop/ftp_imports
[2020-05-04 21:37:45,130] {file_sensor.py:60} INFO - Poking for file /Desktop/ftp_imports
[2020-05-04 21:38:15,135] {file_sensor.py:60} INFO - Poking for file /Desktop/ftp_imports
[2020-05-04 21:38:45,139] {file_sensor.py:60} INFO - Poking for file /Desktop/ftp_imports
[2020-05-04 21:39:15,143] {file_sensor.py:60} INFO - Poking for file /Desktop/ftp_imports
[2020-05-04 21:39:45,150] {file_sensor.py:60} INFO - Poking for file /Desktop/ftp_imports
[2020-05-04 21:40:15,156] {file_sensor.py:60} INFO - Poking for file /Desktop/ftp_imports
[2020-05-04 21:40:45,163] {file_sensor.py:60} INFO - Poking for file /Desktop/ftp_imports
[2020-05-04 21:41:15,171] {file_sensor.py:60} INFO - Poking for file /Desktop/ftp_imports
[2020-05-04 21:41:45,178] {file_sensor.py:60} INFO - Poking for file /Desktop/ftp_imports
[2020-05-04 21:42:15,185] {file_sensor.py:60} INFO - Poking for file /Desktop/ftp_imports
[2020-05-04 21:42:45,192] {file_sensor.py:60} INFO - Poking for file /Desktop/ftp_imports
[2020-05-04 21:43:15,199] {file_sensor.py:60} INFO - Poking for file /Desktop/ftp_imports
[2020-05-04 21:43:45,205] {file_sensor.py:60} INFO - Poking for file /Desktop/ftp_imports
[2020-05-04 21:44:15,208] {file_sensor.py:60} INFO - Poking for file /Desktop/ftp_imports
[2020-05-04 21:44:45,213] {file_sensor.py:60} INFO - Poking for file /Desktop/ftp_imports
[2020-05-04 21:45:15,220] {file_sensor.py:60} INFO - Poking for file /Desktop/ftp_imports
[2020-05-04 21:45:45,227] {file_sensor.py:60} INFO - Poking for file /Desktop/ftp_imports
[2020-05-04 21:46:15,234] {file_sensor.py:60} INFO - Poking for file /Desktop/ftp_imports
[2020-05-04 21:46:45,241] {file_sensor.py:60} INFO - Poking for file /Desktop/ftp_imports
[2020-05-04 21:47:15,248] {file_sensor.py:60} INFO - Poking for file /Desktop/ftp_imports
[2020-05-04 21:47:45,254] {file_sensor.py:60} INFO - Poking for file /Desktop/ftp_imports
[2020-05-04 21:48:15,261] {file_sensor.py:60} INFO - Poking for file /Desktop/ftp_imports
[2020-05-04 21:48:45,266] {file_sensor.py:60} INFO - Poking for file /Desktop/ftp_imports
[2020-05-04 21:49:15,270] {file_sensor.py:60} INFO - Poking for file /Desktop/ftp_imports
[2020-05-04 21:49:45,276] {file_sensor.py:60} INFO - Poking for file /Desktop/ftp_imports
[2020-05-04 21:50:15,282] {file_sensor.py:60} INFO - Poking for file /Desktop/ftp_imports
[2020-05-04 21:50:45,289] {file_sensor.py:60} INFO - Poking for file /Desktop/ftp_imports
[2020-05-04 21:51:15,294] {file_sensor.py:60} INFO - Poking for file /Desktop/ftp_imports
[2020-05-04 21:51:45,301] {file_sensor.py:60} INFO - Poking for file /Desktop/ftp_imports
[2020-05-04 21:52:15,308] {file_sensor.py:60} INFO - Poking for file /Desktop/ftp_imports
[2020-05-04 21:52:45,314] {file_sensor.py:60} INFO - Poking for file /Desktop/ftp_imports
[2020-05-04 21:53:15,320] {file_sensor.py:60} INFO - Poking for file /Desktop/ftp_imports
[2020-05-04 21:53:45,327] {file_sensor.py:60} INFO - Poking for file /Desktop/ftp_imports
[2020-05-04 21:54:15,331] {file_sensor.py:60} INFO - Poking for file /Desktop/ftp_imports
[2020-05-04 21:54:45,338] {file_sensor.py:60} INFO - Poking for file /Desktop/ftp_imports
[2020-05-04 21:55:15,344] {file_sensor.py:60} INFO - Poking for file /Desktop/ftp_imports
[2020-05-04 21:55:45,348] {file_sensor.py:60} INFO - Poking for file /Desktop/ftp_imports
[2020-05-04 21:56:15,353] {file_sensor.py:60} INFO - Poking for file /Desktop/ftp_imports
[2020-05-04 21:56:45,360] {file_sensor.py:60} INFO - Poking for file /Desktop/ftp_imports
[2020-05-04 21:57:15,367] {file_sensor.py:60} INFO - Poking for file /Desktop/ftp_imports
[2020-05-04 21:57:45,373] {file_sensor.py:60} INFO - Poking for file /Desktop/ftp_imports
[2020-05-04 21:58:15,377] {file_sensor.py:60} INFO - Poking for file /Desktop/ftp_imports
[2020-05-04 21:58:45,382] {file_sensor.py:60} INFO - Poking for file /Desktop/ftp_imports
[2020-05-04 21:59:15,389] {file_sensor.py:60} INFO - Poking for file /Desktop/ftp_imports
[2020-05-04 21:59:45,395] {file_sensor.py:60} INFO - Poking for file /Desktop/ftp_imports
[2020-05-04 22:00:15,399] {file_sensor.py:60} INFO - Poking for file /Desktop/ftp_imports
[2020-05-04 22:00:45,405] {file_sensor.py:60} INFO - Poking for file /Desktop/ftp_imports
[2020-05-04 22:01:15,411] {file_sensor.py:60} INFO - Poking for file /Desktop/ftp_imports
[2020-05-04 22:01:45,415] {file_sensor.py:60} INFO - Poking for file /Desktop/ftp_imports
[2020-05-04 22:02:15,422] {file_sensor.py:60} INFO - Poking for file /Desktop/ftp_imports
[2020-05-04 22:02:45,429] {file_sensor.py:60} INFO - Poking for file /Desktop/ftp_imports
[2020-05-04 22:03:15,433] {file_sensor.py:60} INFO - Poking for file /Desktop/ftp_imports
[2020-05-04 22:03:45,440] {file_sensor.py:60} INFO - Poking for file /Desktop/ftp_imports
[2020-05-04 22:04:15,444] {file_sensor.py:60} INFO - Poking for file /Desktop/ftp_imports
[2020-05-04 22:04:45,448] {file_sensor.py:60} INFO - Poking for file /Desktop/ftp_imports
[2020-05-04 22:05:15,452] {file_sensor.py:60} INFO - Poking for file /Desktop/ftp_imports
[2020-05-04 22:05:45,464] {file_sensor.py:60} INFO - Poking for file /Desktop/ftp_imports
[2020-05-04 22:06:15,473] {file_sensor.py:60} INFO - Poking for file /Desktop/ftp_imports
[2020-05-04 22:06:45,478] {file_sensor.py:60} INFO - Poking for file /Desktop/ftp_imports
[2020-05-04 22:07:15,485] {file_sensor.py:60} INFO - Poking for file /Desktop/ftp_imports
[2020-05-04 22:07:45,492] {file_sensor.py:60} INFO - Poking for file /Desktop/ftp_imports
[2020-05-04 22:08:15,497] {file_sensor.py:60} INFO - Poking for file /Desktop/ftp_imports
[2020-05-04 22:08:45,504] {file_sensor.py:60} INFO - Poking for file /Desktop/ftp_imports
[2020-05-04 22:09:15,510] {file_sensor.py:60} INFO - Poking for file /Desktop/ftp_imports
[2020-05-04 22:09:45,517] {file_sensor.py:60} INFO - Poking for file /Desktop/ftp_imports
[2020-05-04 22:10:15,521] {file_sensor.py:60} INFO - Poking for file /Desktop/ftp_imports
[2020-05-04 22:10:45,528] {file_sensor.py:60} INFO - Poking for file /Desktop/ftp_imports
[2020-05-04 22:11:15,534] {file_sensor.py:60} INFO - Poking for file /Desktop/ftp_imports
[2020-05-04 22:11:45,540] {file_sensor.py:60} INFO - Poking for file /Desktop/ftp_imports
[2020-05-04 22:12:15,547] {file_sensor.py:60} INFO - Poking for file /Desktop/ftp_imports
[2020-05-04 22:12:45,553] {file_sensor.py:60} INFO - Poking for file /Desktop/ftp_imports
[2020-05-04 22:13:15,557] {file_sensor.py:60} INFO - Poking for file /Desktop/ftp_imports
[2020-05-04 22:13:45,564] {file_sensor.py:60} INFO - Poking for file /Desktop/ftp_imports
[2020-05-04 22:14:15,567] {file_sensor.py:60} INFO - Poking for file /Desktop/ftp_imports
[2020-05-04 22:14:45,572] {file_sensor.py:60} INFO - Poking for file /Desktop/ftp_imports
[2020-05-04 22:15:15,578] {file_sensor.py:60} INFO - Poking for file /Desktop/ftp_imports
[2020-05-04 22:15:45,584] {file_sensor.py:60} INFO - Poking for file /Desktop/ftp_imports
[2020-05-04 22:16:15,592] {file_sensor.py:60} INFO - Poking for file /Desktop/ftp_imports
[2020-05-04 22:16:45,597] {file_sensor.py:60} INFO - Poking for file /Desktop/ftp_imports
[2020-05-04 22:17:15,602] {file_sensor.py:60} INFO - Poking for file /Desktop/ftp_imports
[2020-05-04 22:17:45,605] {file_sensor.py:60} INFO - Poking for file /Desktop/ftp_imports
[2020-05-04 22:18:15,612] {file_sensor.py:60} INFO - Poking for file /Desktop/ftp_imports
[2020-05-04 22:18:45,620] {file_sensor.py:60} INFO - Poking for file /Desktop/ftp_imports
[2020-05-04 22:19:15,626] {file_sensor.py:60} INFO - Poking for file /Desktop/ftp_imports
[2020-05-04 22:19:45,631] {file_sensor.py:60} INFO - Poking for file /Desktop/ftp_imports
[2020-05-04 22:20:15,637] {file_sensor.py:60} INFO - Poking for file /Desktop/ftp_imports
[2020-05-04 22:20:45,643] {file_sensor.py:60} INFO - Poking for file /Desktop/ftp_imports
[2020-05-04 22:21:15,649] {file_sensor.py:60} INFO - Poking for file /Desktop/ftp_imports
[2020-05-04 22:21:45,656] {file_sensor.py:60} INFO - Poking for file /Desktop/ftp_imports
[2020-05-04 22:22:15,662] {file_sensor.py:60} INFO - Poking for file /Desktop/ftp_imports
[2020-05-04 22:22:45,667] {file_sensor.py:60} INFO - Poking for file /Desktop/ftp_imports
[2020-05-04 22:23:15,675] {file_sensor.py:60} INFO - Poking for file /Desktop/ftp_imports
[2020-05-04 22:23:45,681] {file_sensor.py:60} INFO - Poking for file /Desktop/ftp_imports
[2020-05-04 22:24:15,687] {file_sensor.py:60} INFO - Poking for file /Desktop/ftp_imports
[2020-05-04 22:24:45,693] {file_sensor.py:60} INFO - Poking for file /Desktop/ftp_imports
[2020-05-04 22:25:15,698] {file_sensor.py:60} INFO - Poking for file /Desktop/ftp_imports
[2020-05-04 22:25:45,703] {file_sensor.py:60} INFO - Poking for file /Desktop/ftp_imports
[2020-05-04 22:26:15,710] {file_sensor.py:60} INFO - Poking for file /Desktop/ftp_imports
[2020-05-04 22:26:45,715] {file_sensor.py:60} INFO - Poking for file /Desktop/ftp_imports
[2020-05-04 22:27:15,723] {file_sensor.py:60} INFO - Poking for file /Desktop/ftp_imports
[2020-05-04 22:27:45,729] {file_sensor.py:60} INFO - Poking for file /Desktop/ftp_imports
[2020-05-04 22:28:15,736] {file_sensor.py:60} INFO - Poking for file /Desktop/ftp_imports
[2020-05-04 22:28:45,740] {file_sensor.py:60} INFO - Poking for file /Desktop/ftp_imports
[2020-05-04 22:29:15,745] {file_sensor.py:60} INFO - Poking for file /Desktop/ftp_imports
[2020-05-04 22:29:45,750] {file_sensor.py:60} INFO - Poking for file /Desktop/ftp_imports
[2020-05-04 22:30:15,755] {file_sensor.py:60} INFO - Poking for file /Desktop/ftp_imports
[2020-05-04 22:30:45,761] {file_sensor.py:60} INFO - Poking for file /Desktop/ftp_imports
[2020-05-04 22:31:15,766] {file_sensor.py:60} INFO - Poking for file /Desktop/ftp_imports
[2020-05-04 22:31:45,770] {file_sensor.py:60} INFO - Poking for file /Desktop/ftp_imports
[2020-05-04 22:32:15,775] {file_sensor.py:60} INFO - Poking for file /Desktop/ftp_imports
[2020-05-04 22:32:45,779] {file_sensor.py:60} INFO - Poking for file /Desktop/ftp_imports
[2020-05-04 22:33:15,783] {file_sensor.py:60} INFO - Poking for file /Desktop/ftp_imports
[2020-05-04 22:33:45,790] {file_sensor.py:60} INFO - Poking for file /Desktop/ftp_imports
[2020-05-04 22:34:15,795] {file_sensor.py:60} INFO - Poking for file /Desktop/ftp_imports
[2020-05-04 22:34:45,800] {file_sensor.py:60} INFO - Poking for file /Desktop/ftp_imports
[2020-05-04 22:35:15,806] {file_sensor.py:60} INFO - Poking for file /Desktop/ftp_imports
[2020-05-04 22:35:45,814] {file_sensor.py:60} INFO - Poking for file /Desktop/ftp_imports
[2020-05-04 22:36:15,823] {file_sensor.py:60} INFO - Poking for file /Desktop/ftp_imports
[2020-05-04 22:36:45,830] {file_sensor.py:60} INFO - Poking for file /Desktop/ftp_imports
[2020-05-04 22:37:15,837] {file_sensor.py:60} INFO - Poking for file /Desktop/ftp_imports
[2020-05-04 22:37:45,842] {file_sensor.py:60} INFO - Poking for file /Desktop/ftp_imports
[2020-05-04 22:38:15,849] {file_sensor.py:60} INFO - Poking for file /Desktop/ftp_imports
[2020-05-04 22:38:45,853] {file_sensor.py:60} INFO - Poking for file /Desktop/ftp_imports
[2020-05-04 22:39:15,858] {file_sensor.py:60} INFO - Poking for file /Desktop/ftp_imports
[2020-05-04 22:39:45,861] {file_sensor.py:60} INFO - Poking for file /Desktop/ftp_imports
[2020-05-04 22:40:15,867] {file_sensor.py:60} INFO - Poking for file /Desktop/ftp_imports
[2020-05-04 22:40:45,873] {file_sensor.py:60} INFO - Poking for file /Desktop/ftp_imports
[2020-05-04 22:41:15,878] {file_sensor.py:60} INFO - Poking for file /Desktop/ftp_imports
[2020-05-04 22:41:45,884] {file_sensor.py:60} INFO - Poking for file /Desktop/ftp_imports
[2020-05-04 22:42:15,890] {file_sensor.py:60} INFO - Poking for file /Desktop/ftp_imports
[2020-05-04 22:42:45,896] {file_sensor.py:60} INFO - Poking for file /Desktop/ftp_imports
[2020-05-04 22:43:15,903] {file_sensor.py:60} INFO - Poking for file /Desktop/ftp_imports
[2020-05-04 22:43:45,910] {file_sensor.py:60} INFO - Poking for file /Desktop/ftp_imports
[2020-05-04 22:44:15,917] {file_sensor.py:60} INFO - Poking for file /Desktop/ftp_imports
[2020-05-04 22:44:45,923] {file_sensor.py:60} INFO - Poking for file /Desktop/ftp_imports
[2020-05-04 22:45:15,929] {file_sensor.py:60} INFO - Poking for file /Desktop/ftp_imports
[2020-05-04 22:45:45,936] {file_sensor.py:60} INFO - Poking for file /Desktop/ftp_imports
[2020-05-04 22:46:15,943] {file_sensor.py:60} INFO - Poking for file /Desktop/ftp_imports
[2020-05-04 22:46:45,949] {file_sensor.py:60} INFO - Poking for file /Desktop/ftp_imports
[2020-05-04 22:47:15,953] {file_sensor.py:60} INFO - Poking for file /Desktop/ftp_imports
[2020-05-04 22:47:45,961] {file_sensor.py:60} INFO - Poking for file /Desktop/ftp_imports
[2020-05-04 22:48:15,967] {file_sensor.py:60} INFO - Poking for file /Desktop/ftp_imports
[2020-05-04 22:48:45,973] {file_sensor.py:60} INFO - Poking for file /Desktop/ftp_imports
[2020-05-04 22:49:15,980] {file_sensor.py:60} INFO - Poking for file /Desktop/ftp_imports
[2020-05-04 22:49:45,987] {file_sensor.py:60} INFO - Poking for file /Desktop/ftp_imports
[2020-05-04 22:50:15,994] {file_sensor.py:60} INFO - Poking for file /Desktop/ftp_imports
[2020-05-04 22:50:45,998] {file_sensor.py:60} INFO - Poking for file /Desktop/ftp_imports
[2020-05-04 22:51:16,012] {file_sensor.py:60} INFO - Poking for file /Desktop/ftp_imports
[2020-05-04 22:51:46,021] {file_sensor.py:60} INFO - Poking for file /Desktop/ftp_imports
[2020-05-04 22:52:16,025] {file_sensor.py:60} INFO - Poking for file /Desktop/ftp_imports
[2020-05-04 22:52:46,032] {file_sensor.py:60} INFO - Poking for file /Desktop/ftp_imports
[2020-05-04 22:53:16,037] {file_sensor.py:60} INFO - Poking for file /Desktop/ftp_imports
[2020-05-04 22:53:46,044] {file_sensor.py:60} INFO - Poking for file /Desktop/ftp_imports
[2020-05-04 22:54:16,051] {file_sensor.py:60} INFO - Poking for file /Desktop/ftp_imports
[2020-05-04 22:54:46,057] {file_sensor.py:60} INFO - Poking for file /Desktop/ftp_imports
[2020-05-04 22:55:16,063] {file_sensor.py:60} INFO - Poking for file /Desktop/ftp_imports
[2020-05-04 22:55:46,067] {file_sensor.py:60} INFO - Poking for file /Desktop/ftp_imports
[2020-05-04 22:56:16,071] {file_sensor.py:60} INFO - Poking for file /Desktop/ftp_imports
[2020-05-04 22:56:46,077] {file_sensor.py:60} INFO - Poking for file /Desktop/ftp_imports
[2020-05-04 22:57:16,084] {file_sensor.py:60} INFO - Poking for file /Desktop/ftp_imports
[2020-05-04 22:57:46,091] {file_sensor.py:60} INFO - Poking for file /Desktop/ftp_imports
[2020-05-04 22:58:16,096] {file_sensor.py:60} INFO - Poking for file /Desktop/ftp_imports
[2020-05-04 22:58:46,104] {file_sensor.py:60} INFO - Poking for file /Desktop/ftp_imports
[2020-05-04 22:59:16,111] {file_sensor.py:60} INFO - Poking for file /Desktop/ftp_imports
[2020-05-04 22:59:46,117] {file_sensor.py:60} INFO - Poking for file /Desktop/ftp_imports
[2020-05-04 23:00:16,121] {file_sensor.py:60} INFO - Poking for file /Desktop/ftp_imports
[2020-05-04 23:00:46,127] {file_sensor.py:60} INFO - Poking for file /Desktop/ftp_imports
[2020-05-04 23:01:16,135] {file_sensor.py:60} INFO - Poking for file /Desktop/ftp_imports
[2020-05-04 23:01:46,142] {file_sensor.py:60} INFO - Poking for file /Desktop/ftp_imports
[2020-05-04 23:02:16,147] {file_sensor.py:60} INFO - Poking for file /Desktop/ftp_imports
[2020-05-04 23:02:46,151] {file_sensor.py:60} INFO - Poking for file /Desktop/ftp_imports
[2020-05-04 23:03:16,156] {file_sensor.py:60} INFO - Poking for file /Desktop/ftp_imports
[2020-05-04 23:03:46,163] {file_sensor.py:60} INFO - Poking for file /Desktop/ftp_imports
[2020-05-04 23:04:16,167] {file_sensor.py:60} INFO - Poking for file /Desktop/ftp_imports
[2020-05-04 23:04:46,173] {file_sensor.py:60} INFO - Poking for file /Desktop/ftp_imports
[2020-05-04 23:05:16,180] {file_sensor.py:60} INFO - Poking for file /Desktop/ftp_imports
[2020-05-04 23:05:46,188] {file_sensor.py:60} INFO - Poking for file /Desktop/ftp_imports
[2020-05-04 23:06:16,199] {file_sensor.py:60} INFO - Poking for file /Desktop/ftp_imports
[2020-05-04 23:06:46,205] {file_sensor.py:60} INFO - Poking for file /Desktop/ftp_imports
[2020-05-04 23:07:16,211] {file_sensor.py:60} INFO - Poking for file /Desktop/ftp_imports
[2020-05-04 23:07:46,218] {file_sensor.py:60} INFO - Poking for file /Desktop/ftp_imports
[2020-05-04 23:08:16,223] {file_sensor.py:60} INFO - Poking for file /Desktop/ftp_imports
[2020-05-04 23:08:46,230] {file_sensor.py:60} INFO - Poking for file /Desktop/ftp_imports
[2020-05-04 23:09:16,237] {file_sensor.py:60} INFO - Poking for file /Desktop/ftp_imports
[2020-05-04 23:09:46,243] {file_sensor.py:60} INFO - Poking for file /Desktop/ftp_imports
[2020-05-04 23:10:16,249] {file_sensor.py:60} INFO - Poking for file /Desktop/ftp_imports
[2020-05-04 23:10:46,256] {file_sensor.py:60} INFO - Poking for file /Desktop/ftp_imports
[2020-05-04 23:11:16,263] {file_sensor.py:60} INFO - Poking for file /Desktop/ftp_imports
[2020-05-04 23:11:46,270] {file_sensor.py:60} INFO - Poking for file /Desktop/ftp_imports
[2020-05-04 23:12:16,278] {file_sensor.py:60} INFO - Poking for file /Desktop/ftp_imports
[2020-05-04 23:12:46,284] {file_sensor.py:60} INFO - Poking for file /Desktop/ftp_imports
[2020-05-04 23:13:16,291] {file_sensor.py:60} INFO - Poking for file /Desktop/ftp_imports
[2020-05-04 23:13:46,299] {file_sensor.py:60} INFO - Poking for file /Desktop/ftp_imports
[2020-05-04 23:14:16,308] {file_sensor.py:60} INFO - Poking for file /Desktop/ftp_imports
[2020-05-04 23:14:46,314] {file_sensor.py:60} INFO - Poking for file /Desktop/ftp_imports
[2020-05-04 23:15:16,321] {file_sensor.py:60} INFO - Poking for file /Desktop/ftp_imports
[2020-05-04 23:15:46,327] {file_sensor.py:60} INFO - Poking for file /Desktop/ftp_imports
[2020-05-04 23:16:16,335] {file_sensor.py:60} INFO - Poking for file /Desktop/ftp_imports
[2020-05-04 23:16:46,342] {file_sensor.py:60} INFO - Poking for file /Desktop/ftp_imports
[2020-05-04 23:17:16,348] {file_sensor.py:60} INFO - Poking for file /Desktop/ftp_imports
[2020-05-04 23:17:46,354] {file_sensor.py:60} INFO - Poking for file /Desktop/ftp_imports
[2020-05-04 23:18:16,358] {file_sensor.py:60} INFO - Poking for file /Desktop/ftp_imports
[2020-05-04 23:18:46,364] {file_sensor.py:60} INFO - Poking for file /Desktop/ftp_imports
[2020-05-04 23:19:16,372] {file_sensor.py:60} INFO - Poking for file /Desktop/ftp_imports
[2020-05-04 23:19:46,376] {file_sensor.py:60} INFO - Poking for file /Desktop/ftp_imports
[2020-05-04 23:20:16,383] {file_sensor.py:60} INFO - Poking for file /Desktop/ftp_imports
[2020-05-04 23:20:46,390] {file_sensor.py:60} INFO - Poking for file /Desktop/ftp_imports
[2020-05-04 23:21:16,398] {file_sensor.py:60} INFO - Poking for file /Desktop/ftp_imports
[2020-05-04 23:21:46,404] {file_sensor.py:60} INFO - Poking for file /Desktop/ftp_imports
[2020-05-04 23:22:16,408] {file_sensor.py:60} INFO - Poking for file /Desktop/ftp_imports
[2020-05-04 23:22:46,415] {file_sensor.py:60} INFO - Poking for file /Desktop/ftp_imports
[2020-05-04 23:23:16,421] {file_sensor.py:60} INFO - Poking for file /Desktop/ftp_imports
[2020-05-04 23:23:46,429] {file_sensor.py:60} INFO - Poking for file /Desktop/ftp_imports
[2020-05-04 23:24:16,434] {file_sensor.py:60} INFO - Poking for file /Desktop/ftp_imports
[2020-05-04 23:24:46,440] {file_sensor.py:60} INFO - Poking for file /Desktop/ftp_imports
[2020-05-04 23:25:16,447] {file_sensor.py:60} INFO - Poking for file /Desktop/ftp_imports
[2020-05-04 23:25:46,454] {file_sensor.py:60} INFO - Poking for file /Desktop/ftp_imports
[2020-05-04 23:26:16,459] {file_sensor.py:60} INFO - Poking for file /Desktop/ftp_imports
[2020-05-04 23:26:46,467] {file_sensor.py:60} INFO - Poking for file /Desktop/ftp_imports
[2020-05-04 23:27:16,474] {file_sensor.py:60} INFO - Poking for file /Desktop/ftp_imports
[2020-05-04 23:27:46,478] {file_sensor.py:60} INFO - Poking for file /Desktop/ftp_imports
[2020-05-04 23:28:16,484] {file_sensor.py:60} INFO - Poking for file /Desktop/ftp_imports
[2020-05-04 23:28:46,490] {file_sensor.py:60} INFO - Poking for file /Desktop/ftp_imports
[2020-05-04 23:29:16,496] {file_sensor.py:60} INFO - Poking for file /Desktop/ftp_imports
[2020-05-04 23:29:46,503] {file_sensor.py:60} INFO - Poking for file /Desktop/ftp_imports
[2020-05-04 23:30:16,510] {file_sensor.py:60} INFO - Poking for file /Desktop/ftp_imports
[2020-05-04 23:30:46,517] {file_sensor.py:60} INFO - Poking for file /Desktop/ftp_imports
[2020-05-04 23:31:16,524] {file_sensor.py:60} INFO - Poking for file /Desktop/ftp_imports
[2020-05-04 23:31:46,528] {file_sensor.py:60} INFO - Poking for file /Desktop/ftp_imports
[2020-05-04 23:32:16,534] {file_sensor.py:60} INFO - Poking for file /Desktop/ftp_imports
[2020-05-04 23:32:46,540] {file_sensor.py:60} INFO - Poking for file /Desktop/ftp_imports
[2020-05-04 23:33:16,548] {file_sensor.py:60} INFO - Poking for file /Desktop/ftp_imports
[2020-05-04 23:33:46,553] {file_sensor.py:60} INFO - Poking for file /Desktop/ftp_imports
[2020-05-04 23:34:16,557] {file_sensor.py:60} INFO - Poking for file /Desktop/ftp_imports
[2020-05-04 23:34:46,560] {file_sensor.py:60} INFO - Poking for file /Desktop/ftp_imports
[2020-05-04 23:35:16,563] {file_sensor.py:60} INFO - Poking for file /Desktop/ftp_imports
[2020-05-04 23:35:46,566] {file_sensor.py:60} INFO - Poking for file /Desktop/ftp_imports
[2020-05-04 23:36:16,572] {file_sensor.py:60} INFO - Poking for file /Desktop/ftp_imports
[2020-05-04 23:36:46,579] {file_sensor.py:60} INFO - Poking for file /Desktop/ftp_imports
[2020-05-04 23:37:16,583] {file_sensor.py:60} INFO - Poking for file /Desktop/ftp_imports
[2020-05-04 23:37:46,590] {file_sensor.py:60} INFO - Poking for file /Desktop/ftp_imports
[2020-05-04 23:38:16,597] {file_sensor.py:60} INFO - Poking for file /Desktop/ftp_imports
[2020-05-04 23:38:46,603] {file_sensor.py:60} INFO - Poking for file /Desktop/ftp_imports
[2020-05-04 23:39:16,610] {file_sensor.py:60} INFO - Poking for file /Desktop/ftp_imports
[2020-05-04 23:39:46,617] {file_sensor.py:60} INFO - Poking for file /Desktop/ftp_imports
[2020-05-04 23:40:16,621] {file_sensor.py:60} INFO - Poking for file /Desktop/ftp_imports
[2020-05-04 23:40:46,628] {file_sensor.py:60} INFO - Poking for file /Desktop/ftp_imports
[2020-05-04 23:41:16,634] {file_sensor.py:60} INFO - Poking for file /Desktop/ftp_imports
[2020-05-04 23:41:46,643] {file_sensor.py:60} INFO - Poking for file /Desktop/ftp_imports
[2020-05-04 23:42:16,650] {file_sensor.py:60} INFO - Poking for file /Desktop/ftp_imports
[2020-05-04 23:42:46,655] {file_sensor.py:60} INFO - Poking for file /Desktop/ftp_imports
[2020-05-04 23:43:16,658] {file_sensor.py:60} INFO - Poking for file /Desktop/ftp_imports
[2020-05-04 23:43:46,666] {file_sensor.py:60} INFO - Poking for file /Desktop/ftp_imports
[2020-05-04 23:44:16,673] {file_sensor.py:60} INFO - Poking for file /Desktop/ftp_imports
[2020-05-04 23:44:46,677] {file_sensor.py:60} INFO - Poking for file /Desktop/ftp_imports
[2020-05-04 23:45:16,681] {file_sensor.py:60} INFO - Poking for file /Desktop/ftp_imports
[2020-05-04 23:45:46,688] {file_sensor.py:60} INFO - Poking for file /Desktop/ftp_imports
[2020-05-04 23:46:16,692] {file_sensor.py:60} INFO - Poking for file /Desktop/ftp_imports
[2020-05-04 23:46:46,699] {file_sensor.py:60} INFO - Poking for file /Desktop/ftp_imports
[2020-05-04 23:47:16,704] {file_sensor.py:60} INFO - Poking for file /Desktop/ftp_imports
[2020-05-04 23:47:46,711] {file_sensor.py:60} INFO - Poking for file /Desktop/ftp_imports
[2020-05-04 23:48:16,717] {file_sensor.py:60} INFO - Poking for file /Desktop/ftp_imports
[2020-05-04 23:48:46,721] {file_sensor.py:60} INFO - Poking for file /Desktop/ftp_imports
[2020-05-04 23:49:16,724] {file_sensor.py:60} INFO - Poking for file /Desktop/ftp_imports
[2020-05-04 23:49:46,730] {file_sensor.py:60} INFO - Poking for file /Desktop/ftp_imports
[2020-05-04 23:50:16,738] {file_sensor.py:60} INFO - Poking for file /Desktop/ftp_imports
[2020-05-04 23:50:46,742] {file_sensor.py:60} INFO - Poking for file /Desktop/ftp_imports
[2020-05-04 23:51:16,755] {file_sensor.py:60} INFO - Poking for file /Desktop/ftp_imports
[2020-05-04 23:51:46,762] {file_sensor.py:60} INFO - Poking for file /Desktop/ftp_imports
[2020-05-04 23:52:16,769] {file_sensor.py:60} INFO - Poking for file /Desktop/ftp_imports
[2020-05-04 23:52:46,774] {file_sensor.py:60} INFO - Poking for file /Desktop/ftp_imports
[2020-05-04 23:53:16,781] {file_sensor.py:60} INFO - Poking for file /Desktop/ftp_imports
[2020-05-04 23:53:46,788] {file_sensor.py:60} INFO - Poking for file /Desktop/ftp_imports
[2020-05-04 23:54:16,794] {file_sensor.py:60} INFO - Poking for file /Desktop/ftp_imports
[2020-05-04 23:54:46,801] {file_sensor.py:60} INFO - Poking for file /Desktop/ftp_imports
[2020-05-04 23:55:16,804] {file_sensor.py:60} INFO - Poking for file /Desktop/ftp_imports
[2020-05-04 23:55:46,810] {file_sensor.py:60} INFO - Poking for file /Desktop/ftp_imports
[2020-05-04 23:56:16,817] {file_sensor.py:60} INFO - Poking for file /Desktop/ftp_imports
[2020-05-04 23:56:46,823] {file_sensor.py:60} INFO - Poking for file /Desktop/ftp_imports
[2020-05-04 23:57:16,829] {file_sensor.py:60} INFO - Poking for file /Desktop/ftp_imports
[2020-05-04 23:57:46,835] {file_sensor.py:60} INFO - Poking for file /Desktop/ftp_imports
[2020-05-04 23:58:16,840] {file_sensor.py:60} INFO - Poking for file /Desktop/ftp_imports
[2020-05-04 23:58:46,845] {file_sensor.py:60} INFO - Poking for file /Desktop/ftp_imports
[2020-05-04 23:59:16,853] {file_sensor.py:60} INFO - Poking for file /Desktop/ftp_imports
[2020-05-04 23:59:46,858] {file_sensor.py:60} INFO - Poking for file /Desktop/ftp_imports
[2020-05-05 00:00:16,863] {file_sensor.py:60} INFO - Poking for file /Desktop/ftp_imports
[2020-05-05 00:00:46,869] {file_sensor.py:60} INFO - Poking for file /Desktop/ftp_imports
[2020-05-05 00:01:16,875] {file_sensor.py:60} INFO - Poking for file /Desktop/ftp_imports
[2020-05-05 00:01:46,880] {file_sensor.py:60} INFO - Poking for file /Desktop/ftp_imports
[2020-05-05 00:02:16,884] {file_sensor.py:60} INFO - Poking for file /Desktop/ftp_imports
[2020-05-05 00:02:46,892] {file_sensor.py:60} INFO - Poking for file /Desktop/ftp_imports
[2020-05-05 00:03:16,898] {file_sensor.py:60} INFO - Poking for file /Desktop/ftp_imports
[2020-05-05 00:03:46,903] {file_sensor.py:60} INFO - Poking for file /Desktop/ftp_imports
[2020-05-05 00:04:16,912] {file_sensor.py:60} INFO - Poking for file /Desktop/ftp_imports
[2020-05-05 00:04:46,917] {file_sensor.py:60} INFO - Poking for file /Desktop/ftp_imports
[2020-05-05 00:05:16,921] {file_sensor.py:60} INFO - Poking for file /Desktop/ftp_imports
[2020-05-05 00:05:46,927] {file_sensor.py:60} INFO - Poking for file /Desktop/ftp_imports
[2020-05-05 00:06:16,940] {file_sensor.py:60} INFO - Poking for file /Desktop/ftp_imports
[2020-05-05 00:06:46,947] {file_sensor.py:60} INFO - Poking for file /Desktop/ftp_imports
[2020-05-05 00:07:16,954] {file_sensor.py:60} INFO - Poking for file /Desktop/ftp_imports
[2020-05-05 00:07:46,958] {file_sensor.py:60} INFO - Poking for file /Desktop/ftp_imports
[2020-05-05 00:08:16,962] {file_sensor.py:60} INFO - Poking for file /Desktop/ftp_imports
[2020-05-05 00:08:46,968] {file_sensor.py:60} INFO - Poking for file /Desktop/ftp_imports
[2020-05-05 00:09:16,974] {file_sensor.py:60} INFO - Poking for file /Desktop/ftp_imports
[2020-05-05 00:09:46,980] {file_sensor.py:60} INFO - Poking for file /Desktop/ftp_imports
[2020-05-05 00:10:16,987] {file_sensor.py:60} INFO - Poking for file /Desktop/ftp_imports
[2020-05-05 00:10:46,994] {file_sensor.py:60} INFO - Poking for file /Desktop/ftp_imports
[2020-05-05 00:11:17,001] {file_sensor.py:60} INFO - Poking for file /Desktop/ftp_imports
[2020-05-05 00:11:47,008] {file_sensor.py:60} INFO - Poking for file /Desktop/ftp_imports
[2020-05-05 00:12:17,015] {file_sensor.py:60} INFO - Poking for file /Desktop/ftp_imports
[2020-05-05 00:12:47,021] {file_sensor.py:60} INFO - Poking for file /Desktop/ftp_imports
[2020-05-05 00:13:17,026] {file_sensor.py:60} INFO - Poking for file /Desktop/ftp_imports
[2020-05-05 00:13:47,032] {file_sensor.py:60} INFO - Poking for file /Desktop/ftp_imports
[2020-05-05 00:14:17,037] {file_sensor.py:60} INFO - Poking for file /Desktop/ftp_imports
[2020-05-05 00:14:47,041] {file_sensor.py:60} INFO - Poking for file /Desktop/ftp_imports
[2020-05-05 00:15:17,048] {file_sensor.py:60} INFO - Poking for file /Desktop/ftp_imports
[2020-05-05 00:15:47,054] {file_sensor.py:60} INFO - Poking for file /Desktop/ftp_imports
[2020-05-05 00:16:17,061] {file_sensor.py:60} INFO - Poking for file /Desktop/ftp_imports
[2020-05-05 00:16:47,065] {file_sensor.py:60} INFO - Poking for file /Desktop/ftp_imports
[2020-05-05 00:17:17,071] {file_sensor.py:60} INFO - Poking for file /Desktop/ftp_imports
[2020-05-05 00:17:47,077] {file_sensor.py:60} INFO - Poking for file /Desktop/ftp_imports
[2020-05-05 00:18:17,085] {file_sensor.py:60} INFO - Poking for file /Desktop/ftp_imports
[2020-05-05 00:18:47,092] {file_sensor.py:60} INFO - Poking for file /Desktop/ftp_imports
[2020-05-05 00:19:17,095] {file_sensor.py:60} INFO - Poking for file /Desktop/ftp_imports
[2020-05-05 00:19:47,102] {file_sensor.py:60} INFO - Poking for file /Desktop/ftp_imports
[2020-05-05 00:20:17,109] {file_sensor.py:60} INFO - Poking for file /Desktop/ftp_imports
[2020-05-05 00:20:47,115] {file_sensor.py:60} INFO - Poking for file /Desktop/ftp_imports
[2020-05-05 00:21:17,125] {file_sensor.py:60} INFO - Poking for file /Desktop/ftp_imports
[2020-05-05 00:21:47,135] {file_sensor.py:60} INFO - Poking for file /Desktop/ftp_imports
[2020-05-05 00:22:17,142] {file_sensor.py:60} INFO - Poking for file /Desktop/ftp_imports
[2020-05-05 00:22:47,171] {taskinstance.py:1145} ERROR - (sqlite3.OperationalError) no such table: connection
[SQL: SELECT connection.password AS connection_password, connection.extra AS connection_extra, connection.id AS connection_id, connection.conn_id AS connection_conn_id, connection.conn_type AS connection_conn_type, connection.host AS connection_host, connection.schema AS connection_schema, connection.login AS connection_login, connection.port AS connection_port, connection.is_encrypted AS connection_is_encrypted, connection.is_extra_encrypted AS connection_is_extra_encrypted 
FROM connection 
WHERE connection.conn_id = ?]
[parameters: ('fs_default',)]
(Background on this error at: http://sqlalche.me/e/e3q8)
Traceback (most recent call last):
  File "/usr/local/lib/python3.7/site-packages/sqlalchemy/engine/base.py", line 1248, in _execute_context
    cursor, statement, parameters, context
  File "/usr/local/lib/python3.7/site-packages/sqlalchemy/engine/default.py", line 590, in do_execute
    cursor.execute(statement, parameters)
sqlite3.OperationalError: no such table: connection

The above exception was the direct cause of the following exception:

Traceback (most recent call last):
  File "/usr/local/lib/python3.7/site-packages/airflow/models/taskinstance.py", line 983, in _run_raw_task
    result = task_copy.execute(context=context)
  File "/usr/local/lib/python3.7/site-packages/airflow/sensors/base_sensor_operator.py", line 107, in execute
    while not self.poke(context):
  File "/usr/local/lib/python3.7/site-packages/airflow/contrib/sensors/file_sensor.py", line 57, in poke
    hook = FSHook(self.fs_conn_id)
  File "/usr/local/lib/python3.7/site-packages/airflow/contrib/hooks/fs_hook.py", line 38, in __init__
    conn = self.get_connection(conn_id)
  File "/usr/local/lib/python3.7/site-packages/airflow/hooks/base_hook.py", line 84, in get_connection
    conn = random.choice(list(cls.get_connections(conn_id)))
  File "/usr/local/lib/python3.7/site-packages/airflow/hooks/base_hook.py", line 80, in get_connections
    return secrets.get_connections(conn_id)
  File "/usr/local/lib/python3.7/site-packages/airflow/secrets/__init__.py", line 52, in get_connections
    conn_list = secrets_backend.get_connections(conn_id=conn_id)
  File "/usr/local/lib/python3.7/site-packages/airflow/utils/db.py", line 74, in wrapper
    return func(*args, **kwargs)
  File "/usr/local/lib/python3.7/site-packages/airflow/secrets/metastore.py", line 38, in get_connections
    conn_list = session.query(Connection).filter(Connection.conn_id == conn_id).all()
  File "/usr/local/lib/python3.7/site-packages/sqlalchemy/orm/query.py", line 3246, in all
    return list(self)
  File "/usr/local/lib/python3.7/site-packages/sqlalchemy/orm/query.py", line 3405, in __iter__
    return self._execute_and_instances(context)
  File "/usr/local/lib/python3.7/site-packages/sqlalchemy/orm/query.py", line 3430, in _execute_and_instances
    result = conn.execute(querycontext.statement, self._params)
  File "/usr/local/lib/python3.7/site-packages/sqlalchemy/engine/base.py", line 984, in execute
    return meth(self, multiparams, params)
  File "/usr/local/lib/python3.7/site-packages/sqlalchemy/sql/elements.py", line 293, in _execute_on_connection
    return connection._execute_clauseelement(self, multiparams, params)
  File "/usr/local/lib/python3.7/site-packages/sqlalchemy/engine/base.py", line 1103, in _execute_clauseelement
    distilled_params,
  File "/usr/local/lib/python3.7/site-packages/sqlalchemy/engine/base.py", line 1288, in _execute_context
    e, statement, parameters, cursor, context
  File "/usr/local/lib/python3.7/site-packages/sqlalchemy/engine/base.py", line 1482, in _handle_dbapi_exception
    sqlalchemy_exception, with_traceback=exc_info[2], from_=e
  File "/usr/local/lib/python3.7/site-packages/sqlalchemy/util/compat.py", line 178, in raise_
    raise exception
  File "/usr/local/lib/python3.7/site-packages/sqlalchemy/engine/base.py", line 1248, in _execute_context
    cursor, statement, parameters, context
  File "/usr/local/lib/python3.7/site-packages/sqlalchemy/engine/default.py", line 590, in do_execute
    cursor.execute(statement, parameters)
sqlalchemy.exc.OperationalError: (sqlite3.OperationalError) no such table: connection
[SQL: SELECT connection.password AS connection_password, connection.extra AS connection_extra, connection.id AS connection_id, connection.conn_id AS connection_conn_id, connection.conn_type AS connection_conn_type, connection.host AS connection_host, connection.schema AS connection_schema, connection.login AS connection_login, connection.port AS connection_port, connection.is_encrypted AS connection_is_encrypted, connection.is_extra_encrypted AS connection_is_extra_encrypted 
FROM connection 
WHERE connection.conn_id = ?]
[parameters: ('fs_default',)]
(Background on this error at: http://sqlalche.me/e/e3q8)
[2020-05-05 00:22:47,201] {taskinstance.py:1168} INFO - Marking task as UP_FOR_RETRY
