[2020-05-04 13:48:26,407] {logging_mixin.py:112} INFO - Sending to executor.
[2020-05-04 13:48:26,407] {logging_mixin.py:112} INFO - [2020-05-04 13:48:26,407] {base_executor.py:58} INFO - Adding to queue: ['airflow', 'run', 'example_bash_operator', 'runme_0', '2015-01-01T00:00:00+00:00', '--local', '--pool', 'default_pool', '-sd', '/usr/local/lib/python3.7/site-packages/airflow/example_dags/example_bash_operator.py']
[2020-05-04 13:48:26,408] {logging_mixin.py:112} INFO - [2020-05-04 13:48:26,407] {sequential_executor.py:45} INFO - Executing command: ['airflow', 'run', 'example_bash_operator', 'runme_0', '2015-01-01T00:00:00+00:00', '--local', '--pool', 'default_pool', '-sd', '/usr/local/lib/python3.7/site-packages/airflow/example_dags/example_bash_operator.py']
[2020-05-04 13:48:27,314] {taskinstance.py:669} INFO - Dependencies all met for <TaskInstance: example_bash_operator.runme_0 2015-01-01T00:00:00+00:00 [None]>
[2020-05-04 13:48:27,319] {taskinstance.py:669} INFO - Dependencies all met for <TaskInstance: example_bash_operator.runme_0 2015-01-01T00:00:00+00:00 [None]>
[2020-05-04 13:48:27,320] {taskinstance.py:879} INFO - 
--------------------------------------------------------------------------------
[2020-05-04 13:48:27,320] {taskinstance.py:880} INFO - Starting attempt 1 of 1
[2020-05-04 13:48:27,320] {taskinstance.py:881} INFO - 
--------------------------------------------------------------------------------
[2020-05-04 13:48:27,324] {taskinstance.py:900} INFO - Executing <Task(BashOperator): runme_0> on 2015-01-01T00:00:00+00:00
[2020-05-04 13:48:27,327] {standard_task_runner.py:53} INFO - Started process 86555 to run task
[2020-05-04 13:48:27,363] {logging_mixin.py:112} INFO - Running %s on host %s <TaskInstance: example_bash_operator.runme_0 2015-01-01T00:00:00+00:00 [running]> eyrunt-mbp
[2020-05-04 13:48:27,375] {bash_operator.py:82} INFO - Tmp dir root location: 
 /var/folders/ns/cwzf7f412q75m6qxzvdtmc_m0000gn/T
[2020-05-04 13:48:27,377] {bash_operator.py:105} INFO - Temporary script location: /var/folders/ns/cwzf7f412q75m6qxzvdtmc_m0000gn/T/airflowtmpe5lcxv7q/runme_0de0q9fsk
[2020-05-04 13:48:27,377] {bash_operator.py:115} INFO - Running command: echo "example_bash_operator__runme_0__20150101" && sleep 1
[2020-05-04 13:48:27,381] {bash_operator.py:122} INFO - Output:
[2020-05-04 13:48:27,692] {bash_operator.py:126} INFO - example_bash_operator__runme_0__20150101
[2020-05-04 13:48:28,705] {bash_operator.py:130} INFO - Command exited with return code 0
[2020-05-04 13:48:28,716] {taskinstance.py:1065} INFO - Marking task as SUCCESS.dag_id=example_bash_operator, task_id=runme_0, execution_date=20150101T000000, start_date=20200504T114827, end_date=20200504T114828
[2020-05-04 13:48:37,304] {logging_mixin.py:112} INFO - [2020-05-04 13:48:37,303] {local_task_job.py:103} INFO - Task exited with return code 0
