[2020-05-04 21:00:50,436] {taskinstance.py:669} INFO - Dependencies all met for <TaskInstance: batch_processing.read_file_a 2020-05-04T18:55:30.553284+00:00 [queued]>
[2020-05-04 21:00:50,442] {taskinstance.py:669} INFO - Dependencies all met for <TaskInstance: batch_processing.read_file_a 2020-05-04T18:55:30.553284+00:00 [queued]>
[2020-05-04 21:00:50,442] {taskinstance.py:879} INFO - 
--------------------------------------------------------------------------------
[2020-05-04 21:00:50,442] {taskinstance.py:880} INFO - Starting attempt 1 of 2
[2020-05-04 21:00:50,442] {taskinstance.py:881} INFO - 
--------------------------------------------------------------------------------
[2020-05-04 21:00:50,447] {taskinstance.py:900} INFO - Executing <Task(FileSensor): read_file_a> on 2020-05-04T18:55:30.553284+00:00
[2020-05-04 21:00:50,449] {standard_task_runner.py:53} INFO - Started process 11398 to run task
[2020-05-04 21:00:50,494] {logging_mixin.py:112} INFO - Running %s on host %s <TaskInstance: batch_processing.read_file_a 2020-05-04T18:55:30.553284+00:00 [running]> eyrunt-mbp
[2020-05-04 21:00:50,506] {file_sensor.py:60} INFO - Poking for file /~/Desktop/ftp_imports/fileA.csv
[2020-05-04 21:01:20,510] {file_sensor.py:60} INFO - Poking for file /~/Desktop/ftp_imports/fileA.csv
[2020-05-04 21:01:50,516] {file_sensor.py:60} INFO - Poking for file /~/Desktop/ftp_imports/fileA.csv
[2020-05-04 21:02:20,521] {file_sensor.py:60} INFO - Poking for file /~/Desktop/ftp_imports/fileA.csv
[2020-05-04 21:02:50,531] {file_sensor.py:60} INFO - Poking for file /~/Desktop/ftp_imports/fileA.csv
[2020-05-04 21:03:20,539] {file_sensor.py:60} INFO - Poking for file /~/Desktop/ftp_imports/fileA.csv
[2020-05-04 21:03:50,545] {file_sensor.py:60} INFO - Poking for file /~/Desktop/ftp_imports/fileA.csv
[2020-05-04 21:04:20,552] {file_sensor.py:60} INFO - Poking for file /~/Desktop/ftp_imports/fileA.csv
[2020-05-04 21:04:50,558] {file_sensor.py:60} INFO - Poking for file /~/Desktop/ftp_imports/fileA.csv
[2020-05-04 21:05:20,565] {file_sensor.py:60} INFO - Poking for file /~/Desktop/ftp_imports/fileA.csv
[2020-05-04 21:05:50,572] {file_sensor.py:60} INFO - Poking for file /~/Desktop/ftp_imports/fileA.csv
[2020-05-04 21:06:20,578] {file_sensor.py:60} INFO - Poking for file /~/Desktop/ftp_imports/fileA.csv
[2020-05-04 21:06:50,584] {file_sensor.py:60} INFO - Poking for file /~/Desktop/ftp_imports/fileA.csv
[2020-05-04 21:07:20,590] {file_sensor.py:60} INFO - Poking for file /~/Desktop/ftp_imports/fileA.csv
[2020-05-04 21:07:50,597] {file_sensor.py:60} INFO - Poking for file /~/Desktop/ftp_imports/fileA.csv
[2020-05-04 21:08:20,604] {file_sensor.py:60} INFO - Poking for file /~/Desktop/ftp_imports/fileA.csv
[2020-05-04 21:08:50,611] {file_sensor.py:60} INFO - Poking for file /~/Desktop/ftp_imports/fileA.csv
[2020-05-04 21:09:20,617] {file_sensor.py:60} INFO - Poking for file /~/Desktop/ftp_imports/fileA.csv
[2020-05-04 21:09:50,625] {file_sensor.py:60} INFO - Poking for file /~/Desktop/ftp_imports/fileA.csv
[2020-05-04 21:10:20,632] {file_sensor.py:60} INFO - Poking for file /~/Desktop/ftp_imports/fileA.csv
[2020-05-04 21:10:50,639] {file_sensor.py:60} INFO - Poking for file /~/Desktop/ftp_imports/fileA.csv
[2020-05-04 21:11:20,646] {file_sensor.py:60} INFO - Poking for file /~/Desktop/ftp_imports/fileA.csv
[2020-05-04 21:11:50,650] {file_sensor.py:60} INFO - Poking for file /~/Desktop/ftp_imports/fileA.csv
[2020-05-04 21:12:20,657] {file_sensor.py:60} INFO - Poking for file /~/Desktop/ftp_imports/fileA.csv
[2020-05-04 21:12:50,661] {file_sensor.py:60} INFO - Poking for file /~/Desktop/ftp_imports/fileA.csv
[2020-05-04 21:13:20,666] {file_sensor.py:60} INFO - Poking for file /~/Desktop/ftp_imports/fileA.csv
[2020-05-04 21:13:50,673] {file_sensor.py:60} INFO - Poking for file /~/Desktop/ftp_imports/fileA.csv
[2020-05-04 21:14:20,676] {file_sensor.py:60} INFO - Poking for file /~/Desktop/ftp_imports/fileA.csv
[2020-05-04 21:14:50,679] {file_sensor.py:60} INFO - Poking for file /~/Desktop/ftp_imports/fileA.csv
[2020-05-04 21:15:20,683] {file_sensor.py:60} INFO - Poking for file /~/Desktop/ftp_imports/fileA.csv
[2020-05-04 21:15:50,686] {file_sensor.py:60} INFO - Poking for file /~/Desktop/ftp_imports/fileA.csv
[2020-05-04 21:16:20,693] {file_sensor.py:60} INFO - Poking for file /~/Desktop/ftp_imports/fileA.csv
[2020-05-04 21:16:50,700] {file_sensor.py:60} INFO - Poking for file /~/Desktop/ftp_imports/fileA.csv
[2020-05-04 21:17:20,709] {file_sensor.py:60} INFO - Poking for file /~/Desktop/ftp_imports/fileA.csv
[2020-05-04 21:17:50,714] {file_sensor.py:60} INFO - Poking for file /~/Desktop/ftp_imports/fileA.csv
[2020-05-04 21:18:20,721] {file_sensor.py:60} INFO - Poking for file /~/Desktop/ftp_imports/fileA.csv
[2020-05-04 21:18:50,730] {file_sensor.py:60} INFO - Poking for file /~/Desktop/ftp_imports/fileA.csv
[2020-05-04 21:19:20,735] {file_sensor.py:60} INFO - Poking for file /~/Desktop/ftp_imports/fileA.csv
[2020-05-04 21:19:50,739] {file_sensor.py:60} INFO - Poking for file /~/Desktop/ftp_imports/fileA.csv
[2020-05-04 21:20:20,744] {file_sensor.py:60} INFO - Poking for file /~/Desktop/ftp_imports/fileA.csv
[2020-05-04 21:20:50,749] {file_sensor.py:60} INFO - Poking for file /~/Desktop/ftp_imports/fileA.csv
[2020-05-04 21:21:20,756] {file_sensor.py:60} INFO - Poking for file /~/Desktop/ftp_imports/fileA.csv
[2020-05-04 21:21:50,762] {file_sensor.py:60} INFO - Poking for file /~/Desktop/ftp_imports/fileA.csv
[2020-05-04 21:22:20,768] {file_sensor.py:60} INFO - Poking for file /~/Desktop/ftp_imports/fileA.csv
[2020-05-04 21:22:50,772] {file_sensor.py:60} INFO - Poking for file /~/Desktop/ftp_imports/fileA.csv
[2020-05-04 21:23:20,779] {file_sensor.py:60} INFO - Poking for file /~/Desktop/ftp_imports/fileA.csv
[2020-05-04 21:23:50,785] {file_sensor.py:60} INFO - Poking for file /~/Desktop/ftp_imports/fileA.csv
[2020-05-04 21:24:20,789] {file_sensor.py:60} INFO - Poking for file /~/Desktop/ftp_imports/fileA.csv
[2020-05-04 21:24:50,796] {file_sensor.py:60} INFO - Poking for file /~/Desktop/ftp_imports/fileA.csv
[2020-05-04 21:25:20,801] {file_sensor.py:60} INFO - Poking for file /~/Desktop/ftp_imports/fileA.csv
[2020-05-04 21:25:50,808] {file_sensor.py:60} INFO - Poking for file /~/Desktop/ftp_imports/fileA.csv
[2020-05-04 21:26:20,812] {file_sensor.py:60} INFO - Poking for file /~/Desktop/ftp_imports/fileA.csv
[2020-05-04 21:26:50,817] {file_sensor.py:60} INFO - Poking for file /~/Desktop/ftp_imports/fileA.csv
[2020-05-04 21:27:20,822] {file_sensor.py:60} INFO - Poking for file /~/Desktop/ftp_imports/fileA.csv
[2020-05-04 21:27:50,828] {file_sensor.py:60} INFO - Poking for file /~/Desktop/ftp_imports/fileA.csv
[2020-05-04 21:28:20,835] {file_sensor.py:60} INFO - Poking for file /~/Desktop/ftp_imports/fileA.csv
[2020-05-04 21:28:50,841] {file_sensor.py:60} INFO - Poking for file /~/Desktop/ftp_imports/fileA.csv
[2020-05-04 21:29:20,845] {file_sensor.py:60} INFO - Poking for file /~/Desktop/ftp_imports/fileA.csv
[2020-05-04 21:29:50,849] {file_sensor.py:60} INFO - Poking for file /~/Desktop/ftp_imports/fileA.csv
[2020-05-04 21:30:20,855] {file_sensor.py:60} INFO - Poking for file /~/Desktop/ftp_imports/fileA.csv
[2020-05-04 21:30:50,861] {file_sensor.py:60} INFO - Poking for file /~/Desktop/ftp_imports/fileA.csv
[2020-05-04 21:31:20,867] {file_sensor.py:60} INFO - Poking for file /~/Desktop/ftp_imports/fileA.csv
[2020-05-04 21:31:50,873] {file_sensor.py:60} INFO - Poking for file /~/Desktop/ftp_imports/fileA.csv
[2020-05-04 21:32:20,878] {file_sensor.py:60} INFO - Poking for file /~/Desktop/ftp_imports/fileA.csv
[2020-05-04 21:32:50,884] {file_sensor.py:60} INFO - Poking for file /~/Desktop/ftp_imports/fileA.csv
[2020-05-04 21:33:20,891] {file_sensor.py:60} INFO - Poking for file /~/Desktop/ftp_imports/fileA.csv
[2020-05-04 21:33:50,897] {file_sensor.py:60} INFO - Poking for file /~/Desktop/ftp_imports/fileA.csv
[2020-05-04 21:34:20,904] {file_sensor.py:60} INFO - Poking for file /~/Desktop/ftp_imports/fileA.csv
[2020-05-04 21:34:50,911] {file_sensor.py:60} INFO - Poking for file /~/Desktop/ftp_imports/fileA.csv
[2020-05-04 21:35:20,918] {file_sensor.py:60} INFO - Poking for file /~/Desktop/ftp_imports/fileA.csv
[2020-05-04 21:35:50,922] {file_sensor.py:60} INFO - Poking for file /~/Desktop/ftp_imports/fileA.csv
[2020-05-04 21:36:20,928] {file_sensor.py:60} INFO - Poking for file /~/Desktop/ftp_imports/fileA.csv
[2020-05-04 21:36:50,933] {file_sensor.py:60} INFO - Poking for file /~/Desktop/ftp_imports/fileA.csv
[2020-05-04 21:37:20,940] {file_sensor.py:60} INFO - Poking for file /~/Desktop/ftp_imports/fileA.csv
[2020-05-04 21:37:50,945] {file_sensor.py:60} INFO - Poking for file /~/Desktop/ftp_imports/fileA.csv
[2020-05-04 21:38:20,951] {file_sensor.py:60} INFO - Poking for file /~/Desktop/ftp_imports/fileA.csv
[2020-05-04 21:38:50,955] {file_sensor.py:60} INFO - Poking for file /~/Desktop/ftp_imports/fileA.csv
[2020-05-04 21:39:20,959] {file_sensor.py:60} INFO - Poking for file /~/Desktop/ftp_imports/fileA.csv
[2020-05-04 21:39:50,963] {file_sensor.py:60} INFO - Poking for file /~/Desktop/ftp_imports/fileA.csv
[2020-05-04 21:40:20,966] {file_sensor.py:60} INFO - Poking for file /~/Desktop/ftp_imports/fileA.csv
[2020-05-04 21:40:50,971] {file_sensor.py:60} INFO - Poking for file /~/Desktop/ftp_imports/fileA.csv
[2020-05-04 21:41:20,978] {file_sensor.py:60} INFO - Poking for file /~/Desktop/ftp_imports/fileA.csv
[2020-05-04 21:41:50,985] {file_sensor.py:60} INFO - Poking for file /~/Desktop/ftp_imports/fileA.csv
[2020-05-04 21:42:20,989] {file_sensor.py:60} INFO - Poking for file /~/Desktop/ftp_imports/fileA.csv
[2020-05-04 21:42:50,995] {file_sensor.py:60} INFO - Poking for file /~/Desktop/ftp_imports/fileA.csv
[2020-05-04 21:43:21,003] {file_sensor.py:60} INFO - Poking for file /~/Desktop/ftp_imports/fileA.csv
[2020-05-04 21:43:51,008] {file_sensor.py:60} INFO - Poking for file /~/Desktop/ftp_imports/fileA.csv
[2020-05-04 21:44:21,018] {file_sensor.py:60} INFO - Poking for file /~/Desktop/ftp_imports/fileA.csv
[2020-05-04 21:44:51,024] {file_sensor.py:60} INFO - Poking for file /~/Desktop/ftp_imports/fileA.csv
[2020-05-04 21:45:21,031] {file_sensor.py:60} INFO - Poking for file /~/Desktop/ftp_imports/fileA.csv
[2020-05-04 21:45:51,037] {file_sensor.py:60} INFO - Poking for file /~/Desktop/ftp_imports/fileA.csv
[2020-05-04 21:46:21,044] {file_sensor.py:60} INFO - Poking for file /~/Desktop/ftp_imports/fileA.csv
[2020-05-04 21:46:51,050] {file_sensor.py:60} INFO - Poking for file /~/Desktop/ftp_imports/fileA.csv
[2020-05-04 21:47:21,056] {file_sensor.py:60} INFO - Poking for file /~/Desktop/ftp_imports/fileA.csv
[2020-05-04 21:47:51,062] {file_sensor.py:60} INFO - Poking for file /~/Desktop/ftp_imports/fileA.csv
[2020-05-04 21:48:21,065] {file_sensor.py:60} INFO - Poking for file /~/Desktop/ftp_imports/fileA.csv
[2020-05-04 21:48:51,069] {file_sensor.py:60} INFO - Poking for file /~/Desktop/ftp_imports/fileA.csv
[2020-05-04 21:49:21,073] {file_sensor.py:60} INFO - Poking for file /~/Desktop/ftp_imports/fileA.csv
[2020-05-04 21:49:51,083] {file_sensor.py:60} INFO - Poking for file /~/Desktop/ftp_imports/fileA.csv
[2020-05-04 21:50:21,089] {file_sensor.py:60} INFO - Poking for file /~/Desktop/ftp_imports/fileA.csv
[2020-05-04 21:50:51,096] {file_sensor.py:60} INFO - Poking for file /~/Desktop/ftp_imports/fileA.csv
[2020-05-04 21:51:21,101] {file_sensor.py:60} INFO - Poking for file /~/Desktop/ftp_imports/fileA.csv
[2020-05-04 21:51:51,108] {file_sensor.py:60} INFO - Poking for file /~/Desktop/ftp_imports/fileA.csv
[2020-05-04 21:52:21,114] {file_sensor.py:60} INFO - Poking for file /~/Desktop/ftp_imports/fileA.csv
[2020-05-04 21:52:51,121] {file_sensor.py:60} INFO - Poking for file /~/Desktop/ftp_imports/fileA.csv
[2020-05-04 21:53:21,128] {file_sensor.py:60} INFO - Poking for file /~/Desktop/ftp_imports/fileA.csv
[2020-05-04 21:53:51,135] {file_sensor.py:60} INFO - Poking for file /~/Desktop/ftp_imports/fileA.csv
[2020-05-04 21:54:21,140] {file_sensor.py:60} INFO - Poking for file /~/Desktop/ftp_imports/fileA.csv
[2020-05-04 21:54:51,146] {file_sensor.py:60} INFO - Poking for file /~/Desktop/ftp_imports/fileA.csv
[2020-05-04 21:55:21,151] {file_sensor.py:60} INFO - Poking for file /~/Desktop/ftp_imports/fileA.csv
[2020-05-04 21:55:51,157] {file_sensor.py:60} INFO - Poking for file /~/Desktop/ftp_imports/fileA.csv
[2020-05-04 21:56:21,165] {file_sensor.py:60} INFO - Poking for file /~/Desktop/ftp_imports/fileA.csv
[2020-05-04 21:56:51,169] {file_sensor.py:60} INFO - Poking for file /~/Desktop/ftp_imports/fileA.csv
[2020-05-04 21:57:21,173] {file_sensor.py:60} INFO - Poking for file /~/Desktop/ftp_imports/fileA.csv
[2020-05-04 21:57:51,178] {file_sensor.py:60} INFO - Poking for file /~/Desktop/ftp_imports/fileA.csv
[2020-05-04 21:58:21,183] {file_sensor.py:60} INFO - Poking for file /~/Desktop/ftp_imports/fileA.csv
[2020-05-04 21:58:51,186] {file_sensor.py:60} INFO - Poking for file /~/Desktop/ftp_imports/fileA.csv
[2020-05-04 21:59:21,190] {file_sensor.py:60} INFO - Poking for file /~/Desktop/ftp_imports/fileA.csv
[2020-05-04 21:59:51,195] {file_sensor.py:60} INFO - Poking for file /~/Desktop/ftp_imports/fileA.csv
[2020-05-04 22:00:21,199] {file_sensor.py:60} INFO - Poking for file /~/Desktop/ftp_imports/fileA.csv
[2020-05-04 22:00:51,206] {file_sensor.py:60} INFO - Poking for file /~/Desktop/ftp_imports/fileA.csv
[2020-05-04 22:01:21,212] {file_sensor.py:60} INFO - Poking for file /~/Desktop/ftp_imports/fileA.csv
[2020-05-04 22:01:51,219] {file_sensor.py:60} INFO - Poking for file /~/Desktop/ftp_imports/fileA.csv
[2020-05-04 22:02:21,226] {file_sensor.py:60} INFO - Poking for file /~/Desktop/ftp_imports/fileA.csv
[2020-05-04 22:02:51,234] {file_sensor.py:60} INFO - Poking for file /~/Desktop/ftp_imports/fileA.csv
[2020-05-04 22:03:21,239] {file_sensor.py:60} INFO - Poking for file /~/Desktop/ftp_imports/fileA.csv
[2020-05-04 22:03:51,245] {file_sensor.py:60} INFO - Poking for file /~/Desktop/ftp_imports/fileA.csv
[2020-05-04 22:04:21,251] {file_sensor.py:60} INFO - Poking for file /~/Desktop/ftp_imports/fileA.csv
[2020-05-04 22:04:51,257] {file_sensor.py:60} INFO - Poking for file /~/Desktop/ftp_imports/fileA.csv
[2020-05-04 22:05:21,264] {file_sensor.py:60} INFO - Poking for file /~/Desktop/ftp_imports/fileA.csv
[2020-05-04 22:05:51,276] {file_sensor.py:60} INFO - Poking for file /~/Desktop/ftp_imports/fileA.csv
[2020-05-04 22:06:21,281] {file_sensor.py:60} INFO - Poking for file /~/Desktop/ftp_imports/fileA.csv
[2020-05-04 22:06:51,285] {file_sensor.py:60} INFO - Poking for file /~/Desktop/ftp_imports/fileA.csv
[2020-05-04 22:07:21,292] {file_sensor.py:60} INFO - Poking for file /~/Desktop/ftp_imports/fileA.csv
[2020-05-04 22:07:51,298] {file_sensor.py:60} INFO - Poking for file /~/Desktop/ftp_imports/fileA.csv
[2020-05-04 22:08:21,304] {file_sensor.py:60} INFO - Poking for file /~/Desktop/ftp_imports/fileA.csv
[2020-05-04 22:08:51,308] {file_sensor.py:60} INFO - Poking for file /~/Desktop/ftp_imports/fileA.csv
[2020-05-04 22:09:21,314] {file_sensor.py:60} INFO - Poking for file /~/Desktop/ftp_imports/fileA.csv
[2020-05-04 22:09:51,321] {file_sensor.py:60} INFO - Poking for file /~/Desktop/ftp_imports/fileA.csv
[2020-05-04 22:10:21,327] {file_sensor.py:60} INFO - Poking for file /~/Desktop/ftp_imports/fileA.csv
[2020-05-04 22:10:51,334] {file_sensor.py:60} INFO - Poking for file /~/Desktop/ftp_imports/fileA.csv
[2020-05-04 22:11:21,341] {file_sensor.py:60} INFO - Poking for file /~/Desktop/ftp_imports/fileA.csv
[2020-05-04 22:11:51,344] {file_sensor.py:60} INFO - Poking for file /~/Desktop/ftp_imports/fileA.csv
[2020-05-04 22:12:21,349] {file_sensor.py:60} INFO - Poking for file /~/Desktop/ftp_imports/fileA.csv
[2020-05-04 22:12:51,352] {file_sensor.py:60} INFO - Poking for file /~/Desktop/ftp_imports/fileA.csv
[2020-05-04 22:13:21,357] {file_sensor.py:60} INFO - Poking for file /~/Desktop/ftp_imports/fileA.csv
[2020-05-04 22:13:51,364] {file_sensor.py:60} INFO - Poking for file /~/Desktop/ftp_imports/fileA.csv
[2020-05-04 22:14:21,369] {file_sensor.py:60} INFO - Poking for file /~/Desktop/ftp_imports/fileA.csv
[2020-05-04 22:14:51,373] {file_sensor.py:60} INFO - Poking for file /~/Desktop/ftp_imports/fileA.csv
[2020-05-04 22:15:21,378] {file_sensor.py:60} INFO - Poking for file /~/Desktop/ftp_imports/fileA.csv
[2020-05-04 22:15:51,384] {file_sensor.py:60} INFO - Poking for file /~/Desktop/ftp_imports/fileA.csv
[2020-05-04 22:16:21,391] {file_sensor.py:60} INFO - Poking for file /~/Desktop/ftp_imports/fileA.csv
[2020-05-04 22:16:51,397] {file_sensor.py:60} INFO - Poking for file /~/Desktop/ftp_imports/fileA.csv
[2020-05-04 22:17:21,404] {file_sensor.py:60} INFO - Poking for file /~/Desktop/ftp_imports/fileA.csv
[2020-05-04 22:17:51,410] {file_sensor.py:60} INFO - Poking for file /~/Desktop/ftp_imports/fileA.csv
[2020-05-04 22:18:21,416] {file_sensor.py:60} INFO - Poking for file /~/Desktop/ftp_imports/fileA.csv
[2020-05-04 22:18:51,421] {file_sensor.py:60} INFO - Poking for file /~/Desktop/ftp_imports/fileA.csv
[2020-05-04 22:19:21,425] {file_sensor.py:60} INFO - Poking for file /~/Desktop/ftp_imports/fileA.csv
[2020-05-04 22:19:51,430] {file_sensor.py:60} INFO - Poking for file /~/Desktop/ftp_imports/fileA.csv
[2020-05-04 22:20:21,433] {file_sensor.py:60} INFO - Poking for file /~/Desktop/ftp_imports/fileA.csv
[2020-05-04 22:20:51,440] {file_sensor.py:60} INFO - Poking for file /~/Desktop/ftp_imports/fileA.csv
[2020-05-04 22:21:21,447] {file_sensor.py:60} INFO - Poking for file /~/Desktop/ftp_imports/fileA.csv
[2020-05-04 22:21:51,453] {file_sensor.py:60} INFO - Poking for file /~/Desktop/ftp_imports/fileA.csv
[2020-05-04 22:22:21,460] {file_sensor.py:60} INFO - Poking for file /~/Desktop/ftp_imports/fileA.csv
[2020-05-04 22:22:51,467] {file_sensor.py:60} INFO - Poking for file /~/Desktop/ftp_imports/fileA.csv
[2020-05-04 22:23:21,473] {file_sensor.py:60} INFO - Poking for file /~/Desktop/ftp_imports/fileA.csv
[2020-05-04 22:23:51,480] {file_sensor.py:60} INFO - Poking for file /~/Desktop/ftp_imports/fileA.csv
[2020-05-04 22:24:21,488] {file_sensor.py:60} INFO - Poking for file /~/Desktop/ftp_imports/fileA.csv
[2020-05-04 22:24:51,495] {file_sensor.py:60} INFO - Poking for file /~/Desktop/ftp_imports/fileA.csv
[2020-05-04 22:25:21,500] {file_sensor.py:60} INFO - Poking for file /~/Desktop/ftp_imports/fileA.csv
[2020-05-04 22:25:51,508] {file_sensor.py:60} INFO - Poking for file /~/Desktop/ftp_imports/fileA.csv
[2020-05-04 22:26:21,512] {file_sensor.py:60} INFO - Poking for file /~/Desktop/ftp_imports/fileA.csv
[2020-05-04 22:26:51,518] {file_sensor.py:60} INFO - Poking for file /~/Desktop/ftp_imports/fileA.csv
[2020-05-04 22:27:21,524] {file_sensor.py:60} INFO - Poking for file /~/Desktop/ftp_imports/fileA.csv
[2020-05-04 22:27:51,530] {file_sensor.py:60} INFO - Poking for file /~/Desktop/ftp_imports/fileA.csv
[2020-05-04 22:28:21,535] {file_sensor.py:60} INFO - Poking for file /~/Desktop/ftp_imports/fileA.csv
[2020-05-04 22:28:51,538] {file_sensor.py:60} INFO - Poking for file /~/Desktop/ftp_imports/fileA.csv
[2020-05-04 22:29:21,545] {file_sensor.py:60} INFO - Poking for file /~/Desktop/ftp_imports/fileA.csv
[2020-05-04 22:29:51,553] {file_sensor.py:60} INFO - Poking for file /~/Desktop/ftp_imports/fileA.csv
[2020-05-04 22:30:21,560] {file_sensor.py:60} INFO - Poking for file /~/Desktop/ftp_imports/fileA.csv
[2020-05-04 22:30:51,564] {file_sensor.py:60} INFO - Poking for file /~/Desktop/ftp_imports/fileA.csv
[2020-05-04 22:31:21,572] {file_sensor.py:60} INFO - Poking for file /~/Desktop/ftp_imports/fileA.csv
[2020-05-04 22:31:51,576] {file_sensor.py:60} INFO - Poking for file /~/Desktop/ftp_imports/fileA.csv
[2020-05-04 22:32:21,581] {file_sensor.py:60} INFO - Poking for file /~/Desktop/ftp_imports/fileA.csv
[2020-05-04 22:32:51,586] {file_sensor.py:60} INFO - Poking for file /~/Desktop/ftp_imports/fileA.csv
[2020-05-04 22:33:21,594] {file_sensor.py:60} INFO - Poking for file /~/Desktop/ftp_imports/fileA.csv
[2020-05-04 22:33:51,598] {file_sensor.py:60} INFO - Poking for file /~/Desktop/ftp_imports/fileA.csv
[2020-05-04 22:34:21,604] {file_sensor.py:60} INFO - Poking for file /~/Desktop/ftp_imports/fileA.csv
[2020-05-04 22:34:51,612] {file_sensor.py:60} INFO - Poking for file /~/Desktop/ftp_imports/fileA.csv
[2020-05-04 22:35:21,620] {file_sensor.py:60} INFO - Poking for file /~/Desktop/ftp_imports/fileA.csv
[2020-05-04 22:35:51,627] {file_sensor.py:60} INFO - Poking for file /~/Desktop/ftp_imports/fileA.csv
[2020-05-04 22:36:21,638] {file_sensor.py:60} INFO - Poking for file /~/Desktop/ftp_imports/fileA.csv
[2020-05-04 22:36:51,646] {file_sensor.py:60} INFO - Poking for file /~/Desktop/ftp_imports/fileA.csv
[2020-05-04 22:37:21,652] {file_sensor.py:60} INFO - Poking for file /~/Desktop/ftp_imports/fileA.csv
[2020-05-04 22:37:51,659] {file_sensor.py:60} INFO - Poking for file /~/Desktop/ftp_imports/fileA.csv
[2020-05-04 22:38:21,664] {file_sensor.py:60} INFO - Poking for file /~/Desktop/ftp_imports/fileA.csv
[2020-05-04 22:38:51,670] {file_sensor.py:60} INFO - Poking for file /~/Desktop/ftp_imports/fileA.csv
[2020-05-04 22:39:21,678] {file_sensor.py:60} INFO - Poking for file /~/Desktop/ftp_imports/fileA.csv
[2020-05-04 22:39:51,683] {file_sensor.py:60} INFO - Poking for file /~/Desktop/ftp_imports/fileA.csv
[2020-05-04 22:40:21,690] {file_sensor.py:60} INFO - Poking for file /~/Desktop/ftp_imports/fileA.csv
[2020-05-04 22:40:51,698] {file_sensor.py:60} INFO - Poking for file /~/Desktop/ftp_imports/fileA.csv
[2020-05-04 22:41:21,703] {file_sensor.py:60} INFO - Poking for file /~/Desktop/ftp_imports/fileA.csv
[2020-05-04 22:41:51,710] {file_sensor.py:60} INFO - Poking for file /~/Desktop/ftp_imports/fileA.csv
[2020-05-04 22:42:21,714] {file_sensor.py:60} INFO - Poking for file /~/Desktop/ftp_imports/fileA.csv
[2020-05-04 22:42:51,720] {file_sensor.py:60} INFO - Poking for file /~/Desktop/ftp_imports/fileA.csv
[2020-05-04 22:43:21,726] {file_sensor.py:60} INFO - Poking for file /~/Desktop/ftp_imports/fileA.csv
[2020-05-04 22:43:51,732] {file_sensor.py:60} INFO - Poking for file /~/Desktop/ftp_imports/fileA.csv
[2020-05-04 22:44:21,739] {file_sensor.py:60} INFO - Poking for file /~/Desktop/ftp_imports/fileA.csv
[2020-05-04 22:44:51,744] {file_sensor.py:60} INFO - Poking for file /~/Desktop/ftp_imports/fileA.csv
[2020-05-04 22:45:21,751] {file_sensor.py:60} INFO - Poking for file /~/Desktop/ftp_imports/fileA.csv
[2020-05-04 22:45:51,758] {file_sensor.py:60} INFO - Poking for file /~/Desktop/ftp_imports/fileA.csv
[2020-05-04 22:46:21,763] {file_sensor.py:60} INFO - Poking for file /~/Desktop/ftp_imports/fileA.csv
[2020-05-04 22:46:51,767] {file_sensor.py:60} INFO - Poking for file /~/Desktop/ftp_imports/fileA.csv
[2020-05-04 22:47:21,773] {file_sensor.py:60} INFO - Poking for file /~/Desktop/ftp_imports/fileA.csv
[2020-05-04 22:47:51,777] {file_sensor.py:60} INFO - Poking for file /~/Desktop/ftp_imports/fileA.csv
[2020-05-04 22:48:21,783] {file_sensor.py:60} INFO - Poking for file /~/Desktop/ftp_imports/fileA.csv
[2020-05-04 22:48:51,789] {file_sensor.py:60} INFO - Poking for file /~/Desktop/ftp_imports/fileA.csv
[2020-05-04 22:49:21,795] {file_sensor.py:60} INFO - Poking for file /~/Desktop/ftp_imports/fileA.csv
[2020-05-04 22:49:51,802] {file_sensor.py:60} INFO - Poking for file /~/Desktop/ftp_imports/fileA.csv
[2020-05-04 22:50:21,806] {file_sensor.py:60} INFO - Poking for file /~/Desktop/ftp_imports/fileA.csv
[2020-05-04 22:50:51,813] {file_sensor.py:60} INFO - Poking for file /~/Desktop/ftp_imports/fileA.csv
[2020-05-04 22:51:21,825] {file_sensor.py:60} INFO - Poking for file /~/Desktop/ftp_imports/fileA.csv
[2020-05-04 22:51:51,830] {file_sensor.py:60} INFO - Poking for file /~/Desktop/ftp_imports/fileA.csv
[2020-05-04 22:52:21,836] {file_sensor.py:60} INFO - Poking for file /~/Desktop/ftp_imports/fileA.csv
[2020-05-04 22:52:51,842] {file_sensor.py:60} INFO - Poking for file /~/Desktop/ftp_imports/fileA.csv
[2020-05-04 22:53:21,846] {file_sensor.py:60} INFO - Poking for file /~/Desktop/ftp_imports/fileA.csv
[2020-05-04 22:53:51,848] {file_sensor.py:60} INFO - Poking for file /~/Desktop/ftp_imports/fileA.csv
[2020-05-04 22:54:21,852] {file_sensor.py:60} INFO - Poking for file /~/Desktop/ftp_imports/fileA.csv
[2020-05-04 22:54:51,856] {file_sensor.py:60} INFO - Poking for file /~/Desktop/ftp_imports/fileA.csv
[2020-05-04 22:55:21,862] {file_sensor.py:60} INFO - Poking for file /~/Desktop/ftp_imports/fileA.csv
[2020-05-04 22:55:51,869] {file_sensor.py:60} INFO - Poking for file /~/Desktop/ftp_imports/fileA.csv
[2020-05-04 22:56:21,873] {file_sensor.py:60} INFO - Poking for file /~/Desktop/ftp_imports/fileA.csv
[2020-05-04 22:56:51,879] {file_sensor.py:60} INFO - Poking for file /~/Desktop/ftp_imports/fileA.csv
[2020-05-04 22:57:21,885] {file_sensor.py:60} INFO - Poking for file /~/Desktop/ftp_imports/fileA.csv
[2020-05-04 22:57:51,889] {file_sensor.py:60} INFO - Poking for file /~/Desktop/ftp_imports/fileA.csv
[2020-05-04 22:58:21,895] {file_sensor.py:60} INFO - Poking for file /~/Desktop/ftp_imports/fileA.csv
[2020-05-04 22:58:51,900] {file_sensor.py:60} INFO - Poking for file /~/Desktop/ftp_imports/fileA.csv
[2020-05-04 22:59:21,906] {file_sensor.py:60} INFO - Poking for file /~/Desktop/ftp_imports/fileA.csv
[2020-05-04 22:59:51,913] {file_sensor.py:60} INFO - Poking for file /~/Desktop/ftp_imports/fileA.csv
[2020-05-04 23:00:21,920] {file_sensor.py:60} INFO - Poking for file /~/Desktop/ftp_imports/fileA.csv
[2020-05-04 23:00:51,927] {file_sensor.py:60} INFO - Poking for file /~/Desktop/ftp_imports/fileA.csv
[2020-05-04 23:01:21,934] {file_sensor.py:60} INFO - Poking for file /~/Desktop/ftp_imports/fileA.csv
[2020-05-04 23:01:51,939] {file_sensor.py:60} INFO - Poking for file /~/Desktop/ftp_imports/fileA.csv
[2020-05-04 23:02:21,942] {file_sensor.py:60} INFO - Poking for file /~/Desktop/ftp_imports/fileA.csv
[2020-05-04 23:02:51,948] {file_sensor.py:60} INFO - Poking for file /~/Desktop/ftp_imports/fileA.csv
[2020-05-04 23:03:21,956] {file_sensor.py:60} INFO - Poking for file /~/Desktop/ftp_imports/fileA.csv
[2020-05-04 23:03:51,962] {file_sensor.py:60} INFO - Poking for file /~/Desktop/ftp_imports/fileA.csv
[2020-05-04 23:04:21,966] {file_sensor.py:60} INFO - Poking for file /~/Desktop/ftp_imports/fileA.csv
[2020-05-04 23:04:51,973] {file_sensor.py:60} INFO - Poking for file /~/Desktop/ftp_imports/fileA.csv
[2020-05-04 23:05:21,979] {file_sensor.py:60} INFO - Poking for file /~/Desktop/ftp_imports/fileA.csv
[2020-05-04 23:05:51,983] {file_sensor.py:60} INFO - Poking for file /~/Desktop/ftp_imports/fileA.csv
[2020-05-04 23:06:21,995] {file_sensor.py:60} INFO - Poking for file /~/Desktop/ftp_imports/fileA.csv
[2020-05-04 23:06:52,004] {file_sensor.py:60} INFO - Poking for file /~/Desktop/ftp_imports/fileA.csv
[2020-05-04 23:07:22,011] {file_sensor.py:60} INFO - Poking for file /~/Desktop/ftp_imports/fileA.csv
[2020-05-04 23:07:52,016] {file_sensor.py:60} INFO - Poking for file /~/Desktop/ftp_imports/fileA.csv
[2020-05-04 23:08:22,021] {file_sensor.py:60} INFO - Poking for file /~/Desktop/ftp_imports/fileA.csv
[2020-05-04 23:08:52,027] {file_sensor.py:60} INFO - Poking for file /~/Desktop/ftp_imports/fileA.csv
[2020-05-04 23:09:22,034] {file_sensor.py:60} INFO - Poking for file /~/Desktop/ftp_imports/fileA.csv
[2020-05-04 23:09:52,041] {file_sensor.py:60} INFO - Poking for file /~/Desktop/ftp_imports/fileA.csv
[2020-05-04 23:10:22,048] {file_sensor.py:60} INFO - Poking for file /~/Desktop/ftp_imports/fileA.csv
[2020-05-04 23:10:52,054] {file_sensor.py:60} INFO - Poking for file /~/Desktop/ftp_imports/fileA.csv
[2020-05-04 23:11:22,059] {file_sensor.py:60} INFO - Poking for file /~/Desktop/ftp_imports/fileA.csv
[2020-05-04 23:11:52,065] {file_sensor.py:60} INFO - Poking for file /~/Desktop/ftp_imports/fileA.csv
[2020-05-04 23:12:22,069] {file_sensor.py:60} INFO - Poking for file /~/Desktop/ftp_imports/fileA.csv
[2020-05-04 23:12:52,076] {file_sensor.py:60} INFO - Poking for file /~/Desktop/ftp_imports/fileA.csv
[2020-05-04 23:13:22,082] {file_sensor.py:60} INFO - Poking for file /~/Desktop/ftp_imports/fileA.csv
[2020-05-04 23:13:52,089] {file_sensor.py:60} INFO - Poking for file /~/Desktop/ftp_imports/fileA.csv
[2020-05-04 23:14:22,095] {file_sensor.py:60} INFO - Poking for file /~/Desktop/ftp_imports/fileA.csv
[2020-05-04 23:14:52,101] {file_sensor.py:60} INFO - Poking for file /~/Desktop/ftp_imports/fileA.csv
[2020-05-04 23:15:22,108] {file_sensor.py:60} INFO - Poking for file /~/Desktop/ftp_imports/fileA.csv
[2020-05-04 23:15:52,115] {file_sensor.py:60} INFO - Poking for file /~/Desktop/ftp_imports/fileA.csv
[2020-05-04 23:16:22,122] {file_sensor.py:60} INFO - Poking for file /~/Desktop/ftp_imports/fileA.csv
[2020-05-04 23:16:52,126] {file_sensor.py:60} INFO - Poking for file /~/Desktop/ftp_imports/fileA.csv
[2020-05-04 23:17:22,132] {file_sensor.py:60} INFO - Poking for file /~/Desktop/ftp_imports/fileA.csv
[2020-05-04 23:17:52,137] {file_sensor.py:60} INFO - Poking for file /~/Desktop/ftp_imports/fileA.csv
[2020-05-04 23:18:22,141] {file_sensor.py:60} INFO - Poking for file /~/Desktop/ftp_imports/fileA.csv
[2020-05-04 23:18:52,147] {file_sensor.py:60} INFO - Poking for file /~/Desktop/ftp_imports/fileA.csv
[2020-05-04 23:19:22,151] {file_sensor.py:60} INFO - Poking for file /~/Desktop/ftp_imports/fileA.csv
[2020-05-04 23:19:52,158] {file_sensor.py:60} INFO - Poking for file /~/Desktop/ftp_imports/fileA.csv
[2020-05-04 23:20:22,165] {file_sensor.py:60} INFO - Poking for file /~/Desktop/ftp_imports/fileA.csv
[2020-05-04 23:20:52,169] {file_sensor.py:60} INFO - Poking for file /~/Desktop/ftp_imports/fileA.csv
[2020-05-04 23:21:22,184] {file_sensor.py:60} INFO - Poking for file /~/Desktop/ftp_imports/fileA.csv
[2020-05-04 23:21:52,191] {file_sensor.py:60} INFO - Poking for file /~/Desktop/ftp_imports/fileA.csv
[2020-05-04 23:22:22,196] {file_sensor.py:60} INFO - Poking for file /~/Desktop/ftp_imports/fileA.csv
[2020-05-04 23:22:52,201] {file_sensor.py:60} INFO - Poking for file /~/Desktop/ftp_imports/fileA.csv
[2020-05-04 23:23:22,208] {file_sensor.py:60} INFO - Poking for file /~/Desktop/ftp_imports/fileA.csv
[2020-05-04 23:23:52,215] {file_sensor.py:60} INFO - Poking for file /~/Desktop/ftp_imports/fileA.csv
[2020-05-04 23:24:22,221] {file_sensor.py:60} INFO - Poking for file /~/Desktop/ftp_imports/fileA.csv
[2020-05-04 23:24:52,227] {file_sensor.py:60} INFO - Poking for file /~/Desktop/ftp_imports/fileA.csv
[2020-05-04 23:25:22,233] {file_sensor.py:60} INFO - Poking for file /~/Desktop/ftp_imports/fileA.csv
[2020-05-04 23:25:52,239] {file_sensor.py:60} INFO - Poking for file /~/Desktop/ftp_imports/fileA.csv
[2020-05-04 23:26:22,244] {file_sensor.py:60} INFO - Poking for file /~/Desktop/ftp_imports/fileA.csv
[2020-05-04 23:26:52,249] {file_sensor.py:60} INFO - Poking for file /~/Desktop/ftp_imports/fileA.csv
[2020-05-04 23:27:22,253] {file_sensor.py:60} INFO - Poking for file /~/Desktop/ftp_imports/fileA.csv
[2020-05-04 23:27:52,257] {file_sensor.py:60} INFO - Poking for file /~/Desktop/ftp_imports/fileA.csv
[2020-05-04 23:28:22,264] {file_sensor.py:60} INFO - Poking for file /~/Desktop/ftp_imports/fileA.csv
[2020-05-04 23:28:52,270] {file_sensor.py:60} INFO - Poking for file /~/Desktop/ftp_imports/fileA.csv
[2020-05-04 23:29:22,275] {file_sensor.py:60} INFO - Poking for file /~/Desktop/ftp_imports/fileA.csv
[2020-05-04 23:29:52,282] {file_sensor.py:60} INFO - Poking for file /~/Desktop/ftp_imports/fileA.csv
[2020-05-04 23:30:22,289] {file_sensor.py:60} INFO - Poking for file /~/Desktop/ftp_imports/fileA.csv
[2020-05-04 23:30:52,295] {file_sensor.py:60} INFO - Poking for file /~/Desktop/ftp_imports/fileA.csv
[2020-05-04 23:31:22,302] {file_sensor.py:60} INFO - Poking for file /~/Desktop/ftp_imports/fileA.csv
[2020-05-04 23:31:52,306] {file_sensor.py:60} INFO - Poking for file /~/Desktop/ftp_imports/fileA.csv
[2020-05-04 23:32:22,312] {file_sensor.py:60} INFO - Poking for file /~/Desktop/ftp_imports/fileA.csv
[2020-05-04 23:32:52,316] {file_sensor.py:60} INFO - Poking for file /~/Desktop/ftp_imports/fileA.csv
[2020-05-04 23:33:22,321] {file_sensor.py:60} INFO - Poking for file /~/Desktop/ftp_imports/fileA.csv
[2020-05-04 23:33:52,324] {file_sensor.py:60} INFO - Poking for file /~/Desktop/ftp_imports/fileA.csv
[2020-05-04 23:34:22,327] {file_sensor.py:60} INFO - Poking for file /~/Desktop/ftp_imports/fileA.csv
[2020-05-04 23:34:52,331] {file_sensor.py:60} INFO - Poking for file /~/Desktop/ftp_imports/fileA.csv
[2020-05-04 23:35:22,337] {file_sensor.py:60} INFO - Poking for file /~/Desktop/ftp_imports/fileA.csv
[2020-05-04 23:35:52,344] {file_sensor.py:60} INFO - Poking for file /~/Desktop/ftp_imports/fileA.csv
[2020-05-04 23:36:22,353] {file_sensor.py:60} INFO - Poking for file /~/Desktop/ftp_imports/fileA.csv
[2020-05-04 23:36:52,361] {file_sensor.py:60} INFO - Poking for file /~/Desktop/ftp_imports/fileA.csv
[2020-05-04 23:37:22,368] {file_sensor.py:60} INFO - Poking for file /~/Desktop/ftp_imports/fileA.csv
[2020-05-04 23:37:52,371] {file_sensor.py:60} INFO - Poking for file /~/Desktop/ftp_imports/fileA.csv
[2020-05-04 23:38:22,378] {file_sensor.py:60} INFO - Poking for file /~/Desktop/ftp_imports/fileA.csv
[2020-05-04 23:38:52,383] {file_sensor.py:60} INFO - Poking for file /~/Desktop/ftp_imports/fileA.csv
[2020-05-04 23:39:22,390] {file_sensor.py:60} INFO - Poking for file /~/Desktop/ftp_imports/fileA.csv
[2020-05-04 23:39:52,397] {file_sensor.py:60} INFO - Poking for file /~/Desktop/ftp_imports/fileA.csv
[2020-05-04 23:40:22,401] {file_sensor.py:60} INFO - Poking for file /~/Desktop/ftp_imports/fileA.csv
[2020-05-04 23:40:52,406] {file_sensor.py:60} INFO - Poking for file /~/Desktop/ftp_imports/fileA.csv
[2020-05-04 23:41:22,411] {file_sensor.py:60} INFO - Poking for file /~/Desktop/ftp_imports/fileA.csv
[2020-05-04 23:41:52,418] {file_sensor.py:60} INFO - Poking for file /~/Desktop/ftp_imports/fileA.csv
[2020-05-04 23:42:22,425] {file_sensor.py:60} INFO - Poking for file /~/Desktop/ftp_imports/fileA.csv
[2020-05-04 23:42:52,429] {file_sensor.py:60} INFO - Poking for file /~/Desktop/ftp_imports/fileA.csv
[2020-05-04 23:43:22,435] {file_sensor.py:60} INFO - Poking for file /~/Desktop/ftp_imports/fileA.csv
[2020-05-04 23:43:52,439] {file_sensor.py:60} INFO - Poking for file /~/Desktop/ftp_imports/fileA.csv
[2020-05-04 23:44:22,445] {file_sensor.py:60} INFO - Poking for file /~/Desktop/ftp_imports/fileA.csv
[2020-05-04 23:44:52,452] {file_sensor.py:60} INFO - Poking for file /~/Desktop/ftp_imports/fileA.csv
[2020-05-04 23:45:22,456] {file_sensor.py:60} INFO - Poking for file /~/Desktop/ftp_imports/fileA.csv
[2020-05-04 23:45:52,462] {file_sensor.py:60} INFO - Poking for file /~/Desktop/ftp_imports/fileA.csv
[2020-05-04 23:46:22,468] {file_sensor.py:60} INFO - Poking for file /~/Desktop/ftp_imports/fileA.csv
[2020-05-04 23:46:52,475] {file_sensor.py:60} INFO - Poking for file /~/Desktop/ftp_imports/fileA.csv
[2020-05-04 23:47:22,482] {file_sensor.py:60} INFO - Poking for file /~/Desktop/ftp_imports/fileA.csv
[2020-05-04 23:47:52,488] {file_sensor.py:60} INFO - Poking for file /~/Desktop/ftp_imports/fileA.csv
[2020-05-04 23:48:22,493] {file_sensor.py:60} INFO - Poking for file /~/Desktop/ftp_imports/fileA.csv
[2020-05-04 23:48:52,500] {file_sensor.py:60} INFO - Poking for file /~/Desktop/ftp_imports/fileA.csv
[2020-05-04 23:49:22,507] {file_sensor.py:60} INFO - Poking for file /~/Desktop/ftp_imports/fileA.csv
[2020-05-04 23:49:52,515] {file_sensor.py:60} INFO - Poking for file /~/Desktop/ftp_imports/fileA.csv
[2020-05-04 23:50:22,521] {file_sensor.py:60} INFO - Poking for file /~/Desktop/ftp_imports/fileA.csv
[2020-05-04 23:50:52,525] {file_sensor.py:60} INFO - Poking for file /~/Desktop/ftp_imports/fileA.csv
[2020-05-04 23:51:22,539] {file_sensor.py:60} INFO - Poking for file /~/Desktop/ftp_imports/fileA.csv
[2020-05-04 23:51:52,546] {file_sensor.py:60} INFO - Poking for file /~/Desktop/ftp_imports/fileA.csv
[2020-05-04 23:52:22,553] {file_sensor.py:60} INFO - Poking for file /~/Desktop/ftp_imports/fileA.csv
[2020-05-04 23:52:52,560] {file_sensor.py:60} INFO - Poking for file /~/Desktop/ftp_imports/fileA.csv
[2020-05-04 23:53:22,567] {file_sensor.py:60} INFO - Poking for file /~/Desktop/ftp_imports/fileA.csv
[2020-05-04 23:53:52,574] {file_sensor.py:60} INFO - Poking for file /~/Desktop/ftp_imports/fileA.csv
[2020-05-04 23:54:22,580] {file_sensor.py:60} INFO - Poking for file /~/Desktop/ftp_imports/fileA.csv
[2020-05-04 23:54:52,586] {file_sensor.py:60} INFO - Poking for file /~/Desktop/ftp_imports/fileA.csv
[2020-05-04 23:55:22,592] {file_sensor.py:60} INFO - Poking for file /~/Desktop/ftp_imports/fileA.csv
[2020-05-04 23:55:52,599] {file_sensor.py:60} INFO - Poking for file /~/Desktop/ftp_imports/fileA.csv
[2020-05-04 23:56:22,605] {file_sensor.py:60} INFO - Poking for file /~/Desktop/ftp_imports/fileA.csv
[2020-05-04 23:56:52,609] {file_sensor.py:60} INFO - Poking for file /~/Desktop/ftp_imports/fileA.csv
[2020-05-04 23:57:22,614] {file_sensor.py:60} INFO - Poking for file /~/Desktop/ftp_imports/fileA.csv
[2020-05-04 23:57:52,619] {file_sensor.py:60} INFO - Poking for file /~/Desktop/ftp_imports/fileA.csv
[2020-05-04 23:58:22,626] {file_sensor.py:60} INFO - Poking for file /~/Desktop/ftp_imports/fileA.csv
[2020-05-04 23:58:52,634] {file_sensor.py:60} INFO - Poking for file /~/Desktop/ftp_imports/fileA.csv
[2020-05-04 23:59:22,641] {file_sensor.py:60} INFO - Poking for file /~/Desktop/ftp_imports/fileA.csv
[2020-05-04 23:59:52,645] {file_sensor.py:60} INFO - Poking for file /~/Desktop/ftp_imports/fileA.csv
[2020-05-05 00:00:22,651] {file_sensor.py:60} INFO - Poking for file /~/Desktop/ftp_imports/fileA.csv
[2020-05-05 00:00:52,659] {file_sensor.py:60} INFO - Poking for file /~/Desktop/ftp_imports/fileA.csv
[2020-05-05 00:01:22,662] {file_sensor.py:60} INFO - Poking for file /~/Desktop/ftp_imports/fileA.csv
[2020-05-05 00:01:52,669] {file_sensor.py:60} INFO - Poking for file /~/Desktop/ftp_imports/fileA.csv
[2020-05-05 00:02:22,673] {file_sensor.py:60} INFO - Poking for file /~/Desktop/ftp_imports/fileA.csv
[2020-05-05 00:02:52,681] {file_sensor.py:60} INFO - Poking for file /~/Desktop/ftp_imports/fileA.csv
[2020-05-05 00:03:22,688] {file_sensor.py:60} INFO - Poking for file /~/Desktop/ftp_imports/fileA.csv
[2020-05-05 00:03:52,694] {file_sensor.py:60} INFO - Poking for file /~/Desktop/ftp_imports/fileA.csv
[2020-05-05 00:04:22,701] {file_sensor.py:60} INFO - Poking for file /~/Desktop/ftp_imports/fileA.csv
[2020-05-05 00:04:52,708] {file_sensor.py:60} INFO - Poking for file /~/Desktop/ftp_imports/fileA.csv
[2020-05-05 00:05:22,715] {file_sensor.py:60} INFO - Poking for file /~/Desktop/ftp_imports/fileA.csv
[2020-05-05 00:05:52,721] {file_sensor.py:60} INFO - Poking for file /~/Desktop/ftp_imports/fileA.csv
[2020-05-05 00:06:22,733] {file_sensor.py:60} INFO - Poking for file /~/Desktop/ftp_imports/fileA.csv
[2020-05-05 00:06:52,741] {file_sensor.py:60} INFO - Poking for file /~/Desktop/ftp_imports/fileA.csv
[2020-05-05 00:07:22,748] {file_sensor.py:60} INFO - Poking for file /~/Desktop/ftp_imports/fileA.csv
[2020-05-05 00:07:52,752] {file_sensor.py:60} INFO - Poking for file /~/Desktop/ftp_imports/fileA.csv
[2020-05-05 00:08:22,757] {file_sensor.py:60} INFO - Poking for file /~/Desktop/ftp_imports/fileA.csv
[2020-05-05 00:08:52,764] {file_sensor.py:60} INFO - Poking for file /~/Desktop/ftp_imports/fileA.csv
[2020-05-05 00:09:22,769] {file_sensor.py:60} INFO - Poking for file /~/Desktop/ftp_imports/fileA.csv
[2020-05-05 00:09:52,774] {file_sensor.py:60} INFO - Poking for file /~/Desktop/ftp_imports/fileA.csv
[2020-05-05 00:10:22,781] {file_sensor.py:60} INFO - Poking for file /~/Desktop/ftp_imports/fileA.csv
[2020-05-05 00:10:52,784] {file_sensor.py:60} INFO - Poking for file /~/Desktop/ftp_imports/fileA.csv
[2020-05-05 00:11:22,789] {file_sensor.py:60} INFO - Poking for file /~/Desktop/ftp_imports/fileA.csv
[2020-05-05 00:11:52,797] {file_sensor.py:60} INFO - Poking for file /~/Desktop/ftp_imports/fileA.csv
[2020-05-05 00:12:22,802] {file_sensor.py:60} INFO - Poking for file /~/Desktop/ftp_imports/fileA.csv
[2020-05-05 00:12:52,810] {file_sensor.py:60} INFO - Poking for file /~/Desktop/ftp_imports/fileA.csv
[2020-05-05 00:13:22,817] {file_sensor.py:60} INFO - Poking for file /~/Desktop/ftp_imports/fileA.csv
[2020-05-05 00:13:52,820] {file_sensor.py:60} INFO - Poking for file /~/Desktop/ftp_imports/fileA.csv
[2020-05-05 00:14:22,825] {file_sensor.py:60} INFO - Poking for file /~/Desktop/ftp_imports/fileA.csv
[2020-05-05 00:14:52,832] {file_sensor.py:60} INFO - Poking for file /~/Desktop/ftp_imports/fileA.csv
[2020-05-05 00:15:22,839] {file_sensor.py:60} INFO - Poking for file /~/Desktop/ftp_imports/fileA.csv
[2020-05-05 00:15:52,846] {file_sensor.py:60} INFO - Poking for file /~/Desktop/ftp_imports/fileA.csv
[2020-05-05 00:16:22,852] {file_sensor.py:60} INFO - Poking for file /~/Desktop/ftp_imports/fileA.csv
[2020-05-05 00:16:52,858] {file_sensor.py:60} INFO - Poking for file /~/Desktop/ftp_imports/fileA.csv
[2020-05-05 00:17:22,865] {file_sensor.py:60} INFO - Poking for file /~/Desktop/ftp_imports/fileA.csv
[2020-05-05 00:17:52,872] {file_sensor.py:60} INFO - Poking for file /~/Desktop/ftp_imports/fileA.csv
[2020-05-05 00:18:22,879] {file_sensor.py:60} INFO - Poking for file /~/Desktop/ftp_imports/fileA.csv
[2020-05-05 00:18:52,883] {file_sensor.py:60} INFO - Poking for file /~/Desktop/ftp_imports/fileA.csv
[2020-05-05 00:19:22,887] {file_sensor.py:60} INFO - Poking for file /~/Desktop/ftp_imports/fileA.csv
[2020-05-05 00:19:52,893] {file_sensor.py:60} INFO - Poking for file /~/Desktop/ftp_imports/fileA.csv
[2020-05-05 00:20:22,900] {file_sensor.py:60} INFO - Poking for file /~/Desktop/ftp_imports/fileA.csv
[2020-05-05 00:20:52,906] {file_sensor.py:60} INFO - Poking for file /~/Desktop/ftp_imports/fileA.csv
[2020-05-05 00:21:22,918] {file_sensor.py:60} INFO - Poking for file /~/Desktop/ftp_imports/fileA.csv
[2020-05-05 00:21:52,925] {file_sensor.py:60} INFO - Poking for file /~/Desktop/ftp_imports/fileA.csv
[2020-05-05 00:22:22,932] {file_sensor.py:60} INFO - Poking for file /~/Desktop/ftp_imports/fileA.csv
[2020-05-05 00:22:52,939] {taskinstance.py:1145} ERROR - (sqlite3.OperationalError) no such table: connection
[SQL: SELECT connection.password AS connection_password, connection.extra AS connection_extra, connection.id AS connection_id, connection.conn_id AS connection_conn_id, connection.conn_type AS connection_conn_type, connection.host AS connection_host, connection.schema AS connection_schema, connection.login AS connection_login, connection.port AS connection_port, connection.is_encrypted AS connection_is_encrypted, connection.is_extra_encrypted AS connection_is_extra_encrypted 
FROM connection 
WHERE connection.conn_id = ?]
[parameters: ('fs_default',)]
(Background on this error at: http://sqlalche.me/e/e3q8)
Traceback (most recent call last):
  File "/usr/local/lib/python3.7/site-packages/sqlalchemy/engine/base.py", line 1248, in _execute_context
    cursor, statement, parameters, context
  File "/usr/local/lib/python3.7/site-packages/sqlalchemy/engine/default.py", line 590, in do_execute
    cursor.execute(statement, parameters)
sqlite3.OperationalError: no such table: connection

The above exception was the direct cause of the following exception:

Traceback (most recent call last):
  File "/usr/local/lib/python3.7/site-packages/airflow/models/taskinstance.py", line 983, in _run_raw_task
    result = task_copy.execute(context=context)
  File "/usr/local/lib/python3.7/site-packages/airflow/sensors/base_sensor_operator.py", line 107, in execute
    while not self.poke(context):
  File "/usr/local/lib/python3.7/site-packages/airflow/contrib/sensors/file_sensor.py", line 57, in poke
    hook = FSHook(self.fs_conn_id)
  File "/usr/local/lib/python3.7/site-packages/airflow/contrib/hooks/fs_hook.py", line 38, in __init__
    conn = self.get_connection(conn_id)
  File "/usr/local/lib/python3.7/site-packages/airflow/hooks/base_hook.py", line 84, in get_connection
    conn = random.choice(list(cls.get_connections(conn_id)))
  File "/usr/local/lib/python3.7/site-packages/airflow/hooks/base_hook.py", line 80, in get_connections
    return secrets.get_connections(conn_id)
  File "/usr/local/lib/python3.7/site-packages/airflow/secrets/__init__.py", line 52, in get_connections
    conn_list = secrets_backend.get_connections(conn_id=conn_id)
  File "/usr/local/lib/python3.7/site-packages/airflow/utils/db.py", line 74, in wrapper
    return func(*args, **kwargs)
  File "/usr/local/lib/python3.7/site-packages/airflow/secrets/metastore.py", line 38, in get_connections
    conn_list = session.query(Connection).filter(Connection.conn_id == conn_id).all()
  File "/usr/local/lib/python3.7/site-packages/sqlalchemy/orm/query.py", line 3246, in all
    return list(self)
  File "/usr/local/lib/python3.7/site-packages/sqlalchemy/orm/query.py", line 3405, in __iter__
    return self._execute_and_instances(context)
  File "/usr/local/lib/python3.7/site-packages/sqlalchemy/orm/query.py", line 3430, in _execute_and_instances
    result = conn.execute(querycontext.statement, self._params)
  File "/usr/local/lib/python3.7/site-packages/sqlalchemy/engine/base.py", line 984, in execute
    return meth(self, multiparams, params)
  File "/usr/local/lib/python3.7/site-packages/sqlalchemy/sql/elements.py", line 293, in _execute_on_connection
    return connection._execute_clauseelement(self, multiparams, params)
  File "/usr/local/lib/python3.7/site-packages/sqlalchemy/engine/base.py", line 1103, in _execute_clauseelement
    distilled_params,
  File "/usr/local/lib/python3.7/site-packages/sqlalchemy/engine/base.py", line 1288, in _execute_context
    e, statement, parameters, cursor, context
  File "/usr/local/lib/python3.7/site-packages/sqlalchemy/engine/base.py", line 1482, in _handle_dbapi_exception
    sqlalchemy_exception, with_traceback=exc_info[2], from_=e
  File "/usr/local/lib/python3.7/site-packages/sqlalchemy/util/compat.py", line 178, in raise_
    raise exception
  File "/usr/local/lib/python3.7/site-packages/sqlalchemy/engine/base.py", line 1248, in _execute_context
    cursor, statement, parameters, context
  File "/usr/local/lib/python3.7/site-packages/sqlalchemy/engine/default.py", line 590, in do_execute
    cursor.execute(statement, parameters)
sqlalchemy.exc.OperationalError: (sqlite3.OperationalError) no such table: connection
[SQL: SELECT connection.password AS connection_password, connection.extra AS connection_extra, connection.id AS connection_id, connection.conn_id AS connection_conn_id, connection.conn_type AS connection_conn_type, connection.host AS connection_host, connection.schema AS connection_schema, connection.login AS connection_login, connection.port AS connection_port, connection.is_encrypted AS connection_is_encrypted, connection.is_extra_encrypted AS connection_is_extra_encrypted 
FROM connection 
WHERE connection.conn_id = ?]
[parameters: ('fs_default',)]
(Background on this error at: http://sqlalche.me/e/e3q8)
[2020-05-05 00:22:52,949] {taskinstance.py:1168} INFO - Marking task as UP_FOR_RETRY
