[2020-05-04 20:49:40,750] {taskinstance.py:669} INFO - Dependencies all met for <TaskInstance: batch_processing.read_file_b 2020-05-02T00:00:00+00:00 [queued]>
[2020-05-04 20:49:40,759] {taskinstance.py:669} INFO - Dependencies all met for <TaskInstance: batch_processing.read_file_b 2020-05-02T00:00:00+00:00 [queued]>
[2020-05-04 20:49:40,759] {taskinstance.py:879} INFO - 
--------------------------------------------------------------------------------
[2020-05-04 20:49:40,760] {taskinstance.py:880} INFO - Starting attempt 1 of 2
[2020-05-04 20:49:40,760] {taskinstance.py:881} INFO - 
--------------------------------------------------------------------------------
[2020-05-04 20:49:40,765] {taskinstance.py:900} INFO - Executing <Task(FileSensor): read_file_b> on 2020-05-02T00:00:00+00:00
[2020-05-04 20:49:40,767] {standard_task_runner.py:53} INFO - Started process 10857 to run task
[2020-05-04 20:49:40,819] {logging_mixin.py:112} INFO - Running %s on host %s <TaskInstance: batch_processing.read_file_b 2020-05-02T00:00:00+00:00 [running]> eyrunt-mbp
[2020-05-04 20:49:40,837] {file_sensor.py:60} INFO - Poking for file /Desktop/ftp_imports/fileB.csv
[2020-05-04 20:50:10,844] {file_sensor.py:60} INFO - Poking for file /Desktop/ftp_imports/fileB.csv
[2020-05-04 20:50:40,847] {file_sensor.py:60} INFO - Poking for file /Desktop/ftp_imports/fileB.csv
[2020-05-04 20:51:10,853] {file_sensor.py:60} INFO - Poking for file /Desktop/ftp_imports/fileB.csv
[2020-05-04 20:51:40,859] {file_sensor.py:60} INFO - Poking for file /Desktop/ftp_imports/fileB.csv
[2020-05-04 20:52:10,865] {file_sensor.py:60} INFO - Poking for file /Desktop/ftp_imports/fileB.csv
[2020-05-04 20:52:40,870] {file_sensor.py:60} INFO - Poking for file /Desktop/ftp_imports/fileB.csv
[2020-05-04 20:53:10,878] {file_sensor.py:60} INFO - Poking for file /Desktop/ftp_imports/fileB.csv
[2020-05-04 20:53:40,884] {file_sensor.py:60} INFO - Poking for file /Desktop/ftp_imports/fileB.csv
[2020-05-04 20:54:10,891] {file_sensor.py:60} INFO - Poking for file /Desktop/ftp_imports/fileB.csv
[2020-05-04 20:54:40,898] {file_sensor.py:60} INFO - Poking for file /Desktop/ftp_imports/fileB.csv
[2020-05-04 20:55:10,903] {file_sensor.py:60} INFO - Poking for file /Desktop/ftp_imports/fileB.csv
[2020-05-04 20:55:40,910] {file_sensor.py:60} INFO - Poking for file /Desktop/ftp_imports/fileB.csv
[2020-05-04 20:56:10,917] {file_sensor.py:60} INFO - Poking for file /Desktop/ftp_imports/fileB.csv
[2020-05-04 20:56:40,922] {file_sensor.py:60} INFO - Poking for file /Desktop/ftp_imports/fileB.csv
[2020-05-04 20:57:10,928] {file_sensor.py:60} INFO - Poking for file /Desktop/ftp_imports/fileB.csv
[2020-05-04 20:57:40,932] {file_sensor.py:60} INFO - Poking for file /Desktop/ftp_imports/fileB.csv
[2020-05-04 20:58:10,939] {file_sensor.py:60} INFO - Poking for file /Desktop/ftp_imports/fileB.csv
[2020-05-04 20:58:40,947] {file_sensor.py:60} INFO - Poking for file /Desktop/ftp_imports/fileB.csv
[2020-05-04 20:59:10,955] {file_sensor.py:60} INFO - Poking for file /Desktop/ftp_imports/fileB.csv
[2020-05-04 20:59:40,961] {file_sensor.py:60} INFO - Poking for file /Desktop/ftp_imports/fileB.csv
[2020-05-04 21:00:10,968] {file_sensor.py:60} INFO - Poking for file /Desktop/ftp_imports/fileB.csv
[2020-05-04 21:00:40,975] {file_sensor.py:60} INFO - Poking for file /Desktop/ftp_imports/fileB.csv
[2020-05-04 21:01:10,982] {file_sensor.py:60} INFO - Poking for file /Desktop/ftp_imports/fileB.csv
[2020-05-04 21:01:40,988] {file_sensor.py:60} INFO - Poking for file /Desktop/ftp_imports/fileB.csv
[2020-05-04 21:02:10,994] {file_sensor.py:60} INFO - Poking for file /Desktop/ftp_imports/fileB.csv
[2020-05-04 21:02:41,001] {file_sensor.py:60} INFO - Poking for file /Desktop/ftp_imports/fileB.csv
[2020-05-04 21:03:11,008] {file_sensor.py:60} INFO - Poking for file /Desktop/ftp_imports/fileB.csv
[2020-05-04 21:03:41,015] {file_sensor.py:60} INFO - Poking for file /Desktop/ftp_imports/fileB.csv
[2020-05-04 21:04:11,021] {file_sensor.py:60} INFO - Poking for file /Desktop/ftp_imports/fileB.csv
[2020-05-04 21:04:41,026] {file_sensor.py:60} INFO - Poking for file /Desktop/ftp_imports/fileB.csv
[2020-05-04 21:05:11,033] {file_sensor.py:60} INFO - Poking for file /Desktop/ftp_imports/fileB.csv
[2020-05-04 21:05:41,041] {file_sensor.py:60} INFO - Poking for file /Desktop/ftp_imports/fileB.csv
[2020-05-04 21:06:11,047] {file_sensor.py:60} INFO - Poking for file /Desktop/ftp_imports/fileB.csv
[2020-05-04 21:06:41,054] {file_sensor.py:60} INFO - Poking for file /Desktop/ftp_imports/fileB.csv
[2020-05-04 21:07:11,058] {file_sensor.py:60} INFO - Poking for file /Desktop/ftp_imports/fileB.csv
[2020-05-04 21:07:41,064] {file_sensor.py:60} INFO - Poking for file /Desktop/ftp_imports/fileB.csv
[2020-05-04 21:08:11,072] {file_sensor.py:60} INFO - Poking for file /Desktop/ftp_imports/fileB.csv
[2020-05-04 21:08:41,076] {file_sensor.py:60} INFO - Poking for file /Desktop/ftp_imports/fileB.csv
[2020-05-04 21:09:11,081] {file_sensor.py:60} INFO - Poking for file /Desktop/ftp_imports/fileB.csv
[2020-05-04 21:09:41,088] {file_sensor.py:60} INFO - Poking for file /Desktop/ftp_imports/fileB.csv
[2020-05-04 21:10:11,096] {file_sensor.py:60} INFO - Poking for file /Desktop/ftp_imports/fileB.csv
[2020-05-04 21:10:41,100] {file_sensor.py:60} INFO - Poking for file /Desktop/ftp_imports/fileB.csv
[2020-05-04 21:11:11,107] {file_sensor.py:60} INFO - Poking for file /Desktop/ftp_imports/fileB.csv
[2020-05-04 21:11:41,110] {file_sensor.py:60} INFO - Poking for file /Desktop/ftp_imports/fileB.csv
[2020-05-04 21:12:11,119] {file_sensor.py:60} INFO - Poking for file /Desktop/ftp_imports/fileB.csv
[2020-05-04 21:12:41,124] {file_sensor.py:60} INFO - Poking for file /Desktop/ftp_imports/fileB.csv
[2020-05-04 21:13:11,131] {file_sensor.py:60} INFO - Poking for file /Desktop/ftp_imports/fileB.csv
[2020-05-04 21:13:41,135] {file_sensor.py:60} INFO - Poking for file /Desktop/ftp_imports/fileB.csv
[2020-05-04 21:14:11,142] {file_sensor.py:60} INFO - Poking for file /Desktop/ftp_imports/fileB.csv
[2020-05-04 21:14:41,149] {file_sensor.py:60} INFO - Poking for file /Desktop/ftp_imports/fileB.csv
[2020-05-04 21:15:11,157] {file_sensor.py:60} INFO - Poking for file /Desktop/ftp_imports/fileB.csv
[2020-05-04 21:15:41,164] {file_sensor.py:60} INFO - Poking for file /Desktop/ftp_imports/fileB.csv
[2020-05-04 21:16:11,172] {file_sensor.py:60} INFO - Poking for file /Desktop/ftp_imports/fileB.csv
[2020-05-04 21:16:41,178] {file_sensor.py:60} INFO - Poking for file /Desktop/ftp_imports/fileB.csv
[2020-05-04 21:17:11,184] {file_sensor.py:60} INFO - Poking for file /Desktop/ftp_imports/fileB.csv
[2020-05-04 21:17:41,192] {file_sensor.py:60} INFO - Poking for file /Desktop/ftp_imports/fileB.csv
[2020-05-04 21:18:11,195] {file_sensor.py:60} INFO - Poking for file /Desktop/ftp_imports/fileB.csv
[2020-05-04 21:18:41,205] {file_sensor.py:60} INFO - Poking for file /Desktop/ftp_imports/fileB.csv
[2020-05-04 21:19:11,214] {file_sensor.py:60} INFO - Poking for file /Desktop/ftp_imports/fileB.csv
[2020-05-04 21:19:41,218] {file_sensor.py:60} INFO - Poking for file /Desktop/ftp_imports/fileB.csv
[2020-05-04 21:20:11,225] {file_sensor.py:60} INFO - Poking for file /Desktop/ftp_imports/fileB.csv
[2020-05-04 21:20:41,232] {file_sensor.py:60} INFO - Poking for file /Desktop/ftp_imports/fileB.csv
[2020-05-04 21:21:11,235] {file_sensor.py:60} INFO - Poking for file /Desktop/ftp_imports/fileB.csv
[2020-05-04 21:21:41,243] {file_sensor.py:60} INFO - Poking for file /Desktop/ftp_imports/fileB.csv
[2020-05-04 21:22:11,250] {file_sensor.py:60} INFO - Poking for file /Desktop/ftp_imports/fileB.csv
[2020-05-04 21:22:41,254] {file_sensor.py:60} INFO - Poking for file /Desktop/ftp_imports/fileB.csv
[2020-05-04 21:23:11,261] {file_sensor.py:60} INFO - Poking for file /Desktop/ftp_imports/fileB.csv
[2020-05-04 21:23:41,267] {file_sensor.py:60} INFO - Poking for file /Desktop/ftp_imports/fileB.csv
[2020-05-04 21:24:11,273] {file_sensor.py:60} INFO - Poking for file /Desktop/ftp_imports/fileB.csv
[2020-05-04 21:24:41,278] {file_sensor.py:60} INFO - Poking for file /Desktop/ftp_imports/fileB.csv
[2020-05-04 21:25:11,282] {file_sensor.py:60} INFO - Poking for file /Desktop/ftp_imports/fileB.csv
[2020-05-04 21:25:41,288] {file_sensor.py:60} INFO - Poking for file /Desktop/ftp_imports/fileB.csv
[2020-05-04 21:26:11,295] {file_sensor.py:60} INFO - Poking for file /Desktop/ftp_imports/fileB.csv
[2020-05-04 21:26:41,302] {file_sensor.py:60} INFO - Poking for file /Desktop/ftp_imports/fileB.csv
[2020-05-04 21:27:11,308] {file_sensor.py:60} INFO - Poking for file /Desktop/ftp_imports/fileB.csv
[2020-05-04 21:27:41,314] {file_sensor.py:60} INFO - Poking for file /Desktop/ftp_imports/fileB.csv
[2020-05-04 21:28:11,320] {file_sensor.py:60} INFO - Poking for file /Desktop/ftp_imports/fileB.csv
[2020-05-04 21:28:41,324] {file_sensor.py:60} INFO - Poking for file /Desktop/ftp_imports/fileB.csv
[2020-05-04 21:29:11,331] {file_sensor.py:60} INFO - Poking for file /Desktop/ftp_imports/fileB.csv
[2020-05-04 21:29:41,335] {file_sensor.py:60} INFO - Poking for file /Desktop/ftp_imports/fileB.csv
[2020-05-04 21:30:11,341] {file_sensor.py:60} INFO - Poking for file /Desktop/ftp_imports/fileB.csv
[2020-05-04 21:30:41,347] {file_sensor.py:60} INFO - Poking for file /Desktop/ftp_imports/fileB.csv
[2020-05-04 21:31:11,354] {file_sensor.py:60} INFO - Poking for file /Desktop/ftp_imports/fileB.csv
[2020-05-04 21:31:41,361] {file_sensor.py:60} INFO - Poking for file /Desktop/ftp_imports/fileB.csv
[2020-05-04 21:32:11,367] {file_sensor.py:60} INFO - Poking for file /Desktop/ftp_imports/fileB.csv
[2020-05-04 21:32:41,375] {file_sensor.py:60} INFO - Poking for file /Desktop/ftp_imports/fileB.csv
[2020-05-04 21:33:11,380] {file_sensor.py:60} INFO - Poking for file /Desktop/ftp_imports/fileB.csv
[2020-05-04 21:33:41,388] {file_sensor.py:60} INFO - Poking for file /Desktop/ftp_imports/fileB.csv
[2020-05-04 21:34:11,397] {file_sensor.py:60} INFO - Poking for file /Desktop/ftp_imports/fileB.csv
[2020-05-04 21:34:41,402] {file_sensor.py:60} INFO - Poking for file /Desktop/ftp_imports/fileB.csv
[2020-05-04 21:35:11,408] {file_sensor.py:60} INFO - Poking for file /Desktop/ftp_imports/fileB.csv
[2020-05-04 21:35:41,413] {file_sensor.py:60} INFO - Poking for file /Desktop/ftp_imports/fileB.csv
[2020-05-04 21:36:11,418] {file_sensor.py:60} INFO - Poking for file /Desktop/ftp_imports/fileB.csv
[2020-05-04 21:36:41,424] {file_sensor.py:60} INFO - Poking for file /Desktop/ftp_imports/fileB.csv
[2020-05-04 21:37:11,432] {file_sensor.py:60} INFO - Poking for file /Desktop/ftp_imports/fileB.csv
[2020-05-04 21:37:41,440] {file_sensor.py:60} INFO - Poking for file /Desktop/ftp_imports/fileB.csv
[2020-05-04 21:38:11,446] {file_sensor.py:60} INFO - Poking for file /Desktop/ftp_imports/fileB.csv
[2020-05-04 21:38:41,453] {file_sensor.py:60} INFO - Poking for file /Desktop/ftp_imports/fileB.csv
[2020-05-04 21:39:11,457] {file_sensor.py:60} INFO - Poking for file /Desktop/ftp_imports/fileB.csv
[2020-05-04 21:39:41,463] {file_sensor.py:60} INFO - Poking for file /Desktop/ftp_imports/fileB.csv
[2020-05-04 21:40:11,468] {file_sensor.py:60} INFO - Poking for file /Desktop/ftp_imports/fileB.csv
[2020-05-04 21:40:41,471] {file_sensor.py:60} INFO - Poking for file /Desktop/ftp_imports/fileB.csv
[2020-05-04 21:41:11,476] {file_sensor.py:60} INFO - Poking for file /Desktop/ftp_imports/fileB.csv
[2020-05-04 21:41:41,480] {file_sensor.py:60} INFO - Poking for file /Desktop/ftp_imports/fileB.csv
[2020-05-04 21:42:11,487] {file_sensor.py:60} INFO - Poking for file /Desktop/ftp_imports/fileB.csv
[2020-05-04 21:42:41,490] {file_sensor.py:60} INFO - Poking for file /Desktop/ftp_imports/fileB.csv
[2020-05-04 21:43:11,497] {file_sensor.py:60} INFO - Poking for file /Desktop/ftp_imports/fileB.csv
[2020-05-04 21:43:41,503] {file_sensor.py:60} INFO - Poking for file /Desktop/ftp_imports/fileB.csv
[2020-05-04 21:44:11,511] {file_sensor.py:60} INFO - Poking for file /Desktop/ftp_imports/fileB.csv
[2020-05-04 21:44:41,518] {file_sensor.py:60} INFO - Poking for file /Desktop/ftp_imports/fileB.csv
[2020-05-04 21:45:11,522] {file_sensor.py:60} INFO - Poking for file /Desktop/ftp_imports/fileB.csv
[2020-05-04 21:45:41,530] {file_sensor.py:60} INFO - Poking for file /Desktop/ftp_imports/fileB.csv
[2020-05-04 21:46:11,536] {file_sensor.py:60} INFO - Poking for file /Desktop/ftp_imports/fileB.csv
[2020-05-04 21:46:41,543] {file_sensor.py:60} INFO - Poking for file /Desktop/ftp_imports/fileB.csv
[2020-05-04 21:47:11,550] {file_sensor.py:60} INFO - Poking for file /Desktop/ftp_imports/fileB.csv
[2020-05-04 21:47:41,557] {file_sensor.py:60} INFO - Poking for file /Desktop/ftp_imports/fileB.csv
[2020-05-04 21:48:11,564] {file_sensor.py:60} INFO - Poking for file /Desktop/ftp_imports/fileB.csv
[2020-05-04 21:48:41,571] {file_sensor.py:60} INFO - Poking for file /Desktop/ftp_imports/fileB.csv
[2020-05-04 21:49:11,574] {file_sensor.py:60} INFO - Poking for file /Desktop/ftp_imports/fileB.csv
[2020-05-04 21:49:41,580] {file_sensor.py:60} INFO - Poking for file /Desktop/ftp_imports/fileB.csv
[2020-05-04 21:50:11,586] {file_sensor.py:60} INFO - Poking for file /Desktop/ftp_imports/fileB.csv
[2020-05-04 21:50:41,590] {file_sensor.py:60} INFO - Poking for file /Desktop/ftp_imports/fileB.csv
[2020-05-04 21:51:11,596] {file_sensor.py:60} INFO - Poking for file /Desktop/ftp_imports/fileB.csv
[2020-05-04 21:51:41,600] {file_sensor.py:60} INFO - Poking for file /Desktop/ftp_imports/fileB.csv
[2020-05-04 21:52:11,605] {file_sensor.py:60} INFO - Poking for file /Desktop/ftp_imports/fileB.csv
[2020-05-04 21:52:41,612] {file_sensor.py:60} INFO - Poking for file /Desktop/ftp_imports/fileB.csv
[2020-05-04 21:53:11,620] {file_sensor.py:60} INFO - Poking for file /Desktop/ftp_imports/fileB.csv
[2020-05-04 21:53:41,628] {file_sensor.py:60} INFO - Poking for file /Desktop/ftp_imports/fileB.csv
[2020-05-04 21:54:11,632] {file_sensor.py:60} INFO - Poking for file /Desktop/ftp_imports/fileB.csv
[2020-05-04 21:54:41,637] {file_sensor.py:60} INFO - Poking for file /Desktop/ftp_imports/fileB.csv
[2020-05-04 21:55:11,641] {file_sensor.py:60} INFO - Poking for file /Desktop/ftp_imports/fileB.csv
[2020-05-04 21:55:41,648] {file_sensor.py:60} INFO - Poking for file /Desktop/ftp_imports/fileB.csv
[2020-05-04 21:56:11,655] {file_sensor.py:60} INFO - Poking for file /Desktop/ftp_imports/fileB.csv
[2020-05-04 21:56:41,659] {file_sensor.py:60} INFO - Poking for file /Desktop/ftp_imports/fileB.csv
[2020-05-04 21:57:11,665] {file_sensor.py:60} INFO - Poking for file /Desktop/ftp_imports/fileB.csv
[2020-05-04 21:57:41,672] {file_sensor.py:60} INFO - Poking for file /Desktop/ftp_imports/fileB.csv
[2020-05-04 21:58:11,679] {file_sensor.py:60} INFO - Poking for file /Desktop/ftp_imports/fileB.csv
[2020-05-04 21:58:41,684] {file_sensor.py:60} INFO - Poking for file /Desktop/ftp_imports/fileB.csv
[2020-05-04 21:59:11,690] {file_sensor.py:60} INFO - Poking for file /Desktop/ftp_imports/fileB.csv
[2020-05-04 21:59:41,694] {file_sensor.py:60} INFO - Poking for file /Desktop/ftp_imports/fileB.csv
[2020-05-04 22:00:11,698] {file_sensor.py:60} INFO - Poking for file /Desktop/ftp_imports/fileB.csv
[2020-05-04 22:00:41,704] {file_sensor.py:60} INFO - Poking for file /Desktop/ftp_imports/fileB.csv
[2020-05-04 22:01:11,709] {file_sensor.py:60} INFO - Poking for file /Desktop/ftp_imports/fileB.csv
[2020-05-04 22:01:41,713] {file_sensor.py:60} INFO - Poking for file /Desktop/ftp_imports/fileB.csv
[2020-05-04 22:02:11,717] {file_sensor.py:60} INFO - Poking for file /Desktop/ftp_imports/fileB.csv
[2020-05-04 22:02:41,720] {file_sensor.py:60} INFO - Poking for file /Desktop/ftp_imports/fileB.csv
[2020-05-04 22:03:11,727] {file_sensor.py:60} INFO - Poking for file /Desktop/ftp_imports/fileB.csv
[2020-05-04 22:03:41,731] {file_sensor.py:60} INFO - Poking for file /Desktop/ftp_imports/fileB.csv
[2020-05-04 22:04:11,736] {file_sensor.py:60} INFO - Poking for file /Desktop/ftp_imports/fileB.csv
[2020-05-04 22:04:41,740] {file_sensor.py:60} INFO - Poking for file /Desktop/ftp_imports/fileB.csv
[2020-05-04 22:05:11,744] {file_sensor.py:60} INFO - Poking for file /Desktop/ftp_imports/fileB.csv
[2020-05-04 22:05:41,754] {file_sensor.py:60} INFO - Poking for file /Desktop/ftp_imports/fileB.csv
[2020-05-04 22:06:11,762] {file_sensor.py:60} INFO - Poking for file /Desktop/ftp_imports/fileB.csv
[2020-05-04 22:06:41,768] {file_sensor.py:60} INFO - Poking for file /Desktop/ftp_imports/fileB.csv
[2020-05-04 22:07:11,771] {file_sensor.py:60} INFO - Poking for file /Desktop/ftp_imports/fileB.csv
[2020-05-04 22:07:41,783] {file_sensor.py:60} INFO - Poking for file /Desktop/ftp_imports/fileB.csv
[2020-05-04 22:08:11,790] {file_sensor.py:60} INFO - Poking for file /Desktop/ftp_imports/fileB.csv
[2020-05-04 22:08:41,795] {file_sensor.py:60} INFO - Poking for file /Desktop/ftp_imports/fileB.csv
[2020-05-04 22:09:11,799] {file_sensor.py:60} INFO - Poking for file /Desktop/ftp_imports/fileB.csv
[2020-05-04 22:09:41,803] {file_sensor.py:60} INFO - Poking for file /Desktop/ftp_imports/fileB.csv
[2020-05-04 22:10:11,810] {file_sensor.py:60} INFO - Poking for file /Desktop/ftp_imports/fileB.csv
[2020-05-04 22:10:41,817] {file_sensor.py:60} INFO - Poking for file /Desktop/ftp_imports/fileB.csv
[2020-05-04 22:11:11,823] {file_sensor.py:60} INFO - Poking for file /Desktop/ftp_imports/fileB.csv
[2020-05-04 22:11:41,827] {file_sensor.py:60} INFO - Poking for file /Desktop/ftp_imports/fileB.csv
[2020-05-04 22:12:11,833] {file_sensor.py:60} INFO - Poking for file /Desktop/ftp_imports/fileB.csv
[2020-05-04 22:12:41,839] {file_sensor.py:60} INFO - Poking for file /Desktop/ftp_imports/fileB.csv
[2020-05-04 22:13:11,846] {file_sensor.py:60} INFO - Poking for file /Desktop/ftp_imports/fileB.csv
[2020-05-04 22:13:41,852] {file_sensor.py:60} INFO - Poking for file /Desktop/ftp_imports/fileB.csv
[2020-05-04 22:14:11,856] {file_sensor.py:60} INFO - Poking for file /Desktop/ftp_imports/fileB.csv
[2020-05-04 22:14:41,862] {file_sensor.py:60} INFO - Poking for file /Desktop/ftp_imports/fileB.csv
[2020-05-04 22:15:11,869] {file_sensor.py:60} INFO - Poking for file /Desktop/ftp_imports/fileB.csv
[2020-05-04 22:15:41,875] {file_sensor.py:60} INFO - Poking for file /Desktop/ftp_imports/fileB.csv
[2020-05-04 22:16:11,881] {file_sensor.py:60} INFO - Poking for file /Desktop/ftp_imports/fileB.csv
[2020-05-04 22:16:41,886] {file_sensor.py:60} INFO - Poking for file /Desktop/ftp_imports/fileB.csv
[2020-05-04 22:17:11,892] {file_sensor.py:60} INFO - Poking for file /Desktop/ftp_imports/fileB.csv
[2020-05-04 22:17:41,899] {file_sensor.py:60} INFO - Poking for file /Desktop/ftp_imports/fileB.csv
[2020-05-04 22:18:11,905] {file_sensor.py:60} INFO - Poking for file /Desktop/ftp_imports/fileB.csv
[2020-05-04 22:18:41,911] {file_sensor.py:60} INFO - Poking for file /Desktop/ftp_imports/fileB.csv
[2020-05-04 22:19:11,918] {file_sensor.py:60} INFO - Poking for file /Desktop/ftp_imports/fileB.csv
[2020-05-04 22:19:41,925] {file_sensor.py:60} INFO - Poking for file /Desktop/ftp_imports/fileB.csv
[2020-05-04 22:20:11,933] {file_sensor.py:60} INFO - Poking for file /Desktop/ftp_imports/fileB.csv
[2020-05-04 22:20:41,939] {file_sensor.py:60} INFO - Poking for file /Desktop/ftp_imports/fileB.csv
[2020-05-04 22:21:11,949] {file_sensor.py:60} INFO - Poking for file /Desktop/ftp_imports/fileB.csv
[2020-05-04 22:21:41,953] {file_sensor.py:60} INFO - Poking for file /Desktop/ftp_imports/fileB.csv
[2020-05-04 22:22:11,957] {file_sensor.py:60} INFO - Poking for file /Desktop/ftp_imports/fileB.csv
[2020-05-04 22:22:41,963] {file_sensor.py:60} INFO - Poking for file /Desktop/ftp_imports/fileB.csv
[2020-05-04 22:23:11,967] {file_sensor.py:60} INFO - Poking for file /Desktop/ftp_imports/fileB.csv
[2020-05-04 22:23:41,973] {file_sensor.py:60} INFO - Poking for file /Desktop/ftp_imports/fileB.csv
[2020-05-04 22:24:11,979] {file_sensor.py:60} INFO - Poking for file /Desktop/ftp_imports/fileB.csv
[2020-05-04 22:24:41,983] {file_sensor.py:60} INFO - Poking for file /Desktop/ftp_imports/fileB.csv
[2020-05-04 22:25:11,989] {file_sensor.py:60} INFO - Poking for file /Desktop/ftp_imports/fileB.csv
[2020-05-04 22:25:41,995] {file_sensor.py:60} INFO - Poking for file /Desktop/ftp_imports/fileB.csv
[2020-05-04 22:26:12,001] {file_sensor.py:60} INFO - Poking for file /Desktop/ftp_imports/fileB.csv
[2020-05-04 22:26:42,006] {file_sensor.py:60} INFO - Poking for file /Desktop/ftp_imports/fileB.csv
[2020-05-04 22:27:12,012] {file_sensor.py:60} INFO - Poking for file /Desktop/ftp_imports/fileB.csv
[2020-05-04 22:27:42,017] {file_sensor.py:60} INFO - Poking for file /Desktop/ftp_imports/fileB.csv
[2020-05-04 22:28:12,023] {file_sensor.py:60} INFO - Poking for file /Desktop/ftp_imports/fileB.csv
[2020-05-04 22:28:42,028] {file_sensor.py:60} INFO - Poking for file /Desktop/ftp_imports/fileB.csv
[2020-05-04 22:29:12,031] {file_sensor.py:60} INFO - Poking for file /Desktop/ftp_imports/fileB.csv
[2020-05-04 22:29:42,037] {file_sensor.py:60} INFO - Poking for file /Desktop/ftp_imports/fileB.csv
[2020-05-04 22:30:12,043] {file_sensor.py:60} INFO - Poking for file /Desktop/ftp_imports/fileB.csv
[2020-05-04 22:30:42,049] {file_sensor.py:60} INFO - Poking for file /Desktop/ftp_imports/fileB.csv
[2020-05-04 22:31:12,055] {file_sensor.py:60} INFO - Poking for file /Desktop/ftp_imports/fileB.csv
[2020-05-04 22:31:42,060] {file_sensor.py:60} INFO - Poking for file /Desktop/ftp_imports/fileB.csv
[2020-05-04 22:32:12,067] {file_sensor.py:60} INFO - Poking for file /Desktop/ftp_imports/fileB.csv
[2020-05-04 22:32:42,073] {file_sensor.py:60} INFO - Poking for file /Desktop/ftp_imports/fileB.csv
[2020-05-04 22:33:12,079] {file_sensor.py:60} INFO - Poking for file /Desktop/ftp_imports/fileB.csv
[2020-05-04 22:33:42,083] {file_sensor.py:60} INFO - Poking for file /Desktop/ftp_imports/fileB.csv
[2020-05-04 22:34:12,087] {file_sensor.py:60} INFO - Poking for file /Desktop/ftp_imports/fileB.csv
[2020-05-04 22:34:42,092] {file_sensor.py:60} INFO - Poking for file /Desktop/ftp_imports/fileB.csv
[2020-05-04 22:35:12,098] {file_sensor.py:60} INFO - Poking for file /Desktop/ftp_imports/fileB.csv
[2020-05-04 22:35:42,103] {file_sensor.py:60} INFO - Poking for file /Desktop/ftp_imports/fileB.csv
[2020-05-04 22:36:12,113] {file_sensor.py:60} INFO - Poking for file /Desktop/ftp_imports/fileB.csv
[2020-05-04 22:36:42,121] {file_sensor.py:60} INFO - Poking for file /Desktop/ftp_imports/fileB.csv
[2020-05-04 22:37:12,127] {file_sensor.py:60} INFO - Poking for file /Desktop/ftp_imports/fileB.csv
[2020-05-04 22:37:42,133] {file_sensor.py:60} INFO - Poking for file /Desktop/ftp_imports/fileB.csv
[2020-05-04 22:38:12,139] {file_sensor.py:60} INFO - Poking for file /Desktop/ftp_imports/fileB.csv
[2020-05-04 22:38:42,147] {file_sensor.py:60} INFO - Poking for file /Desktop/ftp_imports/fileB.csv
[2020-05-04 22:39:12,154] {file_sensor.py:60} INFO - Poking for file /Desktop/ftp_imports/fileB.csv
[2020-05-04 22:39:42,159] {file_sensor.py:60} INFO - Poking for file /Desktop/ftp_imports/fileB.csv
[2020-05-04 22:40:12,163] {file_sensor.py:60} INFO - Poking for file /Desktop/ftp_imports/fileB.csv
[2020-05-04 22:40:42,168] {file_sensor.py:60} INFO - Poking for file /Desktop/ftp_imports/fileB.csv
[2020-05-04 22:41:12,174] {file_sensor.py:60} INFO - Poking for file /Desktop/ftp_imports/fileB.csv
[2020-05-04 22:41:42,182] {file_sensor.py:60} INFO - Poking for file /Desktop/ftp_imports/fileB.csv
[2020-05-04 22:42:12,189] {file_sensor.py:60} INFO - Poking for file /Desktop/ftp_imports/fileB.csv
[2020-05-04 22:42:42,196] {file_sensor.py:60} INFO - Poking for file /Desktop/ftp_imports/fileB.csv
[2020-05-04 22:43:12,202] {file_sensor.py:60} INFO - Poking for file /Desktop/ftp_imports/fileB.csv
[2020-05-04 22:43:42,209] {file_sensor.py:60} INFO - Poking for file /Desktop/ftp_imports/fileB.csv
[2020-05-04 22:44:12,215] {file_sensor.py:60} INFO - Poking for file /Desktop/ftp_imports/fileB.csv
[2020-05-04 22:44:42,222] {file_sensor.py:60} INFO - Poking for file /Desktop/ftp_imports/fileB.csv
[2020-05-04 22:45:12,228] {file_sensor.py:60} INFO - Poking for file /Desktop/ftp_imports/fileB.csv
[2020-05-04 22:45:42,232] {file_sensor.py:60} INFO - Poking for file /Desktop/ftp_imports/fileB.csv
[2020-05-04 22:46:12,239] {file_sensor.py:60} INFO - Poking for file /Desktop/ftp_imports/fileB.csv
[2020-05-04 22:46:42,243] {file_sensor.py:60} INFO - Poking for file /Desktop/ftp_imports/fileB.csv
[2020-05-04 22:47:12,249] {file_sensor.py:60} INFO - Poking for file /Desktop/ftp_imports/fileB.csv
[2020-05-04 22:47:42,256] {file_sensor.py:60} INFO - Poking for file /Desktop/ftp_imports/fileB.csv
[2020-05-04 22:48:12,263] {file_sensor.py:60} INFO - Poking for file /Desktop/ftp_imports/fileB.csv
[2020-05-04 22:48:42,269] {file_sensor.py:60} INFO - Poking for file /Desktop/ftp_imports/fileB.csv
[2020-05-04 22:49:12,274] {file_sensor.py:60} INFO - Poking for file /Desktop/ftp_imports/fileB.csv
[2020-05-04 22:49:42,278] {file_sensor.py:60} INFO - Poking for file /Desktop/ftp_imports/fileB.csv
[2020-05-04 22:50:12,284] {file_sensor.py:60} INFO - Poking for file /Desktop/ftp_imports/fileB.csv
[2020-05-04 22:50:42,291] {file_sensor.py:60} INFO - Poking for file /Desktop/ftp_imports/fileB.csv
[2020-05-04 22:51:12,305] {file_sensor.py:60} INFO - Poking for file /Desktop/ftp_imports/fileB.csv
[2020-05-04 22:51:42,314] {file_sensor.py:60} INFO - Poking for file /Desktop/ftp_imports/fileB.csv
[2020-05-04 22:52:12,320] {file_sensor.py:60} INFO - Poking for file /Desktop/ftp_imports/fileB.csv
[2020-05-04 22:52:42,327] {file_sensor.py:60} INFO - Poking for file /Desktop/ftp_imports/fileB.csv
[2020-05-04 22:53:12,334] {file_sensor.py:60} INFO - Poking for file /Desktop/ftp_imports/fileB.csv
[2020-05-04 22:53:42,338] {file_sensor.py:60} INFO - Poking for file /Desktop/ftp_imports/fileB.csv
[2020-05-04 22:54:12,342] {file_sensor.py:60} INFO - Poking for file /Desktop/ftp_imports/fileB.csv
[2020-05-04 22:54:42,347] {file_sensor.py:60} INFO - Poking for file /Desktop/ftp_imports/fileB.csv
[2020-05-04 22:55:12,355] {file_sensor.py:60} INFO - Poking for file /Desktop/ftp_imports/fileB.csv
[2020-05-04 22:55:42,362] {file_sensor.py:60} INFO - Poking for file /Desktop/ftp_imports/fileB.csv
[2020-05-04 22:56:12,369] {file_sensor.py:60} INFO - Poking for file /Desktop/ftp_imports/fileB.csv
[2020-05-04 22:56:42,373] {file_sensor.py:60} INFO - Poking for file /Desktop/ftp_imports/fileB.csv
[2020-05-04 22:57:12,378] {file_sensor.py:60} INFO - Poking for file /Desktop/ftp_imports/fileB.csv
[2020-05-04 22:57:42,385] {file_sensor.py:60} INFO - Poking for file /Desktop/ftp_imports/fileB.csv
[2020-05-04 22:58:12,389] {file_sensor.py:60} INFO - Poking for file /Desktop/ftp_imports/fileB.csv
[2020-05-04 22:58:42,395] {file_sensor.py:60} INFO - Poking for file /Desktop/ftp_imports/fileB.csv
[2020-05-04 22:59:12,401] {file_sensor.py:60} INFO - Poking for file /Desktop/ftp_imports/fileB.csv
[2020-05-04 22:59:42,408] {file_sensor.py:60} INFO - Poking for file /Desktop/ftp_imports/fileB.csv
[2020-05-04 23:00:12,415] {file_sensor.py:60} INFO - Poking for file /Desktop/ftp_imports/fileB.csv
[2020-05-04 23:00:42,420] {file_sensor.py:60} INFO - Poking for file /Desktop/ftp_imports/fileB.csv
[2020-05-04 23:01:12,426] {file_sensor.py:60} INFO - Poking for file /Desktop/ftp_imports/fileB.csv
[2020-05-04 23:01:42,432] {file_sensor.py:60} INFO - Poking for file /Desktop/ftp_imports/fileB.csv
[2020-05-04 23:02:12,438] {file_sensor.py:60} INFO - Poking for file /Desktop/ftp_imports/fileB.csv
[2020-05-04 23:02:42,445] {file_sensor.py:60} INFO - Poking for file /Desktop/ftp_imports/fileB.csv
[2020-05-04 23:03:12,450] {file_sensor.py:60} INFO - Poking for file /Desktop/ftp_imports/fileB.csv
[2020-05-04 23:03:42,457] {file_sensor.py:60} INFO - Poking for file /Desktop/ftp_imports/fileB.csv
[2020-05-04 23:04:12,462] {file_sensor.py:60} INFO - Poking for file /Desktop/ftp_imports/fileB.csv
[2020-05-04 23:04:42,469] {file_sensor.py:60} INFO - Poking for file /Desktop/ftp_imports/fileB.csv
[2020-05-04 23:05:12,476] {file_sensor.py:60} INFO - Poking for file /Desktop/ftp_imports/fileB.csv
[2020-05-04 23:05:42,481] {file_sensor.py:60} INFO - Poking for file /Desktop/ftp_imports/fileB.csv
[2020-05-04 23:06:12,492] {file_sensor.py:60} INFO - Poking for file /Desktop/ftp_imports/fileB.csv
[2020-05-04 23:06:42,502] {file_sensor.py:60} INFO - Poking for file /Desktop/ftp_imports/fileB.csv
[2020-05-04 23:07:12,507] {file_sensor.py:60} INFO - Poking for file /Desktop/ftp_imports/fileB.csv
[2020-05-04 23:07:42,514] {file_sensor.py:60} INFO - Poking for file /Desktop/ftp_imports/fileB.csv
[2020-05-04 23:08:12,521] {file_sensor.py:60} INFO - Poking for file /Desktop/ftp_imports/fileB.csv
[2020-05-04 23:08:42,525] {file_sensor.py:60} INFO - Poking for file /Desktop/ftp_imports/fileB.csv
[2020-05-04 23:09:12,529] {file_sensor.py:60} INFO - Poking for file /Desktop/ftp_imports/fileB.csv
[2020-05-04 23:09:42,535] {file_sensor.py:60} INFO - Poking for file /Desktop/ftp_imports/fileB.csv
[2020-05-04 23:10:12,543] {file_sensor.py:60} INFO - Poking for file /Desktop/ftp_imports/fileB.csv
[2020-05-04 23:10:42,548] {file_sensor.py:60} INFO - Poking for file /Desktop/ftp_imports/fileB.csv
[2020-05-04 23:11:12,554] {file_sensor.py:60} INFO - Poking for file /Desktop/ftp_imports/fileB.csv
[2020-05-04 23:11:42,561] {file_sensor.py:60} INFO - Poking for file /Desktop/ftp_imports/fileB.csv
[2020-05-04 23:12:12,564] {file_sensor.py:60} INFO - Poking for file /Desktop/ftp_imports/fileB.csv
[2020-05-04 23:12:42,570] {file_sensor.py:60} INFO - Poking for file /Desktop/ftp_imports/fileB.csv
[2020-05-04 23:13:12,577] {file_sensor.py:60} INFO - Poking for file /Desktop/ftp_imports/fileB.csv
[2020-05-04 23:13:42,581] {file_sensor.py:60} INFO - Poking for file /Desktop/ftp_imports/fileB.csv
[2020-05-04 23:14:12,585] {file_sensor.py:60} INFO - Poking for file /Desktop/ftp_imports/fileB.csv
[2020-05-04 23:14:42,593] {file_sensor.py:60} INFO - Poking for file /Desktop/ftp_imports/fileB.csv
[2020-05-04 23:15:12,600] {file_sensor.py:60} INFO - Poking for file /Desktop/ftp_imports/fileB.csv
[2020-05-04 23:15:42,607] {file_sensor.py:60} INFO - Poking for file /Desktop/ftp_imports/fileB.csv
[2020-05-04 23:16:12,612] {file_sensor.py:60} INFO - Poking for file /Desktop/ftp_imports/fileB.csv
[2020-05-04 23:16:42,620] {file_sensor.py:60} INFO - Poking for file /Desktop/ftp_imports/fileB.csv
[2020-05-04 23:17:12,625] {file_sensor.py:60} INFO - Poking for file /Desktop/ftp_imports/fileB.csv
[2020-05-04 23:17:42,629] {file_sensor.py:60} INFO - Poking for file /Desktop/ftp_imports/fileB.csv
[2020-05-04 23:18:12,636] {file_sensor.py:60} INFO - Poking for file /Desktop/ftp_imports/fileB.csv
[2020-05-04 23:18:42,644] {file_sensor.py:60} INFO - Poking for file /Desktop/ftp_imports/fileB.csv
[2020-05-04 23:19:12,648] {file_sensor.py:60} INFO - Poking for file /Desktop/ftp_imports/fileB.csv
[2020-05-04 23:19:42,654] {file_sensor.py:60} INFO - Poking for file /Desktop/ftp_imports/fileB.csv
[2020-05-04 23:20:12,661] {file_sensor.py:60} INFO - Poking for file /Desktop/ftp_imports/fileB.csv
[2020-05-04 23:20:42,667] {file_sensor.py:60} INFO - Poking for file /Desktop/ftp_imports/fileB.csv
[2020-05-04 23:21:12,677] {file_sensor.py:60} INFO - Poking for file /Desktop/ftp_imports/fileB.csv
[2020-05-04 23:21:42,683] {file_sensor.py:60} INFO - Poking for file /Desktop/ftp_imports/fileB.csv
[2020-05-04 23:22:12,688] {file_sensor.py:60} INFO - Poking for file /Desktop/ftp_imports/fileB.csv
[2020-05-04 23:22:42,694] {file_sensor.py:60} INFO - Poking for file /Desktop/ftp_imports/fileB.csv
[2020-05-04 23:23:12,700] {file_sensor.py:60} INFO - Poking for file /Desktop/ftp_imports/fileB.csv
[2020-05-04 23:23:42,707] {file_sensor.py:60} INFO - Poking for file /Desktop/ftp_imports/fileB.csv
[2020-05-04 23:24:12,710] {file_sensor.py:60} INFO - Poking for file /Desktop/ftp_imports/fileB.csv
[2020-05-04 23:24:42,717] {file_sensor.py:60} INFO - Poking for file /Desktop/ftp_imports/fileB.csv
[2020-05-04 23:25:12,723] {file_sensor.py:60} INFO - Poking for file /Desktop/ftp_imports/fileB.csv
[2020-05-04 23:25:42,728] {file_sensor.py:60} INFO - Poking for file /Desktop/ftp_imports/fileB.csv
[2020-05-04 23:26:12,732] {file_sensor.py:60} INFO - Poking for file /Desktop/ftp_imports/fileB.csv
[2020-05-04 23:26:42,738] {file_sensor.py:60} INFO - Poking for file /Desktop/ftp_imports/fileB.csv
[2020-05-04 23:27:12,746] {file_sensor.py:60} INFO - Poking for file /Desktop/ftp_imports/fileB.csv
[2020-05-04 23:27:42,752] {file_sensor.py:60} INFO - Poking for file /Desktop/ftp_imports/fileB.csv
[2020-05-04 23:28:12,759] {file_sensor.py:60} INFO - Poking for file /Desktop/ftp_imports/fileB.csv
[2020-05-04 23:28:42,765] {file_sensor.py:60} INFO - Poking for file /Desktop/ftp_imports/fileB.csv
[2020-05-04 23:29:12,770] {file_sensor.py:60} INFO - Poking for file /Desktop/ftp_imports/fileB.csv
[2020-05-04 23:29:42,777] {file_sensor.py:60} INFO - Poking for file /Desktop/ftp_imports/fileB.csv
[2020-05-04 23:30:12,783] {file_sensor.py:60} INFO - Poking for file /Desktop/ftp_imports/fileB.csv
[2020-05-04 23:30:42,787] {file_sensor.py:60} INFO - Poking for file /Desktop/ftp_imports/fileB.csv
[2020-05-04 23:31:12,794] {file_sensor.py:60} INFO - Poking for file /Desktop/ftp_imports/fileB.csv
[2020-05-04 23:31:42,800] {file_sensor.py:60} INFO - Poking for file /Desktop/ftp_imports/fileB.csv
[2020-05-04 23:32:12,806] {file_sensor.py:60} INFO - Poking for file /Desktop/ftp_imports/fileB.csv
[2020-05-04 23:32:42,813] {file_sensor.py:60} INFO - Poking for file /Desktop/ftp_imports/fileB.csv
[2020-05-04 23:33:12,822] {file_sensor.py:60} INFO - Poking for file /Desktop/ftp_imports/fileB.csv
[2020-05-04 23:33:42,826] {file_sensor.py:60} INFO - Poking for file /Desktop/ftp_imports/fileB.csv
[2020-05-04 23:34:12,830] {file_sensor.py:60} INFO - Poking for file /Desktop/ftp_imports/fileB.csv
[2020-05-04 23:34:42,836] {file_sensor.py:60} INFO - Poking for file /Desktop/ftp_imports/fileB.csv
[2020-05-04 23:35:12,843] {file_sensor.py:60} INFO - Poking for file /Desktop/ftp_imports/fileB.csv
[2020-05-04 23:35:42,847] {file_sensor.py:60} INFO - Poking for file /Desktop/ftp_imports/fileB.csv
[2020-05-04 23:36:12,855] {file_sensor.py:60} INFO - Poking for file /Desktop/ftp_imports/fileB.csv
[2020-05-04 23:36:42,862] {file_sensor.py:60} INFO - Poking for file /Desktop/ftp_imports/fileB.csv
[2020-05-04 23:37:12,867] {file_sensor.py:60} INFO - Poking for file /Desktop/ftp_imports/fileB.csv
[2020-05-04 23:37:42,874] {file_sensor.py:60} INFO - Poking for file /Desktop/ftp_imports/fileB.csv
[2020-05-04 23:38:12,878] {file_sensor.py:60} INFO - Poking for file /Desktop/ftp_imports/fileB.csv
[2020-05-04 23:38:42,886] {file_sensor.py:60} INFO - Poking for file /Desktop/ftp_imports/fileB.csv
[2020-05-04 23:39:12,892] {file_sensor.py:60} INFO - Poking for file /Desktop/ftp_imports/fileB.csv
[2020-05-04 23:39:42,898] {file_sensor.py:60} INFO - Poking for file /Desktop/ftp_imports/fileB.csv
[2020-05-04 23:40:12,906] {file_sensor.py:60} INFO - Poking for file /Desktop/ftp_imports/fileB.csv
[2020-05-04 23:40:42,912] {file_sensor.py:60} INFO - Poking for file /Desktop/ftp_imports/fileB.csv
[2020-05-04 23:41:12,920] {file_sensor.py:60} INFO - Poking for file /Desktop/ftp_imports/fileB.csv
[2020-05-04 23:41:42,923] {file_sensor.py:60} INFO - Poking for file /Desktop/ftp_imports/fileB.csv
[2020-05-04 23:42:12,929] {file_sensor.py:60} INFO - Poking for file /Desktop/ftp_imports/fileB.csv
[2020-05-04 23:42:42,935] {file_sensor.py:60} INFO - Poking for file /Desktop/ftp_imports/fileB.csv
[2020-05-04 23:43:12,941] {file_sensor.py:60} INFO - Poking for file /Desktop/ftp_imports/fileB.csv
[2020-05-04 23:43:42,948] {file_sensor.py:60} INFO - Poking for file /Desktop/ftp_imports/fileB.csv
[2020-05-04 23:44:12,954] {file_sensor.py:60} INFO - Poking for file /Desktop/ftp_imports/fileB.csv
[2020-05-04 23:44:42,960] {file_sensor.py:60} INFO - Poking for file /Desktop/ftp_imports/fileB.csv
[2020-05-04 23:45:12,965] {file_sensor.py:60} INFO - Poking for file /Desktop/ftp_imports/fileB.csv
[2020-05-04 23:45:42,971] {file_sensor.py:60} INFO - Poking for file /Desktop/ftp_imports/fileB.csv
[2020-05-04 23:46:12,978] {file_sensor.py:60} INFO - Poking for file /Desktop/ftp_imports/fileB.csv
[2020-05-04 23:46:42,984] {file_sensor.py:60} INFO - Poking for file /Desktop/ftp_imports/fileB.csv
[2020-05-04 23:47:12,991] {file_sensor.py:60} INFO - Poking for file /Desktop/ftp_imports/fileB.csv
[2020-05-04 23:47:42,998] {file_sensor.py:60} INFO - Poking for file /Desktop/ftp_imports/fileB.csv
[2020-05-04 23:48:13,004] {file_sensor.py:60} INFO - Poking for file /Desktop/ftp_imports/fileB.csv
[2020-05-04 23:48:43,011] {file_sensor.py:60} INFO - Poking for file /Desktop/ftp_imports/fileB.csv
[2020-05-04 23:49:13,022] {file_sensor.py:60} INFO - Poking for file /Desktop/ftp_imports/fileB.csv
[2020-05-04 23:49:43,028] {file_sensor.py:60} INFO - Poking for file /Desktop/ftp_imports/fileB.csv
[2020-05-04 23:50:13,034] {file_sensor.py:60} INFO - Poking for file /Desktop/ftp_imports/fileB.csv
[2020-05-04 23:50:43,041] {file_sensor.py:60} INFO - Poking for file /Desktop/ftp_imports/fileB.csv
[2020-05-04 23:51:13,051] {file_sensor.py:60} INFO - Poking for file /Desktop/ftp_imports/fileB.csv
[2020-05-04 23:51:43,058] {file_sensor.py:60} INFO - Poking for file /Desktop/ftp_imports/fileB.csv
[2020-05-04 23:52:13,064] {file_sensor.py:60} INFO - Poking for file /Desktop/ftp_imports/fileB.csv
[2020-05-04 23:52:43,069] {file_sensor.py:60} INFO - Poking for file /Desktop/ftp_imports/fileB.csv
[2020-05-04 23:53:13,076] {file_sensor.py:60} INFO - Poking for file /Desktop/ftp_imports/fileB.csv
[2020-05-04 23:53:43,083] {file_sensor.py:60} INFO - Poking for file /Desktop/ftp_imports/fileB.csv
[2020-05-04 23:54:13,090] {file_sensor.py:60} INFO - Poking for file /Desktop/ftp_imports/fileB.csv
[2020-05-04 23:54:43,098] {file_sensor.py:60} INFO - Poking for file /Desktop/ftp_imports/fileB.csv
[2020-05-04 23:55:13,104] {file_sensor.py:60} INFO - Poking for file /Desktop/ftp_imports/fileB.csv
[2020-05-04 23:55:43,111] {file_sensor.py:60} INFO - Poking for file /Desktop/ftp_imports/fileB.csv
[2020-05-04 23:56:13,116] {file_sensor.py:60} INFO - Poking for file /Desktop/ftp_imports/fileB.csv
[2020-05-04 23:56:43,122] {file_sensor.py:60} INFO - Poking for file /Desktop/ftp_imports/fileB.csv
[2020-05-04 23:57:13,128] {file_sensor.py:60} INFO - Poking for file /Desktop/ftp_imports/fileB.csv
[2020-05-04 23:57:43,135] {file_sensor.py:60} INFO - Poking for file /Desktop/ftp_imports/fileB.csv
[2020-05-04 23:58:13,140] {file_sensor.py:60} INFO - Poking for file /Desktop/ftp_imports/fileB.csv
[2020-05-04 23:58:43,148] {file_sensor.py:60} INFO - Poking for file /Desktop/ftp_imports/fileB.csv
[2020-05-04 23:59:13,156] {file_sensor.py:60} INFO - Poking for file /Desktop/ftp_imports/fileB.csv
[2020-05-04 23:59:43,161] {file_sensor.py:60} INFO - Poking for file /Desktop/ftp_imports/fileB.csv
[2020-05-05 00:00:13,165] {file_sensor.py:60} INFO - Poking for file /Desktop/ftp_imports/fileB.csv
[2020-05-05 00:00:43,171] {file_sensor.py:60} INFO - Poking for file /Desktop/ftp_imports/fileB.csv
[2020-05-05 00:01:13,176] {file_sensor.py:60} INFO - Poking for file /Desktop/ftp_imports/fileB.csv
[2020-05-05 00:01:43,181] {file_sensor.py:60} INFO - Poking for file /Desktop/ftp_imports/fileB.csv
[2020-05-05 00:02:13,186] {file_sensor.py:60} INFO - Poking for file /Desktop/ftp_imports/fileB.csv
[2020-05-05 00:02:43,192] {file_sensor.py:60} INFO - Poking for file /Desktop/ftp_imports/fileB.csv
[2020-05-05 00:03:13,200] {file_sensor.py:60} INFO - Poking for file /Desktop/ftp_imports/fileB.csv
[2020-05-05 00:03:43,205] {file_sensor.py:60} INFO - Poking for file /Desktop/ftp_imports/fileB.csv
[2020-05-05 00:04:13,209] {file_sensor.py:60} INFO - Poking for file /Desktop/ftp_imports/fileB.csv
[2020-05-05 00:04:43,215] {file_sensor.py:60} INFO - Poking for file /Desktop/ftp_imports/fileB.csv
[2020-05-05 00:05:13,219] {file_sensor.py:60} INFO - Poking for file /Desktop/ftp_imports/fileB.csv
[2020-05-05 00:05:43,226] {file_sensor.py:60} INFO - Poking for file /Desktop/ftp_imports/fileB.csv
[2020-05-05 00:06:13,237] {file_sensor.py:60} INFO - Poking for file /Desktop/ftp_imports/fileB.csv
[2020-05-05 00:06:43,246] {file_sensor.py:60} INFO - Poking for file /Desktop/ftp_imports/fileB.csv
[2020-05-05 00:07:13,254] {file_sensor.py:60} INFO - Poking for file /Desktop/ftp_imports/fileB.csv
[2020-05-05 00:07:43,261] {file_sensor.py:60} INFO - Poking for file /Desktop/ftp_imports/fileB.csv
[2020-05-05 00:08:13,267] {file_sensor.py:60} INFO - Poking for file /Desktop/ftp_imports/fileB.csv
[2020-05-05 00:08:43,273] {file_sensor.py:60} INFO - Poking for file /Desktop/ftp_imports/fileB.csv
[2020-05-05 00:09:13,280] {file_sensor.py:60} INFO - Poking for file /Desktop/ftp_imports/fileB.csv
[2020-05-05 00:09:43,284] {file_sensor.py:60} INFO - Poking for file /Desktop/ftp_imports/fileB.csv
[2020-05-05 00:10:13,290] {file_sensor.py:60} INFO - Poking for file /Desktop/ftp_imports/fileB.csv
[2020-05-05 00:10:43,293] {file_sensor.py:60} INFO - Poking for file /Desktop/ftp_imports/fileB.csv
[2020-05-05 00:11:13,300] {file_sensor.py:60} INFO - Poking for file /Desktop/ftp_imports/fileB.csv
[2020-05-05 00:11:43,308] {file_sensor.py:60} INFO - Poking for file /Desktop/ftp_imports/fileB.csv
[2020-05-05 00:12:13,314] {file_sensor.py:60} INFO - Poking for file /Desktop/ftp_imports/fileB.csv
[2020-05-05 00:12:43,321] {file_sensor.py:60} INFO - Poking for file /Desktop/ftp_imports/fileB.csv
[2020-05-05 00:13:13,330] {file_sensor.py:60} INFO - Poking for file /Desktop/ftp_imports/fileB.csv
[2020-05-05 00:13:43,336] {file_sensor.py:60} INFO - Poking for file /Desktop/ftp_imports/fileB.csv
[2020-05-05 00:14:13,342] {file_sensor.py:60} INFO - Poking for file /Desktop/ftp_imports/fileB.csv
[2020-05-05 00:14:43,350] {file_sensor.py:60} INFO - Poking for file /Desktop/ftp_imports/fileB.csv
[2020-05-05 00:15:13,354] {file_sensor.py:60} INFO - Poking for file /Desktop/ftp_imports/fileB.csv
[2020-05-05 00:15:43,361] {file_sensor.py:60} INFO - Poking for file /Desktop/ftp_imports/fileB.csv
[2020-05-05 00:16:13,365] {file_sensor.py:60} INFO - Poking for file /Desktop/ftp_imports/fileB.csv
[2020-05-05 00:16:43,372] {file_sensor.py:60} INFO - Poking for file /Desktop/ftp_imports/fileB.csv
[2020-05-05 00:17:13,378] {file_sensor.py:60} INFO - Poking for file /Desktop/ftp_imports/fileB.csv
[2020-05-05 00:17:43,382] {file_sensor.py:60} INFO - Poking for file /Desktop/ftp_imports/fileB.csv
[2020-05-05 00:18:13,389] {file_sensor.py:60} INFO - Poking for file /Desktop/ftp_imports/fileB.csv
[2020-05-05 00:18:43,395] {file_sensor.py:60} INFO - Poking for file /Desktop/ftp_imports/fileB.csv
[2020-05-05 00:19:13,401] {file_sensor.py:60} INFO - Poking for file /Desktop/ftp_imports/fileB.csv
[2020-05-05 00:19:43,408] {file_sensor.py:60} INFO - Poking for file /Desktop/ftp_imports/fileB.csv
[2020-05-05 00:20:13,415] {file_sensor.py:60} INFO - Poking for file /Desktop/ftp_imports/fileB.csv
[2020-05-05 00:20:43,423] {file_sensor.py:60} INFO - Poking for file /Desktop/ftp_imports/fileB.csv
[2020-05-05 00:21:13,434] {file_sensor.py:60} INFO - Poking for file /Desktop/ftp_imports/fileB.csv
[2020-05-05 00:21:43,442] {file_sensor.py:60} INFO - Poking for file /Desktop/ftp_imports/fileB.csv
[2020-05-05 00:22:13,449] {file_sensor.py:60} INFO - Poking for file /Desktop/ftp_imports/fileB.csv
[2020-05-05 00:22:43,480] {taskinstance.py:1145} ERROR - (sqlite3.OperationalError) no such table: connection
[SQL: SELECT connection.password AS connection_password, connection.extra AS connection_extra, connection.id AS connection_id, connection.conn_id AS connection_conn_id, connection.conn_type AS connection_conn_type, connection.host AS connection_host, connection.schema AS connection_schema, connection.login AS connection_login, connection.port AS connection_port, connection.is_encrypted AS connection_is_encrypted, connection.is_extra_encrypted AS connection_is_extra_encrypted 
FROM connection 
WHERE connection.conn_id = ?]
[parameters: ('fs_default',)]
(Background on this error at: http://sqlalche.me/e/e3q8)
Traceback (most recent call last):
  File "/usr/local/lib/python3.7/site-packages/sqlalchemy/engine/base.py", line 1248, in _execute_context
    cursor, statement, parameters, context
  File "/usr/local/lib/python3.7/site-packages/sqlalchemy/engine/default.py", line 590, in do_execute
    cursor.execute(statement, parameters)
sqlite3.OperationalError: no such table: connection

The above exception was the direct cause of the following exception:

Traceback (most recent call last):
  File "/usr/local/lib/python3.7/site-packages/airflow/models/taskinstance.py", line 983, in _run_raw_task
    result = task_copy.execute(context=context)
  File "/usr/local/lib/python3.7/site-packages/airflow/sensors/base_sensor_operator.py", line 107, in execute
    while not self.poke(context):
  File "/usr/local/lib/python3.7/site-packages/airflow/contrib/sensors/file_sensor.py", line 57, in poke
    hook = FSHook(self.fs_conn_id)
  File "/usr/local/lib/python3.7/site-packages/airflow/contrib/hooks/fs_hook.py", line 38, in __init__
    conn = self.get_connection(conn_id)
  File "/usr/local/lib/python3.7/site-packages/airflow/hooks/base_hook.py", line 84, in get_connection
    conn = random.choice(list(cls.get_connections(conn_id)))
  File "/usr/local/lib/python3.7/site-packages/airflow/hooks/base_hook.py", line 80, in get_connections
    return secrets.get_connections(conn_id)
  File "/usr/local/lib/python3.7/site-packages/airflow/secrets/__init__.py", line 52, in get_connections
    conn_list = secrets_backend.get_connections(conn_id=conn_id)
  File "/usr/local/lib/python3.7/site-packages/airflow/utils/db.py", line 74, in wrapper
    return func(*args, **kwargs)
  File "/usr/local/lib/python3.7/site-packages/airflow/secrets/metastore.py", line 38, in get_connections
    conn_list = session.query(Connection).filter(Connection.conn_id == conn_id).all()
  File "/usr/local/lib/python3.7/site-packages/sqlalchemy/orm/query.py", line 3246, in all
    return list(self)
  File "/usr/local/lib/python3.7/site-packages/sqlalchemy/orm/query.py", line 3405, in __iter__
    return self._execute_and_instances(context)
  File "/usr/local/lib/python3.7/site-packages/sqlalchemy/orm/query.py", line 3430, in _execute_and_instances
    result = conn.execute(querycontext.statement, self._params)
  File "/usr/local/lib/python3.7/site-packages/sqlalchemy/engine/base.py", line 984, in execute
    return meth(self, multiparams, params)
  File "/usr/local/lib/python3.7/site-packages/sqlalchemy/sql/elements.py", line 293, in _execute_on_connection
    return connection._execute_clauseelement(self, multiparams, params)
  File "/usr/local/lib/python3.7/site-packages/sqlalchemy/engine/base.py", line 1103, in _execute_clauseelement
    distilled_params,
  File "/usr/local/lib/python3.7/site-packages/sqlalchemy/engine/base.py", line 1288, in _execute_context
    e, statement, parameters, cursor, context
  File "/usr/local/lib/python3.7/site-packages/sqlalchemy/engine/base.py", line 1482, in _handle_dbapi_exception
    sqlalchemy_exception, with_traceback=exc_info[2], from_=e
  File "/usr/local/lib/python3.7/site-packages/sqlalchemy/util/compat.py", line 178, in raise_
    raise exception
  File "/usr/local/lib/python3.7/site-packages/sqlalchemy/engine/base.py", line 1248, in _execute_context
    cursor, statement, parameters, context
  File "/usr/local/lib/python3.7/site-packages/sqlalchemy/engine/default.py", line 590, in do_execute
    cursor.execute(statement, parameters)
sqlalchemy.exc.OperationalError: (sqlite3.OperationalError) no such table: connection
[SQL: SELECT connection.password AS connection_password, connection.extra AS connection_extra, connection.id AS connection_id, connection.conn_id AS connection_conn_id, connection.conn_type AS connection_conn_type, connection.host AS connection_host, connection.schema AS connection_schema, connection.login AS connection_login, connection.port AS connection_port, connection.is_encrypted AS connection_is_encrypted, connection.is_extra_encrypted AS connection_is_extra_encrypted 
FROM connection 
WHERE connection.conn_id = ?]
[parameters: ('fs_default',)]
(Background on this error at: http://sqlalche.me/e/e3q8)
[2020-05-05 00:22:43,503] {taskinstance.py:1168} INFO - Marking task as UP_FOR_RETRY
