[2020-05-04 20:57:37,182] {taskinstance.py:669} INFO - Dependencies all met for <TaskInstance: batch_processing.read_file_a 2020-05-03T00:00:00+00:00 [queued]>
[2020-05-04 20:57:37,188] {taskinstance.py:669} INFO - Dependencies all met for <TaskInstance: batch_processing.read_file_a 2020-05-03T00:00:00+00:00 [queued]>
[2020-05-04 20:57:37,188] {taskinstance.py:879} INFO - 
--------------------------------------------------------------------------------
[2020-05-04 20:57:37,188] {taskinstance.py:880} INFO - Starting attempt 1 of 2
[2020-05-04 20:57:37,188] {taskinstance.py:881} INFO - 
--------------------------------------------------------------------------------
[2020-05-04 20:57:37,194] {taskinstance.py:900} INFO - Executing <Task(FileSensor): read_file_a> on 2020-05-03T00:00:00+00:00
[2020-05-04 20:57:37,197] {standard_task_runner.py:53} INFO - Started process 11182 to run task
[2020-05-04 20:57:37,236] {logging_mixin.py:112} INFO - Running %s on host %s <TaskInstance: batch_processing.read_file_a 2020-05-03T00:00:00+00:00 [running]> eyrunt-mbp
[2020-05-04 20:57:37,252] {file_sensor.py:60} INFO - Poking for file /~/Desktop/ftp_imports/fileA.csv
[2020-05-04 20:58:07,258] {file_sensor.py:60} INFO - Poking for file /~/Desktop/ftp_imports/fileA.csv
[2020-05-04 20:58:37,264] {file_sensor.py:60} INFO - Poking for file /~/Desktop/ftp_imports/fileA.csv
[2020-05-04 20:59:07,271] {file_sensor.py:60} INFO - Poking for file /~/Desktop/ftp_imports/fileA.csv
[2020-05-04 20:59:37,275] {file_sensor.py:60} INFO - Poking for file /~/Desktop/ftp_imports/fileA.csv
[2020-05-04 21:00:07,280] {file_sensor.py:60} INFO - Poking for file /~/Desktop/ftp_imports/fileA.csv
[2020-05-04 21:00:37,287] {file_sensor.py:60} INFO - Poking for file /~/Desktop/ftp_imports/fileA.csv
[2020-05-04 21:01:07,292] {file_sensor.py:60} INFO - Poking for file /~/Desktop/ftp_imports/fileA.csv
[2020-05-04 21:01:37,298] {file_sensor.py:60} INFO - Poking for file /~/Desktop/ftp_imports/fileA.csv
[2020-05-04 21:02:07,302] {file_sensor.py:60} INFO - Poking for file /~/Desktop/ftp_imports/fileA.csv
[2020-05-04 21:02:37,311] {file_sensor.py:60} INFO - Poking for file /~/Desktop/ftp_imports/fileA.csv
[2020-05-04 21:03:07,317] {file_sensor.py:60} INFO - Poking for file /~/Desktop/ftp_imports/fileA.csv
[2020-05-04 21:03:37,323] {file_sensor.py:60} INFO - Poking for file /~/Desktop/ftp_imports/fileA.csv
[2020-05-04 21:04:07,327] {file_sensor.py:60} INFO - Poking for file /~/Desktop/ftp_imports/fileA.csv
[2020-05-04 21:04:37,334] {file_sensor.py:60} INFO - Poking for file /~/Desktop/ftp_imports/fileA.csv
[2020-05-04 21:05:07,339] {file_sensor.py:60} INFO - Poking for file /~/Desktop/ftp_imports/fileA.csv
[2020-05-04 21:05:37,346] {file_sensor.py:60} INFO - Poking for file /~/Desktop/ftp_imports/fileA.csv
[2020-05-04 21:06:07,350] {file_sensor.py:60} INFO - Poking for file /~/Desktop/ftp_imports/fileA.csv
[2020-05-04 21:06:37,357] {file_sensor.py:60} INFO - Poking for file /~/Desktop/ftp_imports/fileA.csv
[2020-05-04 21:07:07,362] {file_sensor.py:60} INFO - Poking for file /~/Desktop/ftp_imports/fileA.csv
[2020-05-04 21:07:37,368] {file_sensor.py:60} INFO - Poking for file /~/Desktop/ftp_imports/fileA.csv
[2020-05-04 21:08:07,376] {file_sensor.py:60} INFO - Poking for file /~/Desktop/ftp_imports/fileA.csv
[2020-05-04 21:08:37,384] {file_sensor.py:60} INFO - Poking for file /~/Desktop/ftp_imports/fileA.csv
[2020-05-04 21:09:07,391] {file_sensor.py:60} INFO - Poking for file /~/Desktop/ftp_imports/fileA.csv
[2020-05-04 21:09:37,399] {file_sensor.py:60} INFO - Poking for file /~/Desktop/ftp_imports/fileA.csv
[2020-05-04 21:10:07,407] {file_sensor.py:60} INFO - Poking for file /~/Desktop/ftp_imports/fileA.csv
[2020-05-04 21:10:37,411] {file_sensor.py:60} INFO - Poking for file /~/Desktop/ftp_imports/fileA.csv
[2020-05-04 21:11:07,417] {file_sensor.py:60} INFO - Poking for file /~/Desktop/ftp_imports/fileA.csv
[2020-05-04 21:11:37,422] {file_sensor.py:60} INFO - Poking for file /~/Desktop/ftp_imports/fileA.csv
[2020-05-04 21:12:07,426] {file_sensor.py:60} INFO - Poking for file /~/Desktop/ftp_imports/fileA.csv
[2020-05-04 21:12:37,433] {file_sensor.py:60} INFO - Poking for file /~/Desktop/ftp_imports/fileA.csv
[2020-05-04 21:13:07,437] {file_sensor.py:60} INFO - Poking for file /~/Desktop/ftp_imports/fileA.csv
[2020-05-04 21:13:37,444] {file_sensor.py:60} INFO - Poking for file /~/Desktop/ftp_imports/fileA.csv
[2020-05-04 21:14:07,451] {file_sensor.py:60} INFO - Poking for file /~/Desktop/ftp_imports/fileA.csv
[2020-05-04 21:14:37,458] {file_sensor.py:60} INFO - Poking for file /~/Desktop/ftp_imports/fileA.csv
[2020-05-04 21:15:07,466] {file_sensor.py:60} INFO - Poking for file /~/Desktop/ftp_imports/fileA.csv
[2020-05-04 21:15:37,473] {file_sensor.py:60} INFO - Poking for file /~/Desktop/ftp_imports/fileA.csv
[2020-05-04 21:16:07,478] {file_sensor.py:60} INFO - Poking for file /~/Desktop/ftp_imports/fileA.csv
[2020-05-04 21:16:37,485] {file_sensor.py:60} INFO - Poking for file /~/Desktop/ftp_imports/fileA.csv
[2020-05-04 21:17:07,492] {file_sensor.py:60} INFO - Poking for file /~/Desktop/ftp_imports/fileA.csv
[2020-05-04 21:17:37,500] {file_sensor.py:60} INFO - Poking for file /~/Desktop/ftp_imports/fileA.csv
[2020-05-04 21:18:07,507] {file_sensor.py:60} INFO - Poking for file /~/Desktop/ftp_imports/fileA.csv
[2020-05-04 21:18:37,517] {file_sensor.py:60} INFO - Poking for file /~/Desktop/ftp_imports/fileA.csv
[2020-05-04 21:19:07,527] {file_sensor.py:60} INFO - Poking for file /~/Desktop/ftp_imports/fileA.csv
[2020-05-04 21:19:37,535] {file_sensor.py:60} INFO - Poking for file /~/Desktop/ftp_imports/fileA.csv
[2020-05-04 21:20:07,539] {file_sensor.py:60} INFO - Poking for file /~/Desktop/ftp_imports/fileA.csv
[2020-05-04 21:20:37,545] {file_sensor.py:60} INFO - Poking for file /~/Desktop/ftp_imports/fileA.csv
[2020-05-04 21:21:07,552] {file_sensor.py:60} INFO - Poking for file /~/Desktop/ftp_imports/fileA.csv
[2020-05-04 21:21:37,560] {file_sensor.py:60} INFO - Poking for file /~/Desktop/ftp_imports/fileA.csv
[2020-05-04 21:22:07,568] {file_sensor.py:60} INFO - Poking for file /~/Desktop/ftp_imports/fileA.csv
[2020-05-04 21:22:37,574] {file_sensor.py:60} INFO - Poking for file /~/Desktop/ftp_imports/fileA.csv
[2020-05-04 21:23:07,579] {file_sensor.py:60} INFO - Poking for file /~/Desktop/ftp_imports/fileA.csv
[2020-05-04 21:23:37,586] {file_sensor.py:60} INFO - Poking for file /~/Desktop/ftp_imports/fileA.csv
[2020-05-04 21:24:07,592] {file_sensor.py:60} INFO - Poking for file /~/Desktop/ftp_imports/fileA.csv
[2020-05-04 21:24:37,600] {file_sensor.py:60} INFO - Poking for file /~/Desktop/ftp_imports/fileA.csv
[2020-05-04 21:25:07,606] {file_sensor.py:60} INFO - Poking for file /~/Desktop/ftp_imports/fileA.csv
[2020-05-04 21:25:37,613] {file_sensor.py:60} INFO - Poking for file /~/Desktop/ftp_imports/fileA.csv
[2020-05-04 21:26:07,619] {file_sensor.py:60} INFO - Poking for file /~/Desktop/ftp_imports/fileA.csv
[2020-05-04 21:26:37,626] {file_sensor.py:60} INFO - Poking for file /~/Desktop/ftp_imports/fileA.csv
[2020-05-04 21:27:07,632] {file_sensor.py:60} INFO - Poking for file /~/Desktop/ftp_imports/fileA.csv
[2020-05-04 21:27:37,639] {file_sensor.py:60} INFO - Poking for file /~/Desktop/ftp_imports/fileA.csv
[2020-05-04 21:28:07,645] {file_sensor.py:60} INFO - Poking for file /~/Desktop/ftp_imports/fileA.csv
[2020-05-04 21:28:37,651] {file_sensor.py:60} INFO - Poking for file /~/Desktop/ftp_imports/fileA.csv
[2020-05-04 21:29:07,658] {file_sensor.py:60} INFO - Poking for file /~/Desktop/ftp_imports/fileA.csv
[2020-05-04 21:29:37,664] {file_sensor.py:60} INFO - Poking for file /~/Desktop/ftp_imports/fileA.csv
[2020-05-04 21:30:07,671] {file_sensor.py:60} INFO - Poking for file /~/Desktop/ftp_imports/fileA.csv
[2020-05-04 21:30:37,676] {file_sensor.py:60} INFO - Poking for file /~/Desktop/ftp_imports/fileA.csv
[2020-05-04 21:31:07,679] {file_sensor.py:60} INFO - Poking for file /~/Desktop/ftp_imports/fileA.csv
[2020-05-04 21:31:37,685] {file_sensor.py:60} INFO - Poking for file /~/Desktop/ftp_imports/fileA.csv
[2020-05-04 21:32:07,692] {file_sensor.py:60} INFO - Poking for file /~/Desktop/ftp_imports/fileA.csv
[2020-05-04 21:32:37,696] {file_sensor.py:60} INFO - Poking for file /~/Desktop/ftp_imports/fileA.csv
[2020-05-04 21:33:07,701] {file_sensor.py:60} INFO - Poking for file /~/Desktop/ftp_imports/fileA.csv
[2020-05-04 21:33:37,708] {file_sensor.py:60} INFO - Poking for file /~/Desktop/ftp_imports/fileA.csv
[2020-05-04 21:34:07,719] {file_sensor.py:60} INFO - Poking for file /~/Desktop/ftp_imports/fileA.csv
[2020-05-04 21:34:37,724] {file_sensor.py:60} INFO - Poking for file /~/Desktop/ftp_imports/fileA.csv
[2020-05-04 21:35:07,729] {file_sensor.py:60} INFO - Poking for file /~/Desktop/ftp_imports/fileA.csv
[2020-05-04 21:35:37,735] {file_sensor.py:60} INFO - Poking for file /~/Desktop/ftp_imports/fileA.csv
[2020-05-04 21:36:07,739] {file_sensor.py:60} INFO - Poking for file /~/Desktop/ftp_imports/fileA.csv
[2020-05-04 21:36:37,745] {file_sensor.py:60} INFO - Poking for file /~/Desktop/ftp_imports/fileA.csv
[2020-05-04 21:37:07,751] {file_sensor.py:60} INFO - Poking for file /~/Desktop/ftp_imports/fileA.csv
[2020-05-04 21:37:37,758] {file_sensor.py:60} INFO - Poking for file /~/Desktop/ftp_imports/fileA.csv
[2020-05-04 21:38:07,766] {file_sensor.py:60} INFO - Poking for file /~/Desktop/ftp_imports/fileA.csv
[2020-05-04 21:38:37,773] {file_sensor.py:60} INFO - Poking for file /~/Desktop/ftp_imports/fileA.csv
[2020-05-04 21:39:07,780] {file_sensor.py:60} INFO - Poking for file /~/Desktop/ftp_imports/fileA.csv
[2020-05-04 21:39:37,786] {file_sensor.py:60} INFO - Poking for file /~/Desktop/ftp_imports/fileA.csv
[2020-05-04 21:40:07,791] {file_sensor.py:60} INFO - Poking for file /~/Desktop/ftp_imports/fileA.csv
[2020-05-04 21:40:37,796] {file_sensor.py:60} INFO - Poking for file /~/Desktop/ftp_imports/fileA.csv
[2020-05-04 21:41:07,800] {file_sensor.py:60} INFO - Poking for file /~/Desktop/ftp_imports/fileA.csv
[2020-05-04 21:41:37,805] {file_sensor.py:60} INFO - Poking for file /~/Desktop/ftp_imports/fileA.csv
[2020-05-04 21:42:07,808] {file_sensor.py:60} INFO - Poking for file /~/Desktop/ftp_imports/fileA.csv
[2020-05-04 21:42:37,815] {file_sensor.py:60} INFO - Poking for file /~/Desktop/ftp_imports/fileA.csv
[2020-05-04 21:43:07,823] {file_sensor.py:60} INFO - Poking for file /~/Desktop/ftp_imports/fileA.csv
[2020-05-04 21:43:37,830] {file_sensor.py:60} INFO - Poking for file /~/Desktop/ftp_imports/fileA.csv
[2020-05-04 21:44:07,836] {file_sensor.py:60} INFO - Poking for file /~/Desktop/ftp_imports/fileA.csv
[2020-05-04 21:44:37,841] {file_sensor.py:60} INFO - Poking for file /~/Desktop/ftp_imports/fileA.csv
[2020-05-04 21:45:07,857] {file_sensor.py:60} INFO - Poking for file /~/Desktop/ftp_imports/fileA.csv
[2020-05-04 21:45:37,861] {file_sensor.py:60} INFO - Poking for file /~/Desktop/ftp_imports/fileA.csv
[2020-05-04 21:46:07,867] {file_sensor.py:60} INFO - Poking for file /~/Desktop/ftp_imports/fileA.csv
[2020-05-04 21:46:37,875] {file_sensor.py:60} INFO - Poking for file /~/Desktop/ftp_imports/fileA.csv
[2020-05-04 21:47:07,882] {file_sensor.py:60} INFO - Poking for file /~/Desktop/ftp_imports/fileA.csv
[2020-05-04 21:47:37,888] {file_sensor.py:60} INFO - Poking for file /~/Desktop/ftp_imports/fileA.csv
[2020-05-04 21:48:07,894] {file_sensor.py:60} INFO - Poking for file /~/Desktop/ftp_imports/fileA.csv
[2020-05-04 21:48:37,897] {file_sensor.py:60} INFO - Poking for file /~/Desktop/ftp_imports/fileA.csv
[2020-05-04 21:49:07,904] {file_sensor.py:60} INFO - Poking for file /~/Desktop/ftp_imports/fileA.csv
[2020-05-04 21:49:37,912] {file_sensor.py:60} INFO - Poking for file /~/Desktop/ftp_imports/fileA.csv
[2020-05-04 21:50:07,919] {file_sensor.py:60} INFO - Poking for file /~/Desktop/ftp_imports/fileA.csv
[2020-05-04 21:50:37,927] {file_sensor.py:60} INFO - Poking for file /~/Desktop/ftp_imports/fileA.csv
[2020-05-04 21:51:07,935] {file_sensor.py:60} INFO - Poking for file /~/Desktop/ftp_imports/fileA.csv
[2020-05-04 21:51:37,939] {file_sensor.py:60} INFO - Poking for file /~/Desktop/ftp_imports/fileA.csv
[2020-05-04 21:52:07,945] {file_sensor.py:60} INFO - Poking for file /~/Desktop/ftp_imports/fileA.csv
[2020-05-04 21:52:37,949] {file_sensor.py:60} INFO - Poking for file /~/Desktop/ftp_imports/fileA.csv
[2020-05-04 21:53:07,956] {file_sensor.py:60} INFO - Poking for file /~/Desktop/ftp_imports/fileA.csv
[2020-05-04 21:53:37,960] {file_sensor.py:60} INFO - Poking for file /~/Desktop/ftp_imports/fileA.csv
[2020-05-04 21:54:07,967] {file_sensor.py:60} INFO - Poking for file /~/Desktop/ftp_imports/fileA.csv
[2020-05-04 21:54:37,974] {file_sensor.py:60} INFO - Poking for file /~/Desktop/ftp_imports/fileA.csv
[2020-05-04 21:55:07,978] {file_sensor.py:60} INFO - Poking for file /~/Desktop/ftp_imports/fileA.csv
[2020-05-04 21:55:37,984] {file_sensor.py:60} INFO - Poking for file /~/Desktop/ftp_imports/fileA.csv
[2020-05-04 21:56:07,989] {file_sensor.py:60} INFO - Poking for file /~/Desktop/ftp_imports/fileA.csv
[2020-05-04 21:56:37,995] {file_sensor.py:60} INFO - Poking for file /~/Desktop/ftp_imports/fileA.csv
[2020-05-04 21:57:07,999] {file_sensor.py:60} INFO - Poking for file /~/Desktop/ftp_imports/fileA.csv
[2020-05-04 21:57:38,005] {file_sensor.py:60} INFO - Poking for file /~/Desktop/ftp_imports/fileA.csv
[2020-05-04 21:58:08,011] {file_sensor.py:60} INFO - Poking for file /~/Desktop/ftp_imports/fileA.csv
[2020-05-04 21:58:38,015] {file_sensor.py:60} INFO - Poking for file /~/Desktop/ftp_imports/fileA.csv
[2020-05-04 21:59:08,019] {file_sensor.py:60} INFO - Poking for file /~/Desktop/ftp_imports/fileA.csv
[2020-05-04 21:59:38,026] {file_sensor.py:60} INFO - Poking for file /~/Desktop/ftp_imports/fileA.csv
[2020-05-04 22:00:08,035] {file_sensor.py:60} INFO - Poking for file /~/Desktop/ftp_imports/fileA.csv
[2020-05-04 22:00:38,040] {file_sensor.py:60} INFO - Poking for file /~/Desktop/ftp_imports/fileA.csv
[2020-05-04 22:01:08,048] {file_sensor.py:60} INFO - Poking for file /~/Desktop/ftp_imports/fileA.csv
[2020-05-04 22:01:38,053] {file_sensor.py:60} INFO - Poking for file /~/Desktop/ftp_imports/fileA.csv
[2020-05-04 22:02:08,059] {file_sensor.py:60} INFO - Poking for file /~/Desktop/ftp_imports/fileA.csv
[2020-05-04 22:02:38,063] {file_sensor.py:60} INFO - Poking for file /~/Desktop/ftp_imports/fileA.csv
[2020-05-04 22:03:08,070] {file_sensor.py:60} INFO - Poking for file /~/Desktop/ftp_imports/fileA.csv
[2020-05-04 22:03:38,076] {file_sensor.py:60} INFO - Poking for file /~/Desktop/ftp_imports/fileA.csv
[2020-05-04 22:04:08,080] {file_sensor.py:60} INFO - Poking for file /~/Desktop/ftp_imports/fileA.csv
[2020-05-04 22:04:38,083] {file_sensor.py:60} INFO - Poking for file /~/Desktop/ftp_imports/fileA.csv
[2020-05-04 22:05:08,090] {file_sensor.py:60} INFO - Poking for file /~/Desktop/ftp_imports/fileA.csv
[2020-05-04 22:05:38,100] {file_sensor.py:60} INFO - Poking for file /~/Desktop/ftp_imports/fileA.csv
[2020-05-04 22:06:08,107] {file_sensor.py:60} INFO - Poking for file /~/Desktop/ftp_imports/fileA.csv
[2020-05-04 22:06:38,117] {file_sensor.py:60} INFO - Poking for file /~/Desktop/ftp_imports/fileA.csv
[2020-05-04 22:07:08,122] {file_sensor.py:60} INFO - Poking for file /~/Desktop/ftp_imports/fileA.csv
[2020-05-04 22:07:38,128] {file_sensor.py:60} INFO - Poking for file /~/Desktop/ftp_imports/fileA.csv
[2020-05-04 22:08:08,135] {file_sensor.py:60} INFO - Poking for file /~/Desktop/ftp_imports/fileA.csv
[2020-05-04 22:08:38,143] {file_sensor.py:60} INFO - Poking for file /~/Desktop/ftp_imports/fileA.csv
[2020-05-04 22:09:08,149] {file_sensor.py:60} INFO - Poking for file /~/Desktop/ftp_imports/fileA.csv
[2020-05-04 22:09:38,156] {file_sensor.py:60} INFO - Poking for file /~/Desktop/ftp_imports/fileA.csv
[2020-05-04 22:10:08,163] {file_sensor.py:60} INFO - Poking for file /~/Desktop/ftp_imports/fileA.csv
[2020-05-04 22:10:38,171] {file_sensor.py:60} INFO - Poking for file /~/Desktop/ftp_imports/fileA.csv
[2020-05-04 22:11:08,177] {file_sensor.py:60} INFO - Poking for file /~/Desktop/ftp_imports/fileA.csv
[2020-05-04 22:11:38,183] {file_sensor.py:60} INFO - Poking for file /~/Desktop/ftp_imports/fileA.csv
[2020-05-04 22:12:08,190] {file_sensor.py:60} INFO - Poking for file /~/Desktop/ftp_imports/fileA.csv
[2020-05-04 22:12:38,195] {file_sensor.py:60} INFO - Poking for file /~/Desktop/ftp_imports/fileA.csv
[2020-05-04 22:13:08,199] {file_sensor.py:60} INFO - Poking for file /~/Desktop/ftp_imports/fileA.csv
[2020-05-04 22:13:38,203] {file_sensor.py:60} INFO - Poking for file /~/Desktop/ftp_imports/fileA.csv
[2020-05-04 22:14:08,207] {file_sensor.py:60} INFO - Poking for file /~/Desktop/ftp_imports/fileA.csv
[2020-05-04 22:14:38,214] {file_sensor.py:60} INFO - Poking for file /~/Desktop/ftp_imports/fileA.csv
[2020-05-04 22:15:08,217] {file_sensor.py:60} INFO - Poking for file /~/Desktop/ftp_imports/fileA.csv
[2020-05-04 22:15:38,225] {file_sensor.py:60} INFO - Poking for file /~/Desktop/ftp_imports/fileA.csv
[2020-05-04 22:16:08,229] {file_sensor.py:60} INFO - Poking for file /~/Desktop/ftp_imports/fileA.csv
[2020-05-04 22:16:38,234] {file_sensor.py:60} INFO - Poking for file /~/Desktop/ftp_imports/fileA.csv
[2020-05-04 22:17:08,238] {file_sensor.py:60} INFO - Poking for file /~/Desktop/ftp_imports/fileA.csv
[2020-05-04 22:17:38,241] {file_sensor.py:60} INFO - Poking for file /~/Desktop/ftp_imports/fileA.csv
[2020-05-04 22:18:08,245] {file_sensor.py:60} INFO - Poking for file /~/Desktop/ftp_imports/fileA.csv
[2020-05-04 22:18:38,249] {file_sensor.py:60} INFO - Poking for file /~/Desktop/ftp_imports/fileA.csv
[2020-05-04 22:19:08,253] {file_sensor.py:60} INFO - Poking for file /~/Desktop/ftp_imports/fileA.csv
[2020-05-04 22:19:38,257] {file_sensor.py:60} INFO - Poking for file /~/Desktop/ftp_imports/fileA.csv
[2020-05-04 22:20:08,261] {file_sensor.py:60} INFO - Poking for file /~/Desktop/ftp_imports/fileA.csv
[2020-05-04 22:20:38,266] {file_sensor.py:60} INFO - Poking for file /~/Desktop/ftp_imports/fileA.csv
[2020-05-04 22:21:08,274] {file_sensor.py:60} INFO - Poking for file /~/Desktop/ftp_imports/fileA.csv
[2020-05-04 22:21:38,278] {file_sensor.py:60} INFO - Poking for file /~/Desktop/ftp_imports/fileA.csv
[2020-05-04 22:22:08,283] {file_sensor.py:60} INFO - Poking for file /~/Desktop/ftp_imports/fileA.csv
[2020-05-04 22:22:38,289] {file_sensor.py:60} INFO - Poking for file /~/Desktop/ftp_imports/fileA.csv
[2020-05-04 22:23:08,295] {file_sensor.py:60} INFO - Poking for file /~/Desktop/ftp_imports/fileA.csv
[2020-05-04 22:23:38,301] {file_sensor.py:60} INFO - Poking for file /~/Desktop/ftp_imports/fileA.csv
[2020-05-04 22:24:08,308] {file_sensor.py:60} INFO - Poking for file /~/Desktop/ftp_imports/fileA.csv
[2020-05-04 22:24:38,316] {file_sensor.py:60} INFO - Poking for file /~/Desktop/ftp_imports/fileA.csv
[2020-05-04 22:25:08,320] {file_sensor.py:60} INFO - Poking for file /~/Desktop/ftp_imports/fileA.csv
[2020-05-04 22:25:38,324] {file_sensor.py:60} INFO - Poking for file /~/Desktop/ftp_imports/fileA.csv
[2020-05-04 22:26:08,330] {file_sensor.py:60} INFO - Poking for file /~/Desktop/ftp_imports/fileA.csv
[2020-05-04 22:26:38,336] {file_sensor.py:60} INFO - Poking for file /~/Desktop/ftp_imports/fileA.csv
[2020-05-04 22:27:08,343] {file_sensor.py:60} INFO - Poking for file /~/Desktop/ftp_imports/fileA.csv
[2020-05-04 22:27:38,351] {file_sensor.py:60} INFO - Poking for file /~/Desktop/ftp_imports/fileA.csv
[2020-05-04 22:28:08,354] {file_sensor.py:60} INFO - Poking for file /~/Desktop/ftp_imports/fileA.csv
[2020-05-04 22:28:38,361] {file_sensor.py:60} INFO - Poking for file /~/Desktop/ftp_imports/fileA.csv
[2020-05-04 22:29:08,368] {file_sensor.py:60} INFO - Poking for file /~/Desktop/ftp_imports/fileA.csv
[2020-05-04 22:29:38,373] {file_sensor.py:60} INFO - Poking for file /~/Desktop/ftp_imports/fileA.csv
[2020-05-04 22:30:08,380] {file_sensor.py:60} INFO - Poking for file /~/Desktop/ftp_imports/fileA.csv
[2020-05-04 22:30:38,387] {file_sensor.py:60} INFO - Poking for file /~/Desktop/ftp_imports/fileA.csv
[2020-05-04 22:31:08,393] {file_sensor.py:60} INFO - Poking for file /~/Desktop/ftp_imports/fileA.csv
[2020-05-04 22:31:38,399] {file_sensor.py:60} INFO - Poking for file /~/Desktop/ftp_imports/fileA.csv
[2020-05-04 22:32:08,406] {file_sensor.py:60} INFO - Poking for file /~/Desktop/ftp_imports/fileA.csv
[2020-05-04 22:32:38,412] {file_sensor.py:60} INFO - Poking for file /~/Desktop/ftp_imports/fileA.csv
[2020-05-04 22:33:08,420] {file_sensor.py:60} INFO - Poking for file /~/Desktop/ftp_imports/fileA.csv
[2020-05-04 22:33:38,426] {file_sensor.py:60} INFO - Poking for file /~/Desktop/ftp_imports/fileA.csv
[2020-05-04 22:34:08,433] {file_sensor.py:60} INFO - Poking for file /~/Desktop/ftp_imports/fileA.csv
[2020-05-04 22:34:38,440] {file_sensor.py:60} INFO - Poking for file /~/Desktop/ftp_imports/fileA.csv
[2020-05-04 22:35:08,448] {file_sensor.py:60} INFO - Poking for file /~/Desktop/ftp_imports/fileA.csv
[2020-05-04 22:35:38,452] {file_sensor.py:60} INFO - Poking for file /~/Desktop/ftp_imports/fileA.csv
[2020-05-04 22:36:08,462] {file_sensor.py:60} INFO - Poking for file /~/Desktop/ftp_imports/fileA.csv
[2020-05-04 22:36:38,468] {file_sensor.py:60} INFO - Poking for file /~/Desktop/ftp_imports/fileA.csv
[2020-05-04 22:37:08,472] {file_sensor.py:60} INFO - Poking for file /~/Desktop/ftp_imports/fileA.csv
[2020-05-04 22:37:38,479] {file_sensor.py:60} INFO - Poking for file /~/Desktop/ftp_imports/fileA.csv
[2020-05-04 22:38:08,485] {file_sensor.py:60} INFO - Poking for file /~/Desktop/ftp_imports/fileA.csv
[2020-05-04 22:38:38,493] {file_sensor.py:60} INFO - Poking for file /~/Desktop/ftp_imports/fileA.csv
[2020-05-04 22:39:08,499] {file_sensor.py:60} INFO - Poking for file /~/Desktop/ftp_imports/fileA.csv
[2020-05-04 22:39:38,505] {file_sensor.py:60} INFO - Poking for file /~/Desktop/ftp_imports/fileA.csv
[2020-05-04 22:40:08,512] {file_sensor.py:60} INFO - Poking for file /~/Desktop/ftp_imports/fileA.csv
[2020-05-04 22:40:38,520] {file_sensor.py:60} INFO - Poking for file /~/Desktop/ftp_imports/fileA.csv
[2020-05-04 22:41:08,524] {file_sensor.py:60} INFO - Poking for file /~/Desktop/ftp_imports/fileA.csv
[2020-05-04 22:41:38,531] {file_sensor.py:60} INFO - Poking for file /~/Desktop/ftp_imports/fileA.csv
[2020-05-04 22:42:08,535] {file_sensor.py:60} INFO - Poking for file /~/Desktop/ftp_imports/fileA.csv
[2020-05-04 22:42:38,541] {file_sensor.py:60} INFO - Poking for file /~/Desktop/ftp_imports/fileA.csv
[2020-05-04 22:43:08,546] {file_sensor.py:60} INFO - Poking for file /~/Desktop/ftp_imports/fileA.csv
[2020-05-04 22:43:38,553] {file_sensor.py:60} INFO - Poking for file /~/Desktop/ftp_imports/fileA.csv
[2020-05-04 22:44:08,559] {file_sensor.py:60} INFO - Poking for file /~/Desktop/ftp_imports/fileA.csv
[2020-05-04 22:44:38,564] {file_sensor.py:60} INFO - Poking for file /~/Desktop/ftp_imports/fileA.csv
[2020-05-04 22:45:08,570] {file_sensor.py:60} INFO - Poking for file /~/Desktop/ftp_imports/fileA.csv
[2020-05-04 22:45:38,577] {file_sensor.py:60} INFO - Poking for file /~/Desktop/ftp_imports/fileA.csv
[2020-05-04 22:46:08,583] {file_sensor.py:60} INFO - Poking for file /~/Desktop/ftp_imports/fileA.csv
[2020-05-04 22:46:38,590] {file_sensor.py:60} INFO - Poking for file /~/Desktop/ftp_imports/fileA.csv
[2020-05-04 22:47:08,594] {file_sensor.py:60} INFO - Poking for file /~/Desktop/ftp_imports/fileA.csv
[2020-05-04 22:47:38,598] {file_sensor.py:60} INFO - Poking for file /~/Desktop/ftp_imports/fileA.csv
[2020-05-04 22:48:08,602] {file_sensor.py:60} INFO - Poking for file /~/Desktop/ftp_imports/fileA.csv
[2020-05-04 22:48:38,606] {file_sensor.py:60} INFO - Poking for file /~/Desktop/ftp_imports/fileA.csv
[2020-05-04 22:49:08,612] {file_sensor.py:60} INFO - Poking for file /~/Desktop/ftp_imports/fileA.csv
[2020-05-04 22:49:38,617] {file_sensor.py:60} INFO - Poking for file /~/Desktop/ftp_imports/fileA.csv
[2020-05-04 22:50:08,624] {file_sensor.py:60} INFO - Poking for file /~/Desktop/ftp_imports/fileA.csv
[2020-05-04 22:50:38,631] {file_sensor.py:60} INFO - Poking for file /~/Desktop/ftp_imports/fileA.csv
[2020-05-04 22:51:08,643] {file_sensor.py:60} INFO - Poking for file /~/Desktop/ftp_imports/fileA.csv
[2020-05-04 22:51:38,654] {file_sensor.py:60} INFO - Poking for file /~/Desktop/ftp_imports/fileA.csv
[2020-05-04 22:52:08,661] {file_sensor.py:60} INFO - Poking for file /~/Desktop/ftp_imports/fileA.csv
[2020-05-04 22:52:38,666] {file_sensor.py:60} INFO - Poking for file /~/Desktop/ftp_imports/fileA.csv
[2020-05-04 22:53:08,673] {file_sensor.py:60} INFO - Poking for file /~/Desktop/ftp_imports/fileA.csv
[2020-05-04 22:53:38,680] {file_sensor.py:60} INFO - Poking for file /~/Desktop/ftp_imports/fileA.csv
[2020-05-04 22:54:08,686] {file_sensor.py:60} INFO - Poking for file /~/Desktop/ftp_imports/fileA.csv
[2020-05-04 22:54:38,692] {file_sensor.py:60} INFO - Poking for file /~/Desktop/ftp_imports/fileA.csv
[2020-05-04 22:55:08,698] {file_sensor.py:60} INFO - Poking for file /~/Desktop/ftp_imports/fileA.csv
[2020-05-04 22:55:38,705] {file_sensor.py:60} INFO - Poking for file /~/Desktop/ftp_imports/fileA.csv
[2020-05-04 22:56:08,713] {file_sensor.py:60} INFO - Poking for file /~/Desktop/ftp_imports/fileA.csv
[2020-05-04 22:56:38,720] {file_sensor.py:60} INFO - Poking for file /~/Desktop/ftp_imports/fileA.csv
[2020-05-04 22:57:08,727] {file_sensor.py:60} INFO - Poking for file /~/Desktop/ftp_imports/fileA.csv
[2020-05-04 22:57:38,734] {file_sensor.py:60} INFO - Poking for file /~/Desktop/ftp_imports/fileA.csv
[2020-05-04 22:58:08,741] {file_sensor.py:60} INFO - Poking for file /~/Desktop/ftp_imports/fileA.csv
[2020-05-04 22:58:38,747] {file_sensor.py:60} INFO - Poking for file /~/Desktop/ftp_imports/fileA.csv
[2020-05-04 22:59:08,754] {file_sensor.py:60} INFO - Poking for file /~/Desktop/ftp_imports/fileA.csv
[2020-05-04 22:59:38,758] {file_sensor.py:60} INFO - Poking for file /~/Desktop/ftp_imports/fileA.csv
[2020-05-04 23:00:08,763] {file_sensor.py:60} INFO - Poking for file /~/Desktop/ftp_imports/fileA.csv
[2020-05-04 23:00:38,768] {file_sensor.py:60} INFO - Poking for file /~/Desktop/ftp_imports/fileA.csv
[2020-05-04 23:01:08,773] {file_sensor.py:60} INFO - Poking for file /~/Desktop/ftp_imports/fileA.csv
[2020-05-04 23:01:38,778] {file_sensor.py:60} INFO - Poking for file /~/Desktop/ftp_imports/fileA.csv
[2020-05-04 23:02:08,782] {file_sensor.py:60} INFO - Poking for file /~/Desktop/ftp_imports/fileA.csv
[2020-05-04 23:02:38,786] {file_sensor.py:60} INFO - Poking for file /~/Desktop/ftp_imports/fileA.csv
[2020-05-04 23:03:08,791] {file_sensor.py:60} INFO - Poking for file /~/Desktop/ftp_imports/fileA.csv
[2020-05-04 23:03:38,798] {file_sensor.py:60} INFO - Poking for file /~/Desktop/ftp_imports/fileA.csv
[2020-05-04 23:04:08,802] {file_sensor.py:60} INFO - Poking for file /~/Desktop/ftp_imports/fileA.csv
[2020-05-04 23:04:38,810] {file_sensor.py:60} INFO - Poking for file /~/Desktop/ftp_imports/fileA.csv
[2020-05-04 23:05:08,816] {file_sensor.py:60} INFO - Poking for file /~/Desktop/ftp_imports/fileA.csv
[2020-05-04 23:05:38,823] {file_sensor.py:60} INFO - Poking for file /~/Desktop/ftp_imports/fileA.csv
[2020-05-04 23:06:08,833] {file_sensor.py:60} INFO - Poking for file /~/Desktop/ftp_imports/fileA.csv
[2020-05-04 23:06:38,840] {file_sensor.py:60} INFO - Poking for file /~/Desktop/ftp_imports/fileA.csv
[2020-05-04 23:07:08,845] {file_sensor.py:60} INFO - Poking for file /~/Desktop/ftp_imports/fileA.csv
[2020-05-04 23:07:38,855] {file_sensor.py:60} INFO - Poking for file /~/Desktop/ftp_imports/fileA.csv
[2020-05-04 23:08:08,863] {file_sensor.py:60} INFO - Poking for file /~/Desktop/ftp_imports/fileA.csv
[2020-05-04 23:08:38,869] {file_sensor.py:60} INFO - Poking for file /~/Desktop/ftp_imports/fileA.csv
[2020-05-04 23:09:08,875] {file_sensor.py:60} INFO - Poking for file /~/Desktop/ftp_imports/fileA.csv
[2020-05-04 23:09:38,879] {file_sensor.py:60} INFO - Poking for file /~/Desktop/ftp_imports/fileA.csv
[2020-05-04 23:10:08,883] {file_sensor.py:60} INFO - Poking for file /~/Desktop/ftp_imports/fileA.csv
[2020-05-04 23:10:38,886] {file_sensor.py:60} INFO - Poking for file /~/Desktop/ftp_imports/fileA.csv
[2020-05-04 23:11:08,889] {file_sensor.py:60} INFO - Poking for file /~/Desktop/ftp_imports/fileA.csv
[2020-05-04 23:11:38,896] {file_sensor.py:60} INFO - Poking for file /~/Desktop/ftp_imports/fileA.csv
[2020-05-04 23:12:08,903] {file_sensor.py:60} INFO - Poking for file /~/Desktop/ftp_imports/fileA.csv
[2020-05-04 23:12:38,908] {file_sensor.py:60} INFO - Poking for file /~/Desktop/ftp_imports/fileA.csv
[2020-05-04 23:13:08,913] {file_sensor.py:60} INFO - Poking for file /~/Desktop/ftp_imports/fileA.csv
[2020-05-04 23:13:38,919] {file_sensor.py:60} INFO - Poking for file /~/Desktop/ftp_imports/fileA.csv
[2020-05-04 23:14:08,923] {file_sensor.py:60} INFO - Poking for file /~/Desktop/ftp_imports/fileA.csv
[2020-05-04 23:14:38,929] {file_sensor.py:60} INFO - Poking for file /~/Desktop/ftp_imports/fileA.csv
[2020-05-04 23:15:08,935] {file_sensor.py:60} INFO - Poking for file /~/Desktop/ftp_imports/fileA.csv
[2020-05-04 23:15:38,942] {file_sensor.py:60} INFO - Poking for file /~/Desktop/ftp_imports/fileA.csv
[2020-05-04 23:16:08,947] {file_sensor.py:60} INFO - Poking for file /~/Desktop/ftp_imports/fileA.csv
[2020-05-04 23:16:38,954] {file_sensor.py:60} INFO - Poking for file /~/Desktop/ftp_imports/fileA.csv
[2020-05-04 23:17:08,958] {file_sensor.py:60} INFO - Poking for file /~/Desktop/ftp_imports/fileA.csv
[2020-05-04 23:17:38,962] {file_sensor.py:60} INFO - Poking for file /~/Desktop/ftp_imports/fileA.csv
[2020-05-04 23:18:08,967] {file_sensor.py:60} INFO - Poking for file /~/Desktop/ftp_imports/fileA.csv
[2020-05-04 23:18:38,974] {file_sensor.py:60} INFO - Poking for file /~/Desktop/ftp_imports/fileA.csv
[2020-05-04 23:19:08,981] {file_sensor.py:60} INFO - Poking for file /~/Desktop/ftp_imports/fileA.csv
[2020-05-04 23:19:38,985] {file_sensor.py:60} INFO - Poking for file /~/Desktop/ftp_imports/fileA.csv
[2020-05-04 23:20:08,989] {file_sensor.py:60} INFO - Poking for file /~/Desktop/ftp_imports/fileA.csv
[2020-05-04 23:20:38,995] {file_sensor.py:60} INFO - Poking for file /~/Desktop/ftp_imports/fileA.csv
[2020-05-04 23:21:09,005] {file_sensor.py:60} INFO - Poking for file /~/Desktop/ftp_imports/fileA.csv
[2020-05-04 23:21:39,009] {file_sensor.py:60} INFO - Poking for file /~/Desktop/ftp_imports/fileA.csv
[2020-05-04 23:22:09,014] {file_sensor.py:60} INFO - Poking for file /~/Desktop/ftp_imports/fileA.csv
[2020-05-04 23:22:39,018] {file_sensor.py:60} INFO - Poking for file /~/Desktop/ftp_imports/fileA.csv
[2020-05-04 23:23:09,025] {file_sensor.py:60} INFO - Poking for file /~/Desktop/ftp_imports/fileA.csv
[2020-05-04 23:23:39,032] {file_sensor.py:60} INFO - Poking for file /~/Desktop/ftp_imports/fileA.csv
[2020-05-04 23:24:09,037] {file_sensor.py:60} INFO - Poking for file /~/Desktop/ftp_imports/fileA.csv
[2020-05-04 23:24:39,043] {file_sensor.py:60} INFO - Poking for file /~/Desktop/ftp_imports/fileA.csv
[2020-05-04 23:25:09,047] {file_sensor.py:60} INFO - Poking for file /~/Desktop/ftp_imports/fileA.csv
[2020-05-04 23:25:39,052] {file_sensor.py:60} INFO - Poking for file /~/Desktop/ftp_imports/fileA.csv
[2020-05-04 23:26:09,055] {file_sensor.py:60} INFO - Poking for file /~/Desktop/ftp_imports/fileA.csv
[2020-05-04 23:26:39,062] {file_sensor.py:60} INFO - Poking for file /~/Desktop/ftp_imports/fileA.csv
[2020-05-04 23:27:09,065] {file_sensor.py:60} INFO - Poking for file /~/Desktop/ftp_imports/fileA.csv
[2020-05-04 23:27:39,071] {file_sensor.py:60} INFO - Poking for file /~/Desktop/ftp_imports/fileA.csv
[2020-05-04 23:28:09,077] {file_sensor.py:60} INFO - Poking for file /~/Desktop/ftp_imports/fileA.csv
[2020-05-04 23:28:39,083] {file_sensor.py:60} INFO - Poking for file /~/Desktop/ftp_imports/fileA.csv
[2020-05-04 23:29:09,100] {file_sensor.py:60} INFO - Poking for file /~/Desktop/ftp_imports/fileA.csv
[2020-05-04 23:29:39,106] {file_sensor.py:60} INFO - Poking for file /~/Desktop/ftp_imports/fileA.csv
[2020-05-04 23:30:09,113] {file_sensor.py:60} INFO - Poking for file /~/Desktop/ftp_imports/fileA.csv
[2020-05-04 23:30:39,120] {file_sensor.py:60} INFO - Poking for file /~/Desktop/ftp_imports/fileA.csv
[2020-05-04 23:31:09,127] {file_sensor.py:60} INFO - Poking for file /~/Desktop/ftp_imports/fileA.csv
[2020-05-04 23:31:39,133] {file_sensor.py:60} INFO - Poking for file /~/Desktop/ftp_imports/fileA.csv
[2020-05-04 23:32:09,139] {file_sensor.py:60} INFO - Poking for file /~/Desktop/ftp_imports/fileA.csv
[2020-05-04 23:32:39,146] {file_sensor.py:60} INFO - Poking for file /~/Desktop/ftp_imports/fileA.csv
[2020-05-04 23:33:09,154] {file_sensor.py:60} INFO - Poking for file /~/Desktop/ftp_imports/fileA.csv
[2020-05-04 23:33:39,160] {file_sensor.py:60} INFO - Poking for file /~/Desktop/ftp_imports/fileA.csv
[2020-05-04 23:34:09,164] {file_sensor.py:60} INFO - Poking for file /~/Desktop/ftp_imports/fileA.csv
[2020-05-04 23:34:39,170] {file_sensor.py:60} INFO - Poking for file /~/Desktop/ftp_imports/fileA.csv
[2020-05-04 23:35:09,175] {file_sensor.py:60} INFO - Poking for file /~/Desktop/ftp_imports/fileA.csv
[2020-05-04 23:35:39,182] {file_sensor.py:60} INFO - Poking for file /~/Desktop/ftp_imports/fileA.csv
[2020-05-04 23:36:09,188] {file_sensor.py:60} INFO - Poking for file /~/Desktop/ftp_imports/fileA.csv
[2020-05-04 23:36:39,196] {file_sensor.py:60} INFO - Poking for file /~/Desktop/ftp_imports/fileA.csv
[2020-05-04 23:37:09,203] {file_sensor.py:60} INFO - Poking for file /~/Desktop/ftp_imports/fileA.csv
[2020-05-04 23:37:39,209] {file_sensor.py:60} INFO - Poking for file /~/Desktop/ftp_imports/fileA.csv
[2020-05-04 23:38:09,213] {file_sensor.py:60} INFO - Poking for file /~/Desktop/ftp_imports/fileA.csv
[2020-05-04 23:38:39,219] {file_sensor.py:60} INFO - Poking for file /~/Desktop/ftp_imports/fileA.csv
[2020-05-04 23:39:09,222] {file_sensor.py:60} INFO - Poking for file /~/Desktop/ftp_imports/fileA.csv
[2020-05-04 23:39:39,228] {file_sensor.py:60} INFO - Poking for file /~/Desktop/ftp_imports/fileA.csv
[2020-05-04 23:40:09,234] {file_sensor.py:60} INFO - Poking for file /~/Desktop/ftp_imports/fileA.csv
[2020-05-04 23:40:39,240] {file_sensor.py:60} INFO - Poking for file /~/Desktop/ftp_imports/fileA.csv
[2020-05-04 23:41:09,246] {file_sensor.py:60} INFO - Poking for file /~/Desktop/ftp_imports/fileA.csv
[2020-05-04 23:41:39,251] {file_sensor.py:60} INFO - Poking for file /~/Desktop/ftp_imports/fileA.csv
[2020-05-04 23:42:09,257] {file_sensor.py:60} INFO - Poking for file /~/Desktop/ftp_imports/fileA.csv
[2020-05-04 23:42:39,263] {file_sensor.py:60} INFO - Poking for file /~/Desktop/ftp_imports/fileA.csv
[2020-05-04 23:43:09,269] {file_sensor.py:60} INFO - Poking for file /~/Desktop/ftp_imports/fileA.csv
[2020-05-04 23:43:39,274] {file_sensor.py:60} INFO - Poking for file /~/Desktop/ftp_imports/fileA.csv
[2020-05-04 23:44:09,278] {file_sensor.py:60} INFO - Poking for file /~/Desktop/ftp_imports/fileA.csv
[2020-05-04 23:44:39,285] {file_sensor.py:60} INFO - Poking for file /~/Desktop/ftp_imports/fileA.csv
[2020-05-04 23:45:09,291] {file_sensor.py:60} INFO - Poking for file /~/Desktop/ftp_imports/fileA.csv
[2020-05-04 23:45:39,298] {file_sensor.py:60} INFO - Poking for file /~/Desktop/ftp_imports/fileA.csv
[2020-05-04 23:46:09,305] {file_sensor.py:60} INFO - Poking for file /~/Desktop/ftp_imports/fileA.csv
[2020-05-04 23:46:39,311] {file_sensor.py:60} INFO - Poking for file /~/Desktop/ftp_imports/fileA.csv
[2020-05-04 23:47:09,317] {file_sensor.py:60} INFO - Poking for file /~/Desktop/ftp_imports/fileA.csv
[2020-05-04 23:47:39,322] {file_sensor.py:60} INFO - Poking for file /~/Desktop/ftp_imports/fileA.csv
[2020-05-04 23:48:09,329] {file_sensor.py:60} INFO - Poking for file /~/Desktop/ftp_imports/fileA.csv
[2020-05-04 23:48:39,335] {file_sensor.py:60} INFO - Poking for file /~/Desktop/ftp_imports/fileA.csv
[2020-05-04 23:49:09,339] {file_sensor.py:60} INFO - Poking for file /~/Desktop/ftp_imports/fileA.csv
[2020-05-04 23:49:39,346] {file_sensor.py:60} INFO - Poking for file /~/Desktop/ftp_imports/fileA.csv
[2020-05-04 23:50:09,351] {file_sensor.py:60} INFO - Poking for file /~/Desktop/ftp_imports/fileA.csv
[2020-05-04 23:50:39,357] {file_sensor.py:60} INFO - Poking for file /~/Desktop/ftp_imports/fileA.csv
[2020-05-04 23:51:09,369] {file_sensor.py:60} INFO - Poking for file /~/Desktop/ftp_imports/fileA.csv
[2020-05-04 23:51:39,375] {file_sensor.py:60} INFO - Poking for file /~/Desktop/ftp_imports/fileA.csv
[2020-05-04 23:52:09,381] {file_sensor.py:60} INFO - Poking for file /~/Desktop/ftp_imports/fileA.csv
[2020-05-04 23:52:39,389] {file_sensor.py:60} INFO - Poking for file /~/Desktop/ftp_imports/fileA.csv
[2020-05-04 23:53:09,395] {file_sensor.py:60} INFO - Poking for file /~/Desktop/ftp_imports/fileA.csv
[2020-05-04 23:53:39,401] {file_sensor.py:60} INFO - Poking for file /~/Desktop/ftp_imports/fileA.csv
[2020-05-04 23:54:09,405] {file_sensor.py:60} INFO - Poking for file /~/Desktop/ftp_imports/fileA.csv
[2020-05-04 23:54:39,411] {file_sensor.py:60} INFO - Poking for file /~/Desktop/ftp_imports/fileA.csv
[2020-05-04 23:55:09,416] {file_sensor.py:60} INFO - Poking for file /~/Desktop/ftp_imports/fileA.csv
[2020-05-04 23:55:39,423] {file_sensor.py:60} INFO - Poking for file /~/Desktop/ftp_imports/fileA.csv
[2020-05-04 23:56:09,430] {file_sensor.py:60} INFO - Poking for file /~/Desktop/ftp_imports/fileA.csv
[2020-05-04 23:56:39,437] {file_sensor.py:60} INFO - Poking for file /~/Desktop/ftp_imports/fileA.csv
[2020-05-04 23:57:09,443] {file_sensor.py:60} INFO - Poking for file /~/Desktop/ftp_imports/fileA.csv
[2020-05-04 23:57:39,450] {file_sensor.py:60} INFO - Poking for file /~/Desktop/ftp_imports/fileA.csv
[2020-05-04 23:58:09,454] {file_sensor.py:60} INFO - Poking for file /~/Desktop/ftp_imports/fileA.csv
[2020-05-04 23:58:39,460] {file_sensor.py:60} INFO - Poking for file /~/Desktop/ftp_imports/fileA.csv
[2020-05-04 23:59:09,465] {file_sensor.py:60} INFO - Poking for file /~/Desktop/ftp_imports/fileA.csv
[2020-05-04 23:59:39,472] {file_sensor.py:60} INFO - Poking for file /~/Desktop/ftp_imports/fileA.csv
[2020-05-05 00:00:09,477] {file_sensor.py:60} INFO - Poking for file /~/Desktop/ftp_imports/fileA.csv
[2020-05-05 00:00:39,484] {file_sensor.py:60} INFO - Poking for file /~/Desktop/ftp_imports/fileA.csv
[2020-05-05 00:01:09,491] {file_sensor.py:60} INFO - Poking for file /~/Desktop/ftp_imports/fileA.csv
[2020-05-05 00:01:39,496] {file_sensor.py:60} INFO - Poking for file /~/Desktop/ftp_imports/fileA.csv
[2020-05-05 00:02:09,500] {file_sensor.py:60} INFO - Poking for file /~/Desktop/ftp_imports/fileA.csv
[2020-05-05 00:02:39,507] {file_sensor.py:60} INFO - Poking for file /~/Desktop/ftp_imports/fileA.csv
[2020-05-05 00:03:09,512] {file_sensor.py:60} INFO - Poking for file /~/Desktop/ftp_imports/fileA.csv
[2020-05-05 00:03:39,517] {file_sensor.py:60} INFO - Poking for file /~/Desktop/ftp_imports/fileA.csv
[2020-05-05 00:04:09,523] {file_sensor.py:60} INFO - Poking for file /~/Desktop/ftp_imports/fileA.csv
[2020-05-05 00:04:39,531] {file_sensor.py:60} INFO - Poking for file /~/Desktop/ftp_imports/fileA.csv
[2020-05-05 00:05:09,537] {file_sensor.py:60} INFO - Poking for file /~/Desktop/ftp_imports/fileA.csv
[2020-05-05 00:05:39,545] {file_sensor.py:60} INFO - Poking for file /~/Desktop/ftp_imports/fileA.csv
[2020-05-05 00:06:09,558] {file_sensor.py:60} INFO - Poking for file /~/Desktop/ftp_imports/fileA.csv
[2020-05-05 00:06:39,566] {file_sensor.py:60} INFO - Poking for file /~/Desktop/ftp_imports/fileA.csv
[2020-05-05 00:07:09,573] {file_sensor.py:60} INFO - Poking for file /~/Desktop/ftp_imports/fileA.csv
[2020-05-05 00:07:39,581] {file_sensor.py:60} INFO - Poking for file /~/Desktop/ftp_imports/fileA.csv
[2020-05-05 00:08:09,587] {file_sensor.py:60} INFO - Poking for file /~/Desktop/ftp_imports/fileA.csv
[2020-05-05 00:08:39,592] {file_sensor.py:60} INFO - Poking for file /~/Desktop/ftp_imports/fileA.csv
[2020-05-05 00:09:09,598] {file_sensor.py:60} INFO - Poking for file /~/Desktop/ftp_imports/fileA.csv
[2020-05-05 00:09:39,604] {file_sensor.py:60} INFO - Poking for file /~/Desktop/ftp_imports/fileA.csv
[2020-05-05 00:10:09,611] {file_sensor.py:60} INFO - Poking for file /~/Desktop/ftp_imports/fileA.csv
[2020-05-05 00:10:39,617] {file_sensor.py:60} INFO - Poking for file /~/Desktop/ftp_imports/fileA.csv
[2020-05-05 00:11:09,622] {file_sensor.py:60} INFO - Poking for file /~/Desktop/ftp_imports/fileA.csv
[2020-05-05 00:11:39,627] {file_sensor.py:60} INFO - Poking for file /~/Desktop/ftp_imports/fileA.csv
[2020-05-05 00:12:09,633] {file_sensor.py:60} INFO - Poking for file /~/Desktop/ftp_imports/fileA.csv
[2020-05-05 00:12:39,640] {file_sensor.py:60} INFO - Poking for file /~/Desktop/ftp_imports/fileA.csv
[2020-05-05 00:13:09,644] {file_sensor.py:60} INFO - Poking for file /~/Desktop/ftp_imports/fileA.csv
[2020-05-05 00:13:39,648] {file_sensor.py:60} INFO - Poking for file /~/Desktop/ftp_imports/fileA.csv
[2020-05-05 00:14:09,654] {file_sensor.py:60} INFO - Poking for file /~/Desktop/ftp_imports/fileA.csv
[2020-05-05 00:14:39,660] {file_sensor.py:60} INFO - Poking for file /~/Desktop/ftp_imports/fileA.csv
[2020-05-05 00:15:09,666] {file_sensor.py:60} INFO - Poking for file /~/Desktop/ftp_imports/fileA.csv
[2020-05-05 00:15:39,673] {file_sensor.py:60} INFO - Poking for file /~/Desktop/ftp_imports/fileA.csv
[2020-05-05 00:16:09,679] {file_sensor.py:60} INFO - Poking for file /~/Desktop/ftp_imports/fileA.csv
[2020-05-05 00:16:39,686] {file_sensor.py:60} INFO - Poking for file /~/Desktop/ftp_imports/fileA.csv
[2020-05-05 00:17:09,690] {file_sensor.py:60} INFO - Poking for file /~/Desktop/ftp_imports/fileA.csv
[2020-05-05 00:17:39,695] {file_sensor.py:60} INFO - Poking for file /~/Desktop/ftp_imports/fileA.csv
[2020-05-05 00:18:09,703] {file_sensor.py:60} INFO - Poking for file /~/Desktop/ftp_imports/fileA.csv
[2020-05-05 00:18:39,709] {file_sensor.py:60} INFO - Poking for file /~/Desktop/ftp_imports/fileA.csv
[2020-05-05 00:19:09,713] {file_sensor.py:60} INFO - Poking for file /~/Desktop/ftp_imports/fileA.csv
[2020-05-05 00:19:39,718] {file_sensor.py:60} INFO - Poking for file /~/Desktop/ftp_imports/fileA.csv
[2020-05-05 00:20:09,728] {file_sensor.py:60} INFO - Poking for file /~/Desktop/ftp_imports/fileA.csv
[2020-05-05 00:20:39,735] {file_sensor.py:60} INFO - Poking for file /~/Desktop/ftp_imports/fileA.csv
[2020-05-05 00:21:09,745] {file_sensor.py:60} INFO - Poking for file /~/Desktop/ftp_imports/fileA.csv
[2020-05-05 00:21:39,751] {file_sensor.py:60} INFO - Poking for file /~/Desktop/ftp_imports/fileA.csv
[2020-05-05 00:22:09,757] {file_sensor.py:60} INFO - Poking for file /~/Desktop/ftp_imports/fileA.csv
[2020-05-05 00:22:39,780] {taskinstance.py:1145} ERROR - (sqlite3.OperationalError) no such table: connection
[SQL: SELECT connection.password AS connection_password, connection.extra AS connection_extra, connection.id AS connection_id, connection.conn_id AS connection_conn_id, connection.conn_type AS connection_conn_type, connection.host AS connection_host, connection.schema AS connection_schema, connection.login AS connection_login, connection.port AS connection_port, connection.is_encrypted AS connection_is_encrypted, connection.is_extra_encrypted AS connection_is_extra_encrypted 
FROM connection 
WHERE connection.conn_id = ?]
[parameters: ('fs_default',)]
(Background on this error at: http://sqlalche.me/e/e3q8)
Traceback (most recent call last):
  File "/usr/local/lib/python3.7/site-packages/sqlalchemy/engine/base.py", line 1248, in _execute_context
    cursor, statement, parameters, context
  File "/usr/local/lib/python3.7/site-packages/sqlalchemy/engine/default.py", line 590, in do_execute
    cursor.execute(statement, parameters)
sqlite3.OperationalError: no such table: connection

The above exception was the direct cause of the following exception:

Traceback (most recent call last):
  File "/usr/local/lib/python3.7/site-packages/airflow/models/taskinstance.py", line 983, in _run_raw_task
    result = task_copy.execute(context=context)
  File "/usr/local/lib/python3.7/site-packages/airflow/sensors/base_sensor_operator.py", line 107, in execute
    while not self.poke(context):
  File "/usr/local/lib/python3.7/site-packages/airflow/contrib/sensors/file_sensor.py", line 57, in poke
    hook = FSHook(self.fs_conn_id)
  File "/usr/local/lib/python3.7/site-packages/airflow/contrib/hooks/fs_hook.py", line 38, in __init__
    conn = self.get_connection(conn_id)
  File "/usr/local/lib/python3.7/site-packages/airflow/hooks/base_hook.py", line 84, in get_connection
    conn = random.choice(list(cls.get_connections(conn_id)))
  File "/usr/local/lib/python3.7/site-packages/airflow/hooks/base_hook.py", line 80, in get_connections
    return secrets.get_connections(conn_id)
  File "/usr/local/lib/python3.7/site-packages/airflow/secrets/__init__.py", line 52, in get_connections
    conn_list = secrets_backend.get_connections(conn_id=conn_id)
  File "/usr/local/lib/python3.7/site-packages/airflow/utils/db.py", line 74, in wrapper
    return func(*args, **kwargs)
  File "/usr/local/lib/python3.7/site-packages/airflow/secrets/metastore.py", line 38, in get_connections
    conn_list = session.query(Connection).filter(Connection.conn_id == conn_id).all()
  File "/usr/local/lib/python3.7/site-packages/sqlalchemy/orm/query.py", line 3246, in all
    return list(self)
  File "/usr/local/lib/python3.7/site-packages/sqlalchemy/orm/query.py", line 3405, in __iter__
    return self._execute_and_instances(context)
  File "/usr/local/lib/python3.7/site-packages/sqlalchemy/orm/query.py", line 3430, in _execute_and_instances
    result = conn.execute(querycontext.statement, self._params)
  File "/usr/local/lib/python3.7/site-packages/sqlalchemy/engine/base.py", line 984, in execute
    return meth(self, multiparams, params)
  File "/usr/local/lib/python3.7/site-packages/sqlalchemy/sql/elements.py", line 293, in _execute_on_connection
    return connection._execute_clauseelement(self, multiparams, params)
  File "/usr/local/lib/python3.7/site-packages/sqlalchemy/engine/base.py", line 1103, in _execute_clauseelement
    distilled_params,
  File "/usr/local/lib/python3.7/site-packages/sqlalchemy/engine/base.py", line 1288, in _execute_context
    e, statement, parameters, cursor, context
  File "/usr/local/lib/python3.7/site-packages/sqlalchemy/engine/base.py", line 1482, in _handle_dbapi_exception
    sqlalchemy_exception, with_traceback=exc_info[2], from_=e
  File "/usr/local/lib/python3.7/site-packages/sqlalchemy/util/compat.py", line 178, in raise_
    raise exception
  File "/usr/local/lib/python3.7/site-packages/sqlalchemy/engine/base.py", line 1248, in _execute_context
    cursor, statement, parameters, context
  File "/usr/local/lib/python3.7/site-packages/sqlalchemy/engine/default.py", line 590, in do_execute
    cursor.execute(statement, parameters)
sqlalchemy.exc.OperationalError: (sqlite3.OperationalError) no such table: connection
[SQL: SELECT connection.password AS connection_password, connection.extra AS connection_extra, connection.id AS connection_id, connection.conn_id AS connection_conn_id, connection.conn_type AS connection_conn_type, connection.host AS connection_host, connection.schema AS connection_schema, connection.login AS connection_login, connection.port AS connection_port, connection.is_encrypted AS connection_is_encrypted, connection.is_extra_encrypted AS connection_is_extra_encrypted 
FROM connection 
WHERE connection.conn_id = ?]
[parameters: ('fs_default',)]
(Background on this error at: http://sqlalche.me/e/e3q8)
[2020-05-05 00:22:39,818] {taskinstance.py:1168} INFO - Marking task as UP_FOR_RETRY
