[2020-05-04 20:56:01,241] {taskinstance.py:669} INFO - Dependencies all met for <TaskInstance: batch_processing.read_file_b 2020-05-04T18:48:11.507955+00:00 [queued]>
[2020-05-04 20:56:01,246] {taskinstance.py:669} INFO - Dependencies all met for <TaskInstance: batch_processing.read_file_b 2020-05-04T18:48:11.507955+00:00 [queued]>
[2020-05-04 20:56:01,247] {taskinstance.py:879} INFO - 
--------------------------------------------------------------------------------
[2020-05-04 20:56:01,247] {taskinstance.py:880} INFO - Starting attempt 1 of 2
[2020-05-04 20:56:01,247] {taskinstance.py:881} INFO - 
--------------------------------------------------------------------------------
[2020-05-04 20:56:01,253] {taskinstance.py:900} INFO - Executing <Task(FileSensor): read_file_b> on 2020-05-04T18:48:11.507955+00:00
[2020-05-04 20:56:01,255] {standard_task_runner.py:53} INFO - Started process 11112 to run task
[2020-05-04 20:56:01,293] {logging_mixin.py:112} INFO - Running %s on host %s <TaskInstance: batch_processing.read_file_b 2020-05-04T18:48:11.507955+00:00 [running]> eyrunt-mbp
[2020-05-04 20:56:01,306] {file_sensor.py:60} INFO - Poking for file /Desktop/ftp_imports/fileB.csv
[2020-05-04 20:56:31,310] {file_sensor.py:60} INFO - Poking for file /Desktop/ftp_imports/fileB.csv
[2020-05-04 20:57:01,320] {file_sensor.py:60} INFO - Poking for file /Desktop/ftp_imports/fileB.csv
[2020-05-04 20:57:31,324] {file_sensor.py:60} INFO - Poking for file /Desktop/ftp_imports/fileB.csv
[2020-05-04 20:58:01,330] {file_sensor.py:60} INFO - Poking for file /Desktop/ftp_imports/fileB.csv
[2020-05-04 20:58:31,339] {file_sensor.py:60} INFO - Poking for file /Desktop/ftp_imports/fileB.csv
[2020-05-04 20:59:01,346] {file_sensor.py:60} INFO - Poking for file /Desktop/ftp_imports/fileB.csv
[2020-05-04 20:59:31,354] {file_sensor.py:60} INFO - Poking for file /Desktop/ftp_imports/fileB.csv
[2020-05-04 21:00:01,360] {file_sensor.py:60} INFO - Poking for file /Desktop/ftp_imports/fileB.csv
[2020-05-04 21:00:31,365] {file_sensor.py:60} INFO - Poking for file /Desktop/ftp_imports/fileB.csv
[2020-05-04 21:01:01,369] {file_sensor.py:60} INFO - Poking for file /Desktop/ftp_imports/fileB.csv
[2020-05-04 21:01:31,375] {file_sensor.py:60} INFO - Poking for file /Desktop/ftp_imports/fileB.csv
[2020-05-04 21:02:01,382] {file_sensor.py:60} INFO - Poking for file /Desktop/ftp_imports/fileB.csv
[2020-05-04 21:02:31,391] {file_sensor.py:60} INFO - Poking for file /Desktop/ftp_imports/fileB.csv
[2020-05-04 21:03:01,399] {file_sensor.py:60} INFO - Poking for file /Desktop/ftp_imports/fileB.csv
[2020-05-04 21:03:31,407] {file_sensor.py:60} INFO - Poking for file /Desktop/ftp_imports/fileB.csv
[2020-05-04 21:04:01,414] {file_sensor.py:60} INFO - Poking for file /Desktop/ftp_imports/fileB.csv
[2020-05-04 21:04:31,418] {file_sensor.py:60} INFO - Poking for file /Desktop/ftp_imports/fileB.csv
[2020-05-04 21:05:01,425] {file_sensor.py:60} INFO - Poking for file /Desktop/ftp_imports/fileB.csv
[2020-05-04 21:05:31,432] {file_sensor.py:60} INFO - Poking for file /Desktop/ftp_imports/fileB.csv
[2020-05-04 21:06:01,436] {file_sensor.py:60} INFO - Poking for file /Desktop/ftp_imports/fileB.csv
[2020-05-04 21:06:31,444] {file_sensor.py:60} INFO - Poking for file /Desktop/ftp_imports/fileB.csv
[2020-05-04 21:07:01,451] {file_sensor.py:60} INFO - Poking for file /Desktop/ftp_imports/fileB.csv
[2020-05-04 21:07:31,458] {file_sensor.py:60} INFO - Poking for file /Desktop/ftp_imports/fileB.csv
[2020-05-04 21:08:01,465] {file_sensor.py:60} INFO - Poking for file /Desktop/ftp_imports/fileB.csv
[2020-05-04 21:08:31,469] {file_sensor.py:60} INFO - Poking for file /Desktop/ftp_imports/fileB.csv
[2020-05-04 21:09:01,476] {file_sensor.py:60} INFO - Poking for file /Desktop/ftp_imports/fileB.csv
[2020-05-04 21:09:31,482] {file_sensor.py:60} INFO - Poking for file /Desktop/ftp_imports/fileB.csv
[2020-05-04 21:10:01,489] {file_sensor.py:60} INFO - Poking for file /Desktop/ftp_imports/fileB.csv
[2020-05-04 21:10:31,496] {file_sensor.py:60} INFO - Poking for file /Desktop/ftp_imports/fileB.csv
[2020-05-04 21:11:01,500] {file_sensor.py:60} INFO - Poking for file /Desktop/ftp_imports/fileB.csv
[2020-05-04 21:11:31,505] {file_sensor.py:60} INFO - Poking for file /Desktop/ftp_imports/fileB.csv
[2020-05-04 21:12:01,512] {file_sensor.py:60} INFO - Poking for file /Desktop/ftp_imports/fileB.csv
[2020-05-04 21:12:31,519] {file_sensor.py:60} INFO - Poking for file /Desktop/ftp_imports/fileB.csv
[2020-05-04 21:13:01,525] {file_sensor.py:60} INFO - Poking for file /Desktop/ftp_imports/fileB.csv
[2020-05-04 21:13:31,529] {file_sensor.py:60} INFO - Poking for file /Desktop/ftp_imports/fileB.csv
[2020-05-04 21:14:01,536] {file_sensor.py:60} INFO - Poking for file /Desktop/ftp_imports/fileB.csv
[2020-05-04 21:14:31,543] {file_sensor.py:60} INFO - Poking for file /Desktop/ftp_imports/fileB.csv
[2020-05-04 21:15:01,550] {file_sensor.py:60} INFO - Poking for file /Desktop/ftp_imports/fileB.csv
[2020-05-04 21:15:31,556] {file_sensor.py:60} INFO - Poking for file /Desktop/ftp_imports/fileB.csv
[2020-05-04 21:16:01,564] {file_sensor.py:60} INFO - Poking for file /Desktop/ftp_imports/fileB.csv
[2020-05-04 21:16:31,572] {file_sensor.py:60} INFO - Poking for file /Desktop/ftp_imports/fileB.csv
[2020-05-04 21:17:01,579] {file_sensor.py:60} INFO - Poking for file /Desktop/ftp_imports/fileB.csv
[2020-05-04 21:17:31,583] {file_sensor.py:60} INFO - Poking for file /Desktop/ftp_imports/fileB.csv
[2020-05-04 21:18:01,589] {file_sensor.py:60} INFO - Poking for file /Desktop/ftp_imports/fileB.csv
[2020-05-04 21:18:31,596] {file_sensor.py:60} INFO - Poking for file /Desktop/ftp_imports/fileB.csv
[2020-05-04 21:19:01,603] {file_sensor.py:60} INFO - Poking for file /Desktop/ftp_imports/fileB.csv
[2020-05-04 21:19:31,609] {file_sensor.py:60} INFO - Poking for file /Desktop/ftp_imports/fileB.csv
[2020-05-04 21:20:01,614] {file_sensor.py:60} INFO - Poking for file /Desktop/ftp_imports/fileB.csv
[2020-05-04 21:20:31,619] {file_sensor.py:60} INFO - Poking for file /Desktop/ftp_imports/fileB.csv
[2020-05-04 21:21:01,624] {file_sensor.py:60} INFO - Poking for file /Desktop/ftp_imports/fileB.csv
[2020-05-04 21:21:31,629] {file_sensor.py:60} INFO - Poking for file /Desktop/ftp_imports/fileB.csv
[2020-05-04 21:22:01,635] {file_sensor.py:60} INFO - Poking for file /Desktop/ftp_imports/fileB.csv
[2020-05-04 21:22:31,640] {file_sensor.py:60} INFO - Poking for file /Desktop/ftp_imports/fileB.csv
[2020-05-04 21:23:01,646] {file_sensor.py:60} INFO - Poking for file /Desktop/ftp_imports/fileB.csv
[2020-05-04 21:23:31,651] {file_sensor.py:60} INFO - Poking for file /Desktop/ftp_imports/fileB.csv
[2020-05-04 21:24:01,657] {file_sensor.py:60} INFO - Poking for file /Desktop/ftp_imports/fileB.csv
[2020-05-04 21:24:31,664] {file_sensor.py:60} INFO - Poking for file /Desktop/ftp_imports/fileB.csv
[2020-05-04 21:25:01,671] {file_sensor.py:60} INFO - Poking for file /Desktop/ftp_imports/fileB.csv
[2020-05-04 21:25:31,676] {file_sensor.py:60} INFO - Poking for file /Desktop/ftp_imports/fileB.csv
[2020-05-04 21:26:01,682] {file_sensor.py:60} INFO - Poking for file /Desktop/ftp_imports/fileB.csv
[2020-05-04 21:26:31,686] {file_sensor.py:60} INFO - Poking for file /Desktop/ftp_imports/fileB.csv
[2020-05-04 21:27:01,693] {file_sensor.py:60} INFO - Poking for file /Desktop/ftp_imports/fileB.csv
[2020-05-04 21:27:31,697] {file_sensor.py:60} INFO - Poking for file /Desktop/ftp_imports/fileB.csv
[2020-05-04 21:28:01,702] {file_sensor.py:60} INFO - Poking for file /Desktop/ftp_imports/fileB.csv
[2020-05-04 21:28:31,707] {file_sensor.py:60} INFO - Poking for file /Desktop/ftp_imports/fileB.csv
[2020-05-04 21:29:01,713] {file_sensor.py:60} INFO - Poking for file /Desktop/ftp_imports/fileB.csv
[2020-05-04 21:29:31,718] {file_sensor.py:60} INFO - Poking for file /Desktop/ftp_imports/fileB.csv
[2020-05-04 21:30:01,723] {file_sensor.py:60} INFO - Poking for file /Desktop/ftp_imports/fileB.csv
[2020-05-04 21:30:31,728] {file_sensor.py:60} INFO - Poking for file /Desktop/ftp_imports/fileB.csv
[2020-05-04 21:31:01,732] {file_sensor.py:60} INFO - Poking for file /Desktop/ftp_imports/fileB.csv
[2020-05-04 21:31:31,738] {file_sensor.py:60} INFO - Poking for file /Desktop/ftp_imports/fileB.csv
[2020-05-04 21:32:01,755] {file_sensor.py:60} INFO - Poking for file /Desktop/ftp_imports/fileB.csv
[2020-05-04 21:32:31,762] {file_sensor.py:60} INFO - Poking for file /Desktop/ftp_imports/fileB.csv
[2020-05-04 21:33:01,768] {file_sensor.py:60} INFO - Poking for file /Desktop/ftp_imports/fileB.csv
[2020-05-04 21:33:31,773] {file_sensor.py:60} INFO - Poking for file /Desktop/ftp_imports/fileB.csv
[2020-05-04 21:34:01,783] {file_sensor.py:60} INFO - Poking for file /Desktop/ftp_imports/fileB.csv
[2020-05-04 21:34:31,793] {file_sensor.py:60} INFO - Poking for file /Desktop/ftp_imports/fileB.csv
[2020-05-04 21:35:01,800] {file_sensor.py:60} INFO - Poking for file /Desktop/ftp_imports/fileB.csv
[2020-05-04 21:35:31,805] {file_sensor.py:60} INFO - Poking for file /Desktop/ftp_imports/fileB.csv
[2020-05-04 21:36:01,812] {file_sensor.py:60} INFO - Poking for file /Desktop/ftp_imports/fileB.csv
[2020-05-04 21:36:31,818] {file_sensor.py:60} INFO - Poking for file /Desktop/ftp_imports/fileB.csv
[2020-05-04 21:37:01,825] {file_sensor.py:60} INFO - Poking for file /Desktop/ftp_imports/fileB.csv
[2020-05-04 21:37:31,834] {file_sensor.py:60} INFO - Poking for file /Desktop/ftp_imports/fileB.csv
[2020-05-04 21:38:01,841] {file_sensor.py:60} INFO - Poking for file /Desktop/ftp_imports/fileB.csv
[2020-05-04 21:38:31,847] {file_sensor.py:60} INFO - Poking for file /Desktop/ftp_imports/fileB.csv
[2020-05-04 21:39:01,858] {file_sensor.py:60} INFO - Poking for file /Desktop/ftp_imports/fileB.csv
[2020-05-04 21:39:31,865] {file_sensor.py:60} INFO - Poking for file /Desktop/ftp_imports/fileB.csv
[2020-05-04 21:40:01,870] {file_sensor.py:60} INFO - Poking for file /Desktop/ftp_imports/fileB.csv
[2020-05-04 21:40:31,873] {file_sensor.py:60} INFO - Poking for file /Desktop/ftp_imports/fileB.csv
[2020-05-04 21:41:01,879] {file_sensor.py:60} INFO - Poking for file /Desktop/ftp_imports/fileB.csv
[2020-05-04 21:41:31,885] {file_sensor.py:60} INFO - Poking for file /Desktop/ftp_imports/fileB.csv
[2020-05-04 21:42:01,892] {file_sensor.py:60} INFO - Poking for file /Desktop/ftp_imports/fileB.csv
[2020-05-04 21:42:31,897] {file_sensor.py:60} INFO - Poking for file /Desktop/ftp_imports/fileB.csv
[2020-05-04 21:43:01,902] {file_sensor.py:60} INFO - Poking for file /Desktop/ftp_imports/fileB.csv
[2020-05-04 21:43:31,908] {file_sensor.py:60} INFO - Poking for file /Desktop/ftp_imports/fileB.csv
[2020-05-04 21:44:01,916] {file_sensor.py:60} INFO - Poking for file /Desktop/ftp_imports/fileB.csv
[2020-05-04 21:44:31,924] {file_sensor.py:60} INFO - Poking for file /Desktop/ftp_imports/fileB.csv
[2020-05-04 21:45:01,930] {file_sensor.py:60} INFO - Poking for file /Desktop/ftp_imports/fileB.csv
[2020-05-04 21:45:31,938] {file_sensor.py:60} INFO - Poking for file /Desktop/ftp_imports/fileB.csv
[2020-05-04 21:46:01,945] {file_sensor.py:60} INFO - Poking for file /Desktop/ftp_imports/fileB.csv
[2020-05-04 21:46:31,954] {file_sensor.py:60} INFO - Poking for file /Desktop/ftp_imports/fileB.csv
[2020-05-04 21:47:01,961] {file_sensor.py:60} INFO - Poking for file /Desktop/ftp_imports/fileB.csv
[2020-05-04 21:47:31,968] {file_sensor.py:60} INFO - Poking for file /Desktop/ftp_imports/fileB.csv
[2020-05-04 21:48:01,977] {file_sensor.py:60} INFO - Poking for file /Desktop/ftp_imports/fileB.csv
[2020-05-04 21:48:31,984] {file_sensor.py:60} INFO - Poking for file /Desktop/ftp_imports/fileB.csv
[2020-05-04 21:49:01,989] {file_sensor.py:60} INFO - Poking for file /Desktop/ftp_imports/fileB.csv
[2020-05-04 21:49:31,994] {file_sensor.py:60} INFO - Poking for file /Desktop/ftp_imports/fileB.csv
[2020-05-04 21:50:02,003] {file_sensor.py:60} INFO - Poking for file /Desktop/ftp_imports/fileB.csv
[2020-05-04 21:50:32,010] {file_sensor.py:60} INFO - Poking for file /Desktop/ftp_imports/fileB.csv
[2020-05-04 21:51:02,017] {file_sensor.py:60} INFO - Poking for file /Desktop/ftp_imports/fileB.csv
[2020-05-04 21:51:32,022] {file_sensor.py:60} INFO - Poking for file /Desktop/ftp_imports/fileB.csv
[2020-05-04 21:52:02,026] {file_sensor.py:60} INFO - Poking for file /Desktop/ftp_imports/fileB.csv
[2020-05-04 21:52:32,033] {file_sensor.py:60} INFO - Poking for file /Desktop/ftp_imports/fileB.csv
[2020-05-04 21:53:02,038] {file_sensor.py:60} INFO - Poking for file /Desktop/ftp_imports/fileB.csv
[2020-05-04 21:53:32,046] {file_sensor.py:60} INFO - Poking for file /Desktop/ftp_imports/fileB.csv
[2020-05-04 21:54:02,052] {file_sensor.py:60} INFO - Poking for file /Desktop/ftp_imports/fileB.csv
[2020-05-04 21:54:32,058] {file_sensor.py:60} INFO - Poking for file /Desktop/ftp_imports/fileB.csv
[2020-05-04 21:55:02,065] {file_sensor.py:60} INFO - Poking for file /Desktop/ftp_imports/fileB.csv
[2020-05-04 21:55:32,072] {file_sensor.py:60} INFO - Poking for file /Desktop/ftp_imports/fileB.csv
[2020-05-04 21:56:02,077] {file_sensor.py:60} INFO - Poking for file /Desktop/ftp_imports/fileB.csv
[2020-05-04 21:56:32,086] {file_sensor.py:60} INFO - Poking for file /Desktop/ftp_imports/fileB.csv
[2020-05-04 21:57:02,091] {file_sensor.py:60} INFO - Poking for file /Desktop/ftp_imports/fileB.csv
[2020-05-04 21:57:32,098] {file_sensor.py:60} INFO - Poking for file /Desktop/ftp_imports/fileB.csv
[2020-05-04 21:58:02,106] {file_sensor.py:60} INFO - Poking for file /Desktop/ftp_imports/fileB.csv
[2020-05-04 21:58:32,111] {file_sensor.py:60} INFO - Poking for file /Desktop/ftp_imports/fileB.csv
[2020-05-04 21:59:02,117] {file_sensor.py:60} INFO - Poking for file /Desktop/ftp_imports/fileB.csv
[2020-05-04 21:59:32,125] {file_sensor.py:60} INFO - Poking for file /Desktop/ftp_imports/fileB.csv
[2020-05-04 22:00:02,132] {file_sensor.py:60} INFO - Poking for file /Desktop/ftp_imports/fileB.csv
[2020-05-04 22:00:32,137] {file_sensor.py:60} INFO - Poking for file /Desktop/ftp_imports/fileB.csv
[2020-05-04 22:01:02,149] {file_sensor.py:60} INFO - Poking for file /Desktop/ftp_imports/fileB.csv
[2020-05-04 22:01:32,154] {file_sensor.py:60} INFO - Poking for file /Desktop/ftp_imports/fileB.csv
[2020-05-04 22:02:02,159] {file_sensor.py:60} INFO - Poking for file /Desktop/ftp_imports/fileB.csv
[2020-05-04 22:02:32,165] {file_sensor.py:60} INFO - Poking for file /Desktop/ftp_imports/fileB.csv
[2020-05-04 22:03:02,169] {file_sensor.py:60} INFO - Poking for file /Desktop/ftp_imports/fileB.csv
[2020-05-04 22:03:32,173] {file_sensor.py:60} INFO - Poking for file /Desktop/ftp_imports/fileB.csv
[2020-05-04 22:04:02,179] {file_sensor.py:60} INFO - Poking for file /Desktop/ftp_imports/fileB.csv
[2020-05-04 22:04:32,184] {file_sensor.py:60} INFO - Poking for file /Desktop/ftp_imports/fileB.csv
[2020-05-04 22:05:02,187] {file_sensor.py:60} INFO - Poking for file /Desktop/ftp_imports/fileB.csv
[2020-05-04 22:05:32,196] {file_sensor.py:60} INFO - Poking for file /Desktop/ftp_imports/fileB.csv
[2020-05-04 22:06:02,205] {file_sensor.py:60} INFO - Poking for file /Desktop/ftp_imports/fileB.csv
[2020-05-04 22:06:32,212] {file_sensor.py:60} INFO - Poking for file /Desktop/ftp_imports/fileB.csv
[2020-05-04 22:07:02,219] {file_sensor.py:60} INFO - Poking for file /Desktop/ftp_imports/fileB.csv
[2020-05-04 22:07:32,224] {file_sensor.py:60} INFO - Poking for file /Desktop/ftp_imports/fileB.csv
[2020-05-04 22:08:02,231] {file_sensor.py:60} INFO - Poking for file /Desktop/ftp_imports/fileB.csv
[2020-05-04 22:08:32,239] {file_sensor.py:60} INFO - Poking for file /Desktop/ftp_imports/fileB.csv
[2020-05-04 22:09:02,244] {file_sensor.py:60} INFO - Poking for file /Desktop/ftp_imports/fileB.csv
[2020-05-04 22:09:32,251] {file_sensor.py:60} INFO - Poking for file /Desktop/ftp_imports/fileB.csv
[2020-05-04 22:10:02,259] {file_sensor.py:60} INFO - Poking for file /Desktop/ftp_imports/fileB.csv
[2020-05-04 22:10:32,266] {file_sensor.py:60} INFO - Poking for file /Desktop/ftp_imports/fileB.csv
[2020-05-04 22:11:02,272] {file_sensor.py:60} INFO - Poking for file /Desktop/ftp_imports/fileB.csv
[2020-05-04 22:11:32,277] {file_sensor.py:60} INFO - Poking for file /Desktop/ftp_imports/fileB.csv
[2020-05-04 22:12:02,284] {file_sensor.py:60} INFO - Poking for file /Desktop/ftp_imports/fileB.csv
[2020-05-04 22:12:32,291] {file_sensor.py:60} INFO - Poking for file /Desktop/ftp_imports/fileB.csv
[2020-05-04 22:13:02,295] {file_sensor.py:60} INFO - Poking for file /Desktop/ftp_imports/fileB.csv
[2020-05-04 22:13:32,299] {file_sensor.py:60} INFO - Poking for file /Desktop/ftp_imports/fileB.csv
[2020-05-04 22:14:02,303] {file_sensor.py:60} INFO - Poking for file /Desktop/ftp_imports/fileB.csv
[2020-05-04 22:14:32,307] {file_sensor.py:60} INFO - Poking for file /Desktop/ftp_imports/fileB.csv
[2020-05-04 22:15:02,312] {file_sensor.py:60} INFO - Poking for file /Desktop/ftp_imports/fileB.csv
[2020-05-04 22:15:32,317] {file_sensor.py:60} INFO - Poking for file /Desktop/ftp_imports/fileB.csv
[2020-05-04 22:16:02,322] {file_sensor.py:60} INFO - Poking for file /Desktop/ftp_imports/fileB.csv
[2020-05-04 22:16:32,329] {file_sensor.py:60} INFO - Poking for file /Desktop/ftp_imports/fileB.csv
[2020-05-04 22:17:02,334] {file_sensor.py:60} INFO - Poking for file /Desktop/ftp_imports/fileB.csv
[2020-05-04 22:17:32,338] {file_sensor.py:60} INFO - Poking for file /Desktop/ftp_imports/fileB.csv
[2020-05-04 22:18:02,344] {file_sensor.py:60} INFO - Poking for file /Desktop/ftp_imports/fileB.csv
[2020-05-04 22:18:32,348] {file_sensor.py:60} INFO - Poking for file /Desktop/ftp_imports/fileB.csv
[2020-05-04 22:19:02,354] {file_sensor.py:60} INFO - Poking for file /Desktop/ftp_imports/fileB.csv
[2020-05-04 22:19:32,361] {file_sensor.py:60} INFO - Poking for file /Desktop/ftp_imports/fileB.csv
[2020-05-04 22:20:02,368] {file_sensor.py:60} INFO - Poking for file /Desktop/ftp_imports/fileB.csv
[2020-05-04 22:20:32,379] {file_sensor.py:60} INFO - Poking for file /Desktop/ftp_imports/fileB.csv
[2020-05-04 22:21:02,387] {file_sensor.py:60} INFO - Poking for file /Desktop/ftp_imports/fileB.csv
[2020-05-04 22:21:32,394] {file_sensor.py:60} INFO - Poking for file /Desktop/ftp_imports/fileB.csv
[2020-05-04 22:22:02,401] {file_sensor.py:60} INFO - Poking for file /Desktop/ftp_imports/fileB.csv
[2020-05-04 22:22:32,408] {file_sensor.py:60} INFO - Poking for file /Desktop/ftp_imports/fileB.csv
[2020-05-04 22:23:02,414] {file_sensor.py:60} INFO - Poking for file /Desktop/ftp_imports/fileB.csv
[2020-05-04 22:23:32,421] {file_sensor.py:60} INFO - Poking for file /Desktop/ftp_imports/fileB.csv
[2020-05-04 22:24:02,429] {file_sensor.py:60} INFO - Poking for file /Desktop/ftp_imports/fileB.csv
[2020-05-04 22:24:32,432] {file_sensor.py:60} INFO - Poking for file /Desktop/ftp_imports/fileB.csv
[2020-05-04 22:25:02,439] {file_sensor.py:60} INFO - Poking for file /Desktop/ftp_imports/fileB.csv
[2020-05-04 22:25:32,446] {file_sensor.py:60} INFO - Poking for file /Desktop/ftp_imports/fileB.csv
[2020-05-04 22:26:02,452] {file_sensor.py:60} INFO - Poking for file /Desktop/ftp_imports/fileB.csv
[2020-05-04 22:26:32,459] {file_sensor.py:60} INFO - Poking for file /Desktop/ftp_imports/fileB.csv
[2020-05-04 22:27:02,465] {file_sensor.py:60} INFO - Poking for file /Desktop/ftp_imports/fileB.csv
[2020-05-04 22:27:32,472] {file_sensor.py:60} INFO - Poking for file /Desktop/ftp_imports/fileB.csv
[2020-05-04 22:28:02,479] {file_sensor.py:60} INFO - Poking for file /Desktop/ftp_imports/fileB.csv
[2020-05-04 22:28:32,486] {file_sensor.py:60} INFO - Poking for file /Desktop/ftp_imports/fileB.csv
[2020-05-04 22:29:02,492] {file_sensor.py:60} INFO - Poking for file /Desktop/ftp_imports/fileB.csv
[2020-05-04 22:29:32,501] {file_sensor.py:60} INFO - Poking for file /Desktop/ftp_imports/fileB.csv
[2020-05-04 22:30:02,508] {file_sensor.py:60} INFO - Poking for file /Desktop/ftp_imports/fileB.csv
[2020-05-04 22:30:32,513] {file_sensor.py:60} INFO - Poking for file /Desktop/ftp_imports/fileB.csv
[2020-05-04 22:31:02,520] {file_sensor.py:60} INFO - Poking for file /Desktop/ftp_imports/fileB.csv
[2020-05-04 22:31:32,526] {file_sensor.py:60} INFO - Poking for file /Desktop/ftp_imports/fileB.csv
[2020-05-04 22:32:02,533] {file_sensor.py:60} INFO - Poking for file /Desktop/ftp_imports/fileB.csv
[2020-05-04 22:32:32,539] {file_sensor.py:60} INFO - Poking for file /Desktop/ftp_imports/fileB.csv
[2020-05-04 22:33:02,544] {file_sensor.py:60} INFO - Poking for file /Desktop/ftp_imports/fileB.csv
[2020-05-04 22:33:32,548] {file_sensor.py:60} INFO - Poking for file /Desktop/ftp_imports/fileB.csv
[2020-05-04 22:34:02,552] {file_sensor.py:60} INFO - Poking for file /Desktop/ftp_imports/fileB.csv
[2020-05-04 22:34:32,559] {file_sensor.py:60} INFO - Poking for file /Desktop/ftp_imports/fileB.csv
[2020-05-04 22:35:02,563] {file_sensor.py:60} INFO - Poking for file /Desktop/ftp_imports/fileB.csv
[2020-05-04 22:35:32,570] {file_sensor.py:60} INFO - Poking for file /Desktop/ftp_imports/fileB.csv
[2020-05-04 22:36:02,580] {file_sensor.py:60} INFO - Poking for file /Desktop/ftp_imports/fileB.csv
[2020-05-04 22:36:32,589] {file_sensor.py:60} INFO - Poking for file /Desktop/ftp_imports/fileB.csv
[2020-05-04 22:37:02,594] {file_sensor.py:60} INFO - Poking for file /Desktop/ftp_imports/fileB.csv
[2020-05-04 22:37:32,599] {file_sensor.py:60} INFO - Poking for file /Desktop/ftp_imports/fileB.csv
[2020-05-04 22:38:02,603] {file_sensor.py:60} INFO - Poking for file /Desktop/ftp_imports/fileB.csv
[2020-05-04 22:38:32,607] {file_sensor.py:60} INFO - Poking for file /Desktop/ftp_imports/fileB.csv
[2020-05-04 22:39:02,614] {file_sensor.py:60} INFO - Poking for file /Desktop/ftp_imports/fileB.csv
[2020-05-04 22:39:32,622] {file_sensor.py:60} INFO - Poking for file /Desktop/ftp_imports/fileB.csv
[2020-05-04 22:40:02,628] {file_sensor.py:60} INFO - Poking for file /Desktop/ftp_imports/fileB.csv
[2020-05-04 22:40:32,632] {file_sensor.py:60} INFO - Poking for file /Desktop/ftp_imports/fileB.csv
[2020-05-04 22:41:02,639] {file_sensor.py:60} INFO - Poking for file /Desktop/ftp_imports/fileB.csv
[2020-05-04 22:41:32,647] {file_sensor.py:60} INFO - Poking for file /Desktop/ftp_imports/fileB.csv
[2020-05-04 22:42:02,655] {file_sensor.py:60} INFO - Poking for file /Desktop/ftp_imports/fileB.csv
[2020-05-04 22:42:32,662] {file_sensor.py:60} INFO - Poking for file /Desktop/ftp_imports/fileB.csv
[2020-05-04 22:43:02,668] {file_sensor.py:60} INFO - Poking for file /Desktop/ftp_imports/fileB.csv
[2020-05-04 22:43:32,676] {file_sensor.py:60} INFO - Poking for file /Desktop/ftp_imports/fileB.csv
[2020-05-04 22:44:02,684] {file_sensor.py:60} INFO - Poking for file /Desktop/ftp_imports/fileB.csv
[2020-05-04 22:44:32,690] {file_sensor.py:60} INFO - Poking for file /Desktop/ftp_imports/fileB.csv
[2020-05-04 22:45:02,696] {file_sensor.py:60} INFO - Poking for file /Desktop/ftp_imports/fileB.csv
[2020-05-04 22:45:32,702] {file_sensor.py:60} INFO - Poking for file /Desktop/ftp_imports/fileB.csv
[2020-05-04 22:46:02,706] {file_sensor.py:60} INFO - Poking for file /Desktop/ftp_imports/fileB.csv
[2020-05-04 22:46:32,712] {file_sensor.py:60} INFO - Poking for file /Desktop/ftp_imports/fileB.csv
[2020-05-04 22:47:02,719] {file_sensor.py:60} INFO - Poking for file /Desktop/ftp_imports/fileB.csv
[2020-05-04 22:47:32,726] {file_sensor.py:60} INFO - Poking for file /Desktop/ftp_imports/fileB.csv
[2020-05-04 22:48:02,729] {file_sensor.py:60} INFO - Poking for file /Desktop/ftp_imports/fileB.csv
[2020-05-04 22:48:32,733] {file_sensor.py:60} INFO - Poking for file /Desktop/ftp_imports/fileB.csv
[2020-05-04 22:49:02,737] {file_sensor.py:60} INFO - Poking for file /Desktop/ftp_imports/fileB.csv
[2020-05-04 22:49:32,743] {file_sensor.py:60} INFO - Poking for file /Desktop/ftp_imports/fileB.csv
[2020-05-04 22:50:02,750] {file_sensor.py:60} INFO - Poking for file /Desktop/ftp_imports/fileB.csv
[2020-05-04 22:50:32,756] {file_sensor.py:60} INFO - Poking for file /Desktop/ftp_imports/fileB.csv
[2020-05-04 22:51:02,766] {file_sensor.py:60} INFO - Poking for file /Desktop/ftp_imports/fileB.csv
[2020-05-04 22:51:32,778] {file_sensor.py:60} INFO - Poking for file /Desktop/ftp_imports/fileB.csv
[2020-05-04 22:52:02,785] {file_sensor.py:60} INFO - Poking for file /Desktop/ftp_imports/fileB.csv
[2020-05-04 22:52:32,792] {file_sensor.py:60} INFO - Poking for file /Desktop/ftp_imports/fileB.csv
[2020-05-04 22:53:02,798] {file_sensor.py:60} INFO - Poking for file /Desktop/ftp_imports/fileB.csv
[2020-05-04 22:53:32,803] {file_sensor.py:60} INFO - Poking for file /Desktop/ftp_imports/fileB.csv
[2020-05-04 22:54:02,810] {file_sensor.py:60} INFO - Poking for file /Desktop/ftp_imports/fileB.csv
[2020-05-04 22:54:32,817] {file_sensor.py:60} INFO - Poking for file /Desktop/ftp_imports/fileB.csv
[2020-05-04 22:55:02,832] {file_sensor.py:60} INFO - Poking for file /Desktop/ftp_imports/fileB.csv
[2020-05-04 22:55:32,839] {file_sensor.py:60} INFO - Poking for file /Desktop/ftp_imports/fileB.csv
[2020-05-04 22:56:02,843] {file_sensor.py:60} INFO - Poking for file /Desktop/ftp_imports/fileB.csv
[2020-05-04 22:56:32,850] {file_sensor.py:60} INFO - Poking for file /Desktop/ftp_imports/fileB.csv
[2020-05-04 22:57:02,854] {file_sensor.py:60} INFO - Poking for file /Desktop/ftp_imports/fileB.csv
[2020-05-04 22:57:32,861] {file_sensor.py:60} INFO - Poking for file /Desktop/ftp_imports/fileB.csv
[2020-05-04 22:58:02,865] {file_sensor.py:60} INFO - Poking for file /Desktop/ftp_imports/fileB.csv
[2020-05-04 22:58:32,871] {file_sensor.py:60} INFO - Poking for file /Desktop/ftp_imports/fileB.csv
[2020-05-04 22:59:02,877] {file_sensor.py:60} INFO - Poking for file /Desktop/ftp_imports/fileB.csv
[2020-05-04 22:59:32,883] {file_sensor.py:60} INFO - Poking for file /Desktop/ftp_imports/fileB.csv
[2020-05-04 23:00:02,890] {file_sensor.py:60} INFO - Poking for file /Desktop/ftp_imports/fileB.csv
[2020-05-04 23:00:32,894] {file_sensor.py:60} INFO - Poking for file /Desktop/ftp_imports/fileB.csv
[2020-05-04 23:01:02,897] {file_sensor.py:60} INFO - Poking for file /Desktop/ftp_imports/fileB.csv
[2020-05-04 23:01:32,904] {file_sensor.py:60} INFO - Poking for file /Desktop/ftp_imports/fileB.csv
[2020-05-04 23:02:02,911] {file_sensor.py:60} INFO - Poking for file /Desktop/ftp_imports/fileB.csv
[2020-05-04 23:02:32,916] {file_sensor.py:60} INFO - Poking for file /Desktop/ftp_imports/fileB.csv
[2020-05-04 23:03:02,924] {file_sensor.py:60} INFO - Poking for file /Desktop/ftp_imports/fileB.csv
[2020-05-04 23:03:32,928] {file_sensor.py:60} INFO - Poking for file /Desktop/ftp_imports/fileB.csv
[2020-05-04 23:04:02,934] {file_sensor.py:60} INFO - Poking for file /Desktop/ftp_imports/fileB.csv
[2020-05-04 23:04:32,940] {file_sensor.py:60} INFO - Poking for file /Desktop/ftp_imports/fileB.csv
[2020-05-04 23:05:02,945] {file_sensor.py:60} INFO - Poking for file /Desktop/ftp_imports/fileB.csv
[2020-05-04 23:05:32,951] {file_sensor.py:60} INFO - Poking for file /Desktop/ftp_imports/fileB.csv
[2020-05-04 23:06:02,958] {file_sensor.py:60} INFO - Poking for file /Desktop/ftp_imports/fileB.csv
[2020-05-04 23:06:32,967] {file_sensor.py:60} INFO - Poking for file /Desktop/ftp_imports/fileB.csv
[2020-05-04 23:07:02,973] {file_sensor.py:60} INFO - Poking for file /Desktop/ftp_imports/fileB.csv
[2020-05-04 23:07:32,980] {file_sensor.py:60} INFO - Poking for file /Desktop/ftp_imports/fileB.csv
[2020-05-04 23:08:02,984] {file_sensor.py:60} INFO - Poking for file /Desktop/ftp_imports/fileB.csv
[2020-05-04 23:08:32,988] {file_sensor.py:60} INFO - Poking for file /Desktop/ftp_imports/fileB.csv
[2020-05-04 23:09:02,994] {file_sensor.py:60} INFO - Poking for file /Desktop/ftp_imports/fileB.csv
[2020-05-04 23:09:33,001] {file_sensor.py:60} INFO - Poking for file /Desktop/ftp_imports/fileB.csv
[2020-05-04 23:10:03,004] {file_sensor.py:60} INFO - Poking for file /Desktop/ftp_imports/fileB.csv
[2020-05-04 23:10:33,008] {file_sensor.py:60} INFO - Poking for file /Desktop/ftp_imports/fileB.csv
[2020-05-04 23:11:03,013] {file_sensor.py:60} INFO - Poking for file /Desktop/ftp_imports/fileB.csv
[2020-05-04 23:11:33,018] {file_sensor.py:60} INFO - Poking for file /Desktop/ftp_imports/fileB.csv
[2020-05-04 23:12:03,024] {file_sensor.py:60} INFO - Poking for file /Desktop/ftp_imports/fileB.csv
[2020-05-04 23:12:33,034] {file_sensor.py:60} INFO - Poking for file /Desktop/ftp_imports/fileB.csv
[2020-05-04 23:13:03,042] {file_sensor.py:60} INFO - Poking for file /Desktop/ftp_imports/fileB.csv
[2020-05-04 23:13:33,050] {file_sensor.py:60} INFO - Poking for file /Desktop/ftp_imports/fileB.csv
[2020-05-04 23:14:03,056] {file_sensor.py:60} INFO - Poking for file /Desktop/ftp_imports/fileB.csv
[2020-05-04 23:14:33,062] {file_sensor.py:60} INFO - Poking for file /Desktop/ftp_imports/fileB.csv
[2020-05-04 23:15:03,069] {file_sensor.py:60} INFO - Poking for file /Desktop/ftp_imports/fileB.csv
[2020-05-04 23:15:33,076] {file_sensor.py:60} INFO - Poking for file /Desktop/ftp_imports/fileB.csv
[2020-05-04 23:16:03,083] {file_sensor.py:60} INFO - Poking for file /Desktop/ftp_imports/fileB.csv
[2020-05-04 23:16:33,090] {file_sensor.py:60} INFO - Poking for file /Desktop/ftp_imports/fileB.csv
[2020-05-04 23:17:03,097] {file_sensor.py:60} INFO - Poking for file /Desktop/ftp_imports/fileB.csv
[2020-05-04 23:17:33,103] {file_sensor.py:60} INFO - Poking for file /Desktop/ftp_imports/fileB.csv
[2020-05-04 23:18:03,108] {file_sensor.py:60} INFO - Poking for file /Desktop/ftp_imports/fileB.csv
[2020-05-04 23:18:33,115] {file_sensor.py:60} INFO - Poking for file /Desktop/ftp_imports/fileB.csv
[2020-05-04 23:19:03,122] {file_sensor.py:60} INFO - Poking for file /Desktop/ftp_imports/fileB.csv
[2020-05-04 23:19:33,126] {file_sensor.py:60} INFO - Poking for file /Desktop/ftp_imports/fileB.csv
[2020-05-04 23:20:03,131] {file_sensor.py:60} INFO - Poking for file /Desktop/ftp_imports/fileB.csv
[2020-05-04 23:20:33,138] {file_sensor.py:60} INFO - Poking for file /Desktop/ftp_imports/fileB.csv
[2020-05-04 23:21:03,144] {file_sensor.py:60} INFO - Poking for file /Desktop/ftp_imports/fileB.csv
[2020-05-04 23:21:33,157] {file_sensor.py:60} INFO - Poking for file /Desktop/ftp_imports/fileB.csv
[2020-05-04 23:22:03,162] {file_sensor.py:60} INFO - Poking for file /Desktop/ftp_imports/fileB.csv
[2020-05-04 23:22:33,167] {file_sensor.py:60} INFO - Poking for file /Desktop/ftp_imports/fileB.csv
[2020-05-04 23:23:03,172] {file_sensor.py:60} INFO - Poking for file /Desktop/ftp_imports/fileB.csv
[2020-05-04 23:23:33,177] {file_sensor.py:60} INFO - Poking for file /Desktop/ftp_imports/fileB.csv
[2020-05-04 23:24:03,184] {file_sensor.py:60} INFO - Poking for file /Desktop/ftp_imports/fileB.csv
[2020-05-04 23:24:33,188] {file_sensor.py:60} INFO - Poking for file /Desktop/ftp_imports/fileB.csv
[2020-05-04 23:25:03,195] {file_sensor.py:60} INFO - Poking for file /Desktop/ftp_imports/fileB.csv
[2020-05-04 23:25:33,200] {file_sensor.py:60} INFO - Poking for file /Desktop/ftp_imports/fileB.csv
[2020-05-04 23:26:03,207] {file_sensor.py:60} INFO - Poking for file /Desktop/ftp_imports/fileB.csv
[2020-05-04 23:26:33,214] {file_sensor.py:60} INFO - Poking for file /Desktop/ftp_imports/fileB.csv
[2020-05-04 23:27:03,219] {file_sensor.py:60} INFO - Poking for file /Desktop/ftp_imports/fileB.csv
[2020-05-04 23:27:33,223] {file_sensor.py:60} INFO - Poking for file /Desktop/ftp_imports/fileB.csv
[2020-05-04 23:28:03,228] {file_sensor.py:60} INFO - Poking for file /Desktop/ftp_imports/fileB.csv
[2020-05-04 23:28:33,236] {file_sensor.py:60} INFO - Poking for file /Desktop/ftp_imports/fileB.csv
[2020-05-04 23:29:03,242] {file_sensor.py:60} INFO - Poking for file /Desktop/ftp_imports/fileB.csv
[2020-05-04 23:29:33,246] {file_sensor.py:60} INFO - Poking for file /Desktop/ftp_imports/fileB.csv
[2020-05-04 23:30:03,250] {file_sensor.py:60} INFO - Poking for file /Desktop/ftp_imports/fileB.csv
[2020-05-04 23:30:33,255] {file_sensor.py:60} INFO - Poking for file /Desktop/ftp_imports/fileB.csv
[2020-05-04 23:31:03,262] {file_sensor.py:60} INFO - Poking for file /Desktop/ftp_imports/fileB.csv
[2020-05-04 23:31:33,267] {file_sensor.py:60} INFO - Poking for file /Desktop/ftp_imports/fileB.csv
[2020-05-04 23:32:03,271] {file_sensor.py:60} INFO - Poking for file /Desktop/ftp_imports/fileB.csv
[2020-05-04 23:32:33,278] {file_sensor.py:60} INFO - Poking for file /Desktop/ftp_imports/fileB.csv
[2020-05-04 23:33:03,286] {file_sensor.py:60} INFO - Poking for file /Desktop/ftp_imports/fileB.csv
[2020-05-04 23:33:33,293] {file_sensor.py:60} INFO - Poking for file /Desktop/ftp_imports/fileB.csv
[2020-05-04 23:34:03,300] {file_sensor.py:60} INFO - Poking for file /Desktop/ftp_imports/fileB.csv
[2020-05-04 23:34:33,306] {file_sensor.py:60} INFO - Poking for file /Desktop/ftp_imports/fileB.csv
[2020-05-04 23:35:03,313] {file_sensor.py:60} INFO - Poking for file /Desktop/ftp_imports/fileB.csv
[2020-05-04 23:35:33,320] {file_sensor.py:60} INFO - Poking for file /Desktop/ftp_imports/fileB.csv
[2020-05-04 23:36:03,327] {file_sensor.py:60} INFO - Poking for file /Desktop/ftp_imports/fileB.csv
[2020-05-04 23:36:33,334] {file_sensor.py:60} INFO - Poking for file /Desktop/ftp_imports/fileB.csv
[2020-05-04 23:37:03,341] {file_sensor.py:60} INFO - Poking for file /Desktop/ftp_imports/fileB.csv
[2020-05-04 23:37:33,348] {file_sensor.py:60} INFO - Poking for file /Desktop/ftp_imports/fileB.csv
[2020-05-04 23:38:03,355] {file_sensor.py:60} INFO - Poking for file /Desktop/ftp_imports/fileB.csv
[2020-05-04 23:38:33,362] {file_sensor.py:60} INFO - Poking for file /Desktop/ftp_imports/fileB.csv
[2020-05-04 23:39:03,368] {file_sensor.py:60} INFO - Poking for file /Desktop/ftp_imports/fileB.csv
[2020-05-04 23:39:33,374] {file_sensor.py:60} INFO - Poking for file /Desktop/ftp_imports/fileB.csv
[2020-05-04 23:40:03,381] {file_sensor.py:60} INFO - Poking for file /Desktop/ftp_imports/fileB.csv
[2020-05-04 23:40:33,389] {file_sensor.py:60} INFO - Poking for file /Desktop/ftp_imports/fileB.csv
[2020-05-04 23:41:03,395] {file_sensor.py:60} INFO - Poking for file /Desktop/ftp_imports/fileB.csv
[2020-05-04 23:41:33,401] {file_sensor.py:60} INFO - Poking for file /Desktop/ftp_imports/fileB.csv
[2020-05-04 23:42:03,407] {file_sensor.py:60} INFO - Poking for file /Desktop/ftp_imports/fileB.csv
[2020-05-04 23:42:33,410] {file_sensor.py:60} INFO - Poking for file /Desktop/ftp_imports/fileB.csv
[2020-05-04 23:43:03,416] {file_sensor.py:60} INFO - Poking for file /Desktop/ftp_imports/fileB.csv
[2020-05-04 23:43:33,423] {file_sensor.py:60} INFO - Poking for file /Desktop/ftp_imports/fileB.csv
[2020-05-04 23:44:03,429] {file_sensor.py:60} INFO - Poking for file /Desktop/ftp_imports/fileB.csv
[2020-05-04 23:44:33,436] {file_sensor.py:60} INFO - Poking for file /Desktop/ftp_imports/fileB.csv
[2020-05-04 23:45:03,442] {file_sensor.py:60} INFO - Poking for file /Desktop/ftp_imports/fileB.csv
[2020-05-04 23:45:33,449] {file_sensor.py:60} INFO - Poking for file /Desktop/ftp_imports/fileB.csv
[2020-05-04 23:46:03,455] {file_sensor.py:60} INFO - Poking for file /Desktop/ftp_imports/fileB.csv
[2020-05-04 23:46:33,460] {file_sensor.py:60} INFO - Poking for file /Desktop/ftp_imports/fileB.csv
[2020-05-04 23:47:03,473] {file_sensor.py:60} INFO - Poking for file /Desktop/ftp_imports/fileB.csv
[2020-05-04 23:47:33,480] {file_sensor.py:60} INFO - Poking for file /Desktop/ftp_imports/fileB.csv
[2020-05-04 23:48:03,486] {file_sensor.py:60} INFO - Poking for file /Desktop/ftp_imports/fileB.csv
[2020-05-04 23:48:33,492] {file_sensor.py:60} INFO - Poking for file /Desktop/ftp_imports/fileB.csv
[2020-05-04 23:49:03,498] {file_sensor.py:60} INFO - Poking for file /Desktop/ftp_imports/fileB.csv
[2020-05-04 23:49:33,502] {file_sensor.py:60} INFO - Poking for file /Desktop/ftp_imports/fileB.csv
[2020-05-04 23:50:03,509] {file_sensor.py:60} INFO - Poking for file /Desktop/ftp_imports/fileB.csv
[2020-05-04 23:50:33,514] {file_sensor.py:60} INFO - Poking for file /Desktop/ftp_imports/fileB.csv
[2020-05-04 23:51:03,524] {file_sensor.py:60} INFO - Poking for file /Desktop/ftp_imports/fileB.csv
[2020-05-04 23:51:33,534] {file_sensor.py:60} INFO - Poking for file /Desktop/ftp_imports/fileB.csv
[2020-05-04 23:52:03,541] {file_sensor.py:60} INFO - Poking for file /Desktop/ftp_imports/fileB.csv
[2020-05-04 23:52:33,549] {file_sensor.py:60} INFO - Poking for file /Desktop/ftp_imports/fileB.csv
[2020-05-04 23:53:03,555] {file_sensor.py:60} INFO - Poking for file /Desktop/ftp_imports/fileB.csv
[2020-05-04 23:53:33,562] {file_sensor.py:60} INFO - Poking for file /Desktop/ftp_imports/fileB.csv
[2020-05-04 23:54:03,569] {file_sensor.py:60} INFO - Poking for file /Desktop/ftp_imports/fileB.csv
[2020-05-04 23:54:33,575] {file_sensor.py:60} INFO - Poking for file /Desktop/ftp_imports/fileB.csv
[2020-05-04 23:55:03,581] {file_sensor.py:60} INFO - Poking for file /Desktop/ftp_imports/fileB.csv
[2020-05-04 23:55:33,588] {file_sensor.py:60} INFO - Poking for file /Desktop/ftp_imports/fileB.csv
[2020-05-04 23:56:03,593] {file_sensor.py:60} INFO - Poking for file /Desktop/ftp_imports/fileB.csv
[2020-05-04 23:56:33,597] {file_sensor.py:60} INFO - Poking for file /Desktop/ftp_imports/fileB.csv
[2020-05-04 23:57:03,605] {file_sensor.py:60} INFO - Poking for file /Desktop/ftp_imports/fileB.csv
[2020-05-04 23:57:33,609] {file_sensor.py:60} INFO - Poking for file /Desktop/ftp_imports/fileB.csv
[2020-05-04 23:58:03,616] {file_sensor.py:60} INFO - Poking for file /Desktop/ftp_imports/fileB.csv
[2020-05-04 23:58:33,627] {file_sensor.py:60} INFO - Poking for file /Desktop/ftp_imports/fileB.csv
[2020-05-04 23:59:03,634] {file_sensor.py:60} INFO - Poking for file /Desktop/ftp_imports/fileB.csv
[2020-05-04 23:59:33,639] {file_sensor.py:60} INFO - Poking for file /Desktop/ftp_imports/fileB.csv
[2020-05-05 00:00:03,646] {file_sensor.py:60} INFO - Poking for file /Desktop/ftp_imports/fileB.csv
[2020-05-05 00:00:33,653] {file_sensor.py:60} INFO - Poking for file /Desktop/ftp_imports/fileB.csv
[2020-05-05 00:01:03,660] {file_sensor.py:60} INFO - Poking for file /Desktop/ftp_imports/fileB.csv
[2020-05-05 00:01:33,664] {file_sensor.py:60} INFO - Poking for file /Desktop/ftp_imports/fileB.csv
[2020-05-05 00:02:03,668] {file_sensor.py:60} INFO - Poking for file /Desktop/ftp_imports/fileB.csv
[2020-05-05 00:02:33,675] {file_sensor.py:60} INFO - Poking for file /Desktop/ftp_imports/fileB.csv
[2020-05-05 00:03:03,681] {file_sensor.py:60} INFO - Poking for file /Desktop/ftp_imports/fileB.csv
[2020-05-05 00:03:33,685] {file_sensor.py:60} INFO - Poking for file /Desktop/ftp_imports/fileB.csv
[2020-05-05 00:04:03,691] {file_sensor.py:60} INFO - Poking for file /Desktop/ftp_imports/fileB.csv
[2020-05-05 00:04:33,696] {file_sensor.py:60} INFO - Poking for file /Desktop/ftp_imports/fileB.csv
[2020-05-05 00:05:03,702] {file_sensor.py:60} INFO - Poking for file /Desktop/ftp_imports/fileB.csv
[2020-05-05 00:05:33,709] {file_sensor.py:60} INFO - Poking for file /Desktop/ftp_imports/fileB.csv
[2020-05-05 00:06:03,719] {file_sensor.py:60} INFO - Poking for file /Desktop/ftp_imports/fileB.csv
[2020-05-05 00:06:33,729] {file_sensor.py:60} INFO - Poking for file /Desktop/ftp_imports/fileB.csv
[2020-05-05 00:07:03,737] {file_sensor.py:60} INFO - Poking for file /Desktop/ftp_imports/fileB.csv
[2020-05-05 00:07:33,743] {file_sensor.py:60} INFO - Poking for file /Desktop/ftp_imports/fileB.csv
[2020-05-05 00:08:03,747] {file_sensor.py:60} INFO - Poking for file /Desktop/ftp_imports/fileB.csv
[2020-05-05 00:08:33,754] {file_sensor.py:60} INFO - Poking for file /Desktop/ftp_imports/fileB.csv
[2020-05-05 00:09:03,762] {file_sensor.py:60} INFO - Poking for file /Desktop/ftp_imports/fileB.csv
[2020-05-05 00:09:33,769] {file_sensor.py:60} INFO - Poking for file /Desktop/ftp_imports/fileB.csv
[2020-05-05 00:10:03,775] {file_sensor.py:60} INFO - Poking for file /Desktop/ftp_imports/fileB.csv
[2020-05-05 00:10:33,782] {file_sensor.py:60} INFO - Poking for file /Desktop/ftp_imports/fileB.csv
[2020-05-05 00:11:03,790] {file_sensor.py:60} INFO - Poking for file /Desktop/ftp_imports/fileB.csv
[2020-05-05 00:11:33,796] {file_sensor.py:60} INFO - Poking for file /Desktop/ftp_imports/fileB.csv
[2020-05-05 00:12:03,801] {file_sensor.py:60} INFO - Poking for file /Desktop/ftp_imports/fileB.csv
[2020-05-05 00:12:33,808] {file_sensor.py:60} INFO - Poking for file /Desktop/ftp_imports/fileB.csv
[2020-05-05 00:13:03,815] {file_sensor.py:60} INFO - Poking for file /Desktop/ftp_imports/fileB.csv
[2020-05-05 00:13:33,823] {file_sensor.py:60} INFO - Poking for file /Desktop/ftp_imports/fileB.csv
[2020-05-05 00:14:03,831] {file_sensor.py:60} INFO - Poking for file /Desktop/ftp_imports/fileB.csv
[2020-05-05 00:14:33,838] {file_sensor.py:60} INFO - Poking for file /Desktop/ftp_imports/fileB.csv
[2020-05-05 00:15:03,845] {file_sensor.py:60} INFO - Poking for file /Desktop/ftp_imports/fileB.csv
[2020-05-05 00:15:33,852] {file_sensor.py:60} INFO - Poking for file /Desktop/ftp_imports/fileB.csv
[2020-05-05 00:16:03,859] {file_sensor.py:60} INFO - Poking for file /Desktop/ftp_imports/fileB.csv
[2020-05-05 00:16:33,865] {file_sensor.py:60} INFO - Poking for file /Desktop/ftp_imports/fileB.csv
[2020-05-05 00:17:03,871] {file_sensor.py:60} INFO - Poking for file /Desktop/ftp_imports/fileB.csv
[2020-05-05 00:17:33,878] {file_sensor.py:60} INFO - Poking for file /Desktop/ftp_imports/fileB.csv
[2020-05-05 00:18:03,886] {file_sensor.py:60} INFO - Poking for file /Desktop/ftp_imports/fileB.csv
[2020-05-05 00:18:33,891] {file_sensor.py:60} INFO - Poking for file /Desktop/ftp_imports/fileB.csv
[2020-05-05 00:19:03,895] {file_sensor.py:60} INFO - Poking for file /Desktop/ftp_imports/fileB.csv
[2020-05-05 00:19:33,900] {file_sensor.py:60} INFO - Poking for file /Desktop/ftp_imports/fileB.csv
[2020-05-05 00:20:03,908] {file_sensor.py:60} INFO - Poking for file /Desktop/ftp_imports/fileB.csv
[2020-05-05 00:20:33,915] {file_sensor.py:60} INFO - Poking for file /Desktop/ftp_imports/fileB.csv
[2020-05-05 00:21:03,925] {file_sensor.py:60} INFO - Poking for file /Desktop/ftp_imports/fileB.csv
[2020-05-05 00:21:33,934] {file_sensor.py:60} INFO - Poking for file /Desktop/ftp_imports/fileB.csv
[2020-05-05 00:22:03,942] {file_sensor.py:60} INFO - Poking for file /Desktop/ftp_imports/fileB.csv
[2020-05-05 00:22:33,946] {file_sensor.py:60} INFO - Poking for file /Desktop/ftp_imports/fileB.csv
[2020-05-05 00:23:03,965] {taskinstance.py:1145} ERROR - (sqlite3.OperationalError) no such table: connection
[SQL: SELECT connection.password AS connection_password, connection.extra AS connection_extra, connection.id AS connection_id, connection.conn_id AS connection_conn_id, connection.conn_type AS connection_conn_type, connection.host AS connection_host, connection.schema AS connection_schema, connection.login AS connection_login, connection.port AS connection_port, connection.is_encrypted AS connection_is_encrypted, connection.is_extra_encrypted AS connection_is_extra_encrypted 
FROM connection 
WHERE connection.conn_id = ?]
[parameters: ('fs_default',)]
(Background on this error at: http://sqlalche.me/e/e3q8)
Traceback (most recent call last):
  File "/usr/local/lib/python3.7/site-packages/sqlalchemy/engine/base.py", line 1248, in _execute_context
    cursor, statement, parameters, context
  File "/usr/local/lib/python3.7/site-packages/sqlalchemy/engine/default.py", line 590, in do_execute
    cursor.execute(statement, parameters)
sqlite3.OperationalError: no such table: connection

The above exception was the direct cause of the following exception:

Traceback (most recent call last):
  File "/usr/local/lib/python3.7/site-packages/airflow/models/taskinstance.py", line 983, in _run_raw_task
    result = task_copy.execute(context=context)
  File "/usr/local/lib/python3.7/site-packages/airflow/sensors/base_sensor_operator.py", line 107, in execute
    while not self.poke(context):
  File "/usr/local/lib/python3.7/site-packages/airflow/contrib/sensors/file_sensor.py", line 57, in poke
    hook = FSHook(self.fs_conn_id)
  File "/usr/local/lib/python3.7/site-packages/airflow/contrib/hooks/fs_hook.py", line 38, in __init__
    conn = self.get_connection(conn_id)
  File "/usr/local/lib/python3.7/site-packages/airflow/hooks/base_hook.py", line 84, in get_connection
    conn = random.choice(list(cls.get_connections(conn_id)))
  File "/usr/local/lib/python3.7/site-packages/airflow/hooks/base_hook.py", line 80, in get_connections
    return secrets.get_connections(conn_id)
  File "/usr/local/lib/python3.7/site-packages/airflow/secrets/__init__.py", line 52, in get_connections
    conn_list = secrets_backend.get_connections(conn_id=conn_id)
  File "/usr/local/lib/python3.7/site-packages/airflow/utils/db.py", line 74, in wrapper
    return func(*args, **kwargs)
  File "/usr/local/lib/python3.7/site-packages/airflow/secrets/metastore.py", line 38, in get_connections
    conn_list = session.query(Connection).filter(Connection.conn_id == conn_id).all()
  File "/usr/local/lib/python3.7/site-packages/sqlalchemy/orm/query.py", line 3246, in all
    return list(self)
  File "/usr/local/lib/python3.7/site-packages/sqlalchemy/orm/query.py", line 3405, in __iter__
    return self._execute_and_instances(context)
  File "/usr/local/lib/python3.7/site-packages/sqlalchemy/orm/query.py", line 3430, in _execute_and_instances
    result = conn.execute(querycontext.statement, self._params)
  File "/usr/local/lib/python3.7/site-packages/sqlalchemy/engine/base.py", line 984, in execute
    return meth(self, multiparams, params)
  File "/usr/local/lib/python3.7/site-packages/sqlalchemy/sql/elements.py", line 293, in _execute_on_connection
    return connection._execute_clauseelement(self, multiparams, params)
  File "/usr/local/lib/python3.7/site-packages/sqlalchemy/engine/base.py", line 1103, in _execute_clauseelement
    distilled_params,
  File "/usr/local/lib/python3.7/site-packages/sqlalchemy/engine/base.py", line 1288, in _execute_context
    e, statement, parameters, cursor, context
  File "/usr/local/lib/python3.7/site-packages/sqlalchemy/engine/base.py", line 1482, in _handle_dbapi_exception
    sqlalchemy_exception, with_traceback=exc_info[2], from_=e
  File "/usr/local/lib/python3.7/site-packages/sqlalchemy/util/compat.py", line 178, in raise_
    raise exception
  File "/usr/local/lib/python3.7/site-packages/sqlalchemy/engine/base.py", line 1248, in _execute_context
    cursor, statement, parameters, context
  File "/usr/local/lib/python3.7/site-packages/sqlalchemy/engine/default.py", line 590, in do_execute
    cursor.execute(statement, parameters)
sqlalchemy.exc.OperationalError: (sqlite3.OperationalError) no such table: connection
[SQL: SELECT connection.password AS connection_password, connection.extra AS connection_extra, connection.id AS connection_id, connection.conn_id AS connection_conn_id, connection.conn_type AS connection_conn_type, connection.host AS connection_host, connection.schema AS connection_schema, connection.login AS connection_login, connection.port AS connection_port, connection.is_encrypted AS connection_is_encrypted, connection.is_extra_encrypted AS connection_is_extra_encrypted 
FROM connection 
WHERE connection.conn_id = ?]
[parameters: ('fs_default',)]
(Background on this error at: http://sqlalche.me/e/e3q8)
[2020-05-05 00:23:03,978] {taskinstance.py:1168} INFO - Marking task as UP_FOR_RETRY
