[2020-05-04 20:59:17,913] {taskinstance.py:669} INFO - Dependencies all met for <TaskInstance: batch_processing.read_file_b 2020-05-03T00:00:00+00:00 [queued]>
[2020-05-04 20:59:17,918] {taskinstance.py:669} INFO - Dependencies all met for <TaskInstance: batch_processing.read_file_b 2020-05-03T00:00:00+00:00 [queued]>
[2020-05-04 20:59:17,919] {taskinstance.py:879} INFO - 
--------------------------------------------------------------------------------
[2020-05-04 20:59:17,919] {taskinstance.py:880} INFO - Starting attempt 1 of 2
[2020-05-04 20:59:17,919] {taskinstance.py:881} INFO - 
--------------------------------------------------------------------------------
[2020-05-04 20:59:17,925] {taskinstance.py:900} INFO - Executing <Task(FileSensor): read_file_b> on 2020-05-03T00:00:00+00:00
[2020-05-04 20:59:17,927] {standard_task_runner.py:53} INFO - Started process 11250 to run task
[2020-05-04 20:59:17,971] {logging_mixin.py:112} INFO - Running %s on host %s <TaskInstance: batch_processing.read_file_b 2020-05-03T00:00:00+00:00 [running]> eyrunt-mbp
[2020-05-04 20:59:17,985] {file_sensor.py:60} INFO - Poking for file /Desktop/ftp_imports/fileB.csv
[2020-05-04 20:59:47,991] {file_sensor.py:60} INFO - Poking for file /Desktop/ftp_imports/fileB.csv
[2020-05-04 21:00:17,998] {file_sensor.py:60} INFO - Poking for file /Desktop/ftp_imports/fileB.csv
[2020-05-04 21:00:48,004] {file_sensor.py:60} INFO - Poking for file /Desktop/ftp_imports/fileB.csv
[2020-05-04 21:01:18,010] {file_sensor.py:60} INFO - Poking for file /Desktop/ftp_imports/fileB.csv
[2020-05-04 21:01:48,017] {file_sensor.py:60} INFO - Poking for file /Desktop/ftp_imports/fileB.csv
[2020-05-04 21:02:18,024] {file_sensor.py:60} INFO - Poking for file /Desktop/ftp_imports/fileB.csv
[2020-05-04 21:02:48,032] {file_sensor.py:60} INFO - Poking for file /Desktop/ftp_imports/fileB.csv
[2020-05-04 21:03:18,039] {file_sensor.py:60} INFO - Poking for file /Desktop/ftp_imports/fileB.csv
[2020-05-04 21:03:48,043] {file_sensor.py:60} INFO - Poking for file /Desktop/ftp_imports/fileB.csv
[2020-05-04 21:04:18,046] {file_sensor.py:60} INFO - Poking for file /Desktop/ftp_imports/fileB.csv
[2020-05-04 21:04:48,050] {file_sensor.py:60} INFO - Poking for file /Desktop/ftp_imports/fileB.csv
[2020-05-04 21:05:18,058] {file_sensor.py:60} INFO - Poking for file /Desktop/ftp_imports/fileB.csv
[2020-05-04 21:05:48,062] {file_sensor.py:60} INFO - Poking for file /Desktop/ftp_imports/fileB.csv
[2020-05-04 21:06:18,069] {file_sensor.py:60} INFO - Poking for file /Desktop/ftp_imports/fileB.csv
[2020-05-04 21:06:48,076] {file_sensor.py:60} INFO - Poking for file /Desktop/ftp_imports/fileB.csv
[2020-05-04 21:07:18,082] {file_sensor.py:60} INFO - Poking for file /Desktop/ftp_imports/fileB.csv
[2020-05-04 21:07:48,088] {file_sensor.py:60} INFO - Poking for file /Desktop/ftp_imports/fileB.csv
[2020-05-04 21:08:18,094] {file_sensor.py:60} INFO - Poking for file /Desktop/ftp_imports/fileB.csv
[2020-05-04 21:08:48,100] {file_sensor.py:60} INFO - Poking for file /Desktop/ftp_imports/fileB.csv
[2020-05-04 21:09:18,107] {file_sensor.py:60} INFO - Poking for file /Desktop/ftp_imports/fileB.csv
[2020-05-04 21:09:48,115] {file_sensor.py:60} INFO - Poking for file /Desktop/ftp_imports/fileB.csv
[2020-05-04 21:10:18,124] {file_sensor.py:60} INFO - Poking for file /Desktop/ftp_imports/fileB.csv
[2020-05-04 21:10:48,131] {file_sensor.py:60} INFO - Poking for file /Desktop/ftp_imports/fileB.csv
[2020-05-04 21:11:18,137] {file_sensor.py:60} INFO - Poking for file /Desktop/ftp_imports/fileB.csv
[2020-05-04 21:11:48,143] {file_sensor.py:60} INFO - Poking for file /Desktop/ftp_imports/fileB.csv
[2020-05-04 21:12:18,146] {file_sensor.py:60} INFO - Poking for file /Desktop/ftp_imports/fileB.csv
[2020-05-04 21:12:48,149] {file_sensor.py:60} INFO - Poking for file /Desktop/ftp_imports/fileB.csv
[2020-05-04 21:13:18,156] {file_sensor.py:60} INFO - Poking for file /Desktop/ftp_imports/fileB.csv
[2020-05-04 21:13:48,162] {file_sensor.py:60} INFO - Poking for file /Desktop/ftp_imports/fileB.csv
[2020-05-04 21:14:18,168] {file_sensor.py:60} INFO - Poking for file /Desktop/ftp_imports/fileB.csv
[2020-05-04 21:14:48,173] {file_sensor.py:60} INFO - Poking for file /Desktop/ftp_imports/fileB.csv
[2020-05-04 21:15:18,180] {file_sensor.py:60} INFO - Poking for file /Desktop/ftp_imports/fileB.csv
[2020-05-04 21:15:48,184] {file_sensor.py:60} INFO - Poking for file /Desktop/ftp_imports/fileB.csv
[2020-05-04 21:16:18,190] {file_sensor.py:60} INFO - Poking for file /Desktop/ftp_imports/fileB.csv
[2020-05-04 21:16:48,196] {file_sensor.py:60} INFO - Poking for file /Desktop/ftp_imports/fileB.csv
[2020-05-04 21:17:18,203] {file_sensor.py:60} INFO - Poking for file /Desktop/ftp_imports/fileB.csv
[2020-05-04 21:17:48,210] {file_sensor.py:60} INFO - Poking for file /Desktop/ftp_imports/fileB.csv
[2020-05-04 21:18:18,217] {file_sensor.py:60} INFO - Poking for file /Desktop/ftp_imports/fileB.csv
[2020-05-04 21:18:48,225] {file_sensor.py:60} INFO - Poking for file /Desktop/ftp_imports/fileB.csv
[2020-05-04 21:19:18,233] {file_sensor.py:60} INFO - Poking for file /Desktop/ftp_imports/fileB.csv
[2020-05-04 21:19:48,240] {file_sensor.py:60} INFO - Poking for file /Desktop/ftp_imports/fileB.csv
[2020-05-04 21:20:18,245] {file_sensor.py:60} INFO - Poking for file /Desktop/ftp_imports/fileB.csv
[2020-05-04 21:20:48,251] {file_sensor.py:60} INFO - Poking for file /Desktop/ftp_imports/fileB.csv
[2020-05-04 21:21:18,259] {file_sensor.py:60} INFO - Poking for file /Desktop/ftp_imports/fileB.csv
[2020-05-04 21:21:48,264] {file_sensor.py:60} INFO - Poking for file /Desktop/ftp_imports/fileB.csv
[2020-05-04 21:22:18,272] {file_sensor.py:60} INFO - Poking for file /Desktop/ftp_imports/fileB.csv
[2020-05-04 21:22:48,276] {file_sensor.py:60} INFO - Poking for file /Desktop/ftp_imports/fileB.csv
[2020-05-04 21:23:18,282] {file_sensor.py:60} INFO - Poking for file /Desktop/ftp_imports/fileB.csv
[2020-05-04 21:23:48,286] {file_sensor.py:60} INFO - Poking for file /Desktop/ftp_imports/fileB.csv
[2020-05-04 21:24:18,290] {file_sensor.py:60} INFO - Poking for file /Desktop/ftp_imports/fileB.csv
[2020-05-04 21:24:48,297] {file_sensor.py:60} INFO - Poking for file /Desktop/ftp_imports/fileB.csv
[2020-05-04 21:25:18,303] {file_sensor.py:60} INFO - Poking for file /Desktop/ftp_imports/fileB.csv
[2020-05-04 21:25:48,310] {file_sensor.py:60} INFO - Poking for file /Desktop/ftp_imports/fileB.csv
[2020-05-04 21:26:18,317] {file_sensor.py:60} INFO - Poking for file /Desktop/ftp_imports/fileB.csv
[2020-05-04 21:26:48,323] {file_sensor.py:60} INFO - Poking for file /Desktop/ftp_imports/fileB.csv
[2020-05-04 21:27:18,330] {file_sensor.py:60} INFO - Poking for file /Desktop/ftp_imports/fileB.csv
[2020-05-04 21:27:48,336] {file_sensor.py:60} INFO - Poking for file /Desktop/ftp_imports/fileB.csv
[2020-05-04 21:28:18,343] {file_sensor.py:60} INFO - Poking for file /Desktop/ftp_imports/fileB.csv
[2020-05-04 21:28:48,350] {file_sensor.py:60} INFO - Poking for file /Desktop/ftp_imports/fileB.csv
[2020-05-04 21:29:18,355] {file_sensor.py:60} INFO - Poking for file /Desktop/ftp_imports/fileB.csv
[2020-05-04 21:29:48,362] {file_sensor.py:60} INFO - Poking for file /Desktop/ftp_imports/fileB.csv
[2020-05-04 21:30:18,369] {file_sensor.py:60} INFO - Poking for file /Desktop/ftp_imports/fileB.csv
[2020-05-04 21:30:48,374] {file_sensor.py:60} INFO - Poking for file /Desktop/ftp_imports/fileB.csv
[2020-05-04 21:31:18,377] {file_sensor.py:60} INFO - Poking for file /Desktop/ftp_imports/fileB.csv
[2020-05-04 21:31:48,383] {file_sensor.py:60} INFO - Poking for file /Desktop/ftp_imports/fileB.csv
[2020-05-04 21:32:18,387] {file_sensor.py:60} INFO - Poking for file /Desktop/ftp_imports/fileB.csv
[2020-05-04 21:32:48,394] {file_sensor.py:60} INFO - Poking for file /Desktop/ftp_imports/fileB.csv
[2020-05-04 21:33:18,399] {file_sensor.py:60} INFO - Poking for file /Desktop/ftp_imports/fileB.csv
[2020-05-04 21:33:48,408] {file_sensor.py:60} INFO - Poking for file /Desktop/ftp_imports/fileB.csv
[2020-05-04 21:34:18,415] {file_sensor.py:60} INFO - Poking for file /Desktop/ftp_imports/fileB.csv
[2020-05-04 21:34:48,422] {file_sensor.py:60} INFO - Poking for file /Desktop/ftp_imports/fileB.csv
[2020-05-04 21:35:18,426] {file_sensor.py:60} INFO - Poking for file /Desktop/ftp_imports/fileB.csv
[2020-05-04 21:35:48,431] {file_sensor.py:60} INFO - Poking for file /Desktop/ftp_imports/fileB.csv
[2020-05-04 21:36:18,437] {file_sensor.py:60} INFO - Poking for file /Desktop/ftp_imports/fileB.csv
[2020-05-04 21:36:48,444] {file_sensor.py:60} INFO - Poking for file /Desktop/ftp_imports/fileB.csv
[2020-05-04 21:37:18,448] {file_sensor.py:60} INFO - Poking for file /Desktop/ftp_imports/fileB.csv
[2020-05-04 21:37:48,456] {file_sensor.py:60} INFO - Poking for file /Desktop/ftp_imports/fileB.csv
[2020-05-04 21:38:18,460] {file_sensor.py:60} INFO - Poking for file /Desktop/ftp_imports/fileB.csv
[2020-05-04 21:38:48,466] {file_sensor.py:60} INFO - Poking for file /Desktop/ftp_imports/fileB.csv
[2020-05-04 21:39:18,473] {file_sensor.py:60} INFO - Poking for file /Desktop/ftp_imports/fileB.csv
[2020-05-04 21:39:48,478] {file_sensor.py:60} INFO - Poking for file /Desktop/ftp_imports/fileB.csv
[2020-05-04 21:40:18,483] {file_sensor.py:60} INFO - Poking for file /Desktop/ftp_imports/fileB.csv
[2020-05-04 21:40:48,490] {file_sensor.py:60} INFO - Poking for file /Desktop/ftp_imports/fileB.csv
[2020-05-04 21:41:18,495] {file_sensor.py:60} INFO - Poking for file /Desktop/ftp_imports/fileB.csv
[2020-05-04 21:41:48,502] {file_sensor.py:60} INFO - Poking for file /Desktop/ftp_imports/fileB.csv
[2020-05-04 21:42:18,509] {file_sensor.py:60} INFO - Poking for file /Desktop/ftp_imports/fileB.csv
[2020-05-04 21:42:48,516] {file_sensor.py:60} INFO - Poking for file /Desktop/ftp_imports/fileB.csv
[2020-05-04 21:43:18,523] {file_sensor.py:60} INFO - Poking for file /Desktop/ftp_imports/fileB.csv
[2020-05-04 21:43:48,527] {file_sensor.py:60} INFO - Poking for file /Desktop/ftp_imports/fileB.csv
[2020-05-04 21:44:18,531] {file_sensor.py:60} INFO - Poking for file /Desktop/ftp_imports/fileB.csv
[2020-05-04 21:44:48,536] {file_sensor.py:60} INFO - Poking for file /Desktop/ftp_imports/fileB.csv
[2020-05-04 21:45:18,541] {file_sensor.py:60} INFO - Poking for file /Desktop/ftp_imports/fileB.csv
[2020-05-04 21:45:48,545] {file_sensor.py:60} INFO - Poking for file /Desktop/ftp_imports/fileB.csv
[2020-05-04 21:46:18,551] {file_sensor.py:60} INFO - Poking for file /Desktop/ftp_imports/fileB.csv
[2020-05-04 21:46:48,556] {file_sensor.py:60} INFO - Poking for file /Desktop/ftp_imports/fileB.csv
[2020-05-04 21:47:18,562] {file_sensor.py:60} INFO - Poking for file /Desktop/ftp_imports/fileB.csv
[2020-05-04 21:47:48,568] {file_sensor.py:60} INFO - Poking for file /Desktop/ftp_imports/fileB.csv
[2020-05-04 21:48:18,574] {file_sensor.py:60} INFO - Poking for file /Desktop/ftp_imports/fileB.csv
[2020-05-04 21:48:48,580] {file_sensor.py:60} INFO - Poking for file /Desktop/ftp_imports/fileB.csv
[2020-05-04 21:49:18,587] {file_sensor.py:60} INFO - Poking for file /Desktop/ftp_imports/fileB.csv
[2020-05-04 21:49:48,595] {file_sensor.py:60} INFO - Poking for file /Desktop/ftp_imports/fileB.csv
[2020-05-04 21:50:18,602] {file_sensor.py:60} INFO - Poking for file /Desktop/ftp_imports/fileB.csv
[2020-05-04 21:50:48,611] {file_sensor.py:60} INFO - Poking for file /Desktop/ftp_imports/fileB.csv
[2020-05-04 21:51:18,618] {file_sensor.py:60} INFO - Poking for file /Desktop/ftp_imports/fileB.csv
[2020-05-04 21:51:48,625] {file_sensor.py:60} INFO - Poking for file /Desktop/ftp_imports/fileB.csv
[2020-05-04 21:52:18,633] {file_sensor.py:60} INFO - Poking for file /Desktop/ftp_imports/fileB.csv
[2020-05-04 21:52:48,641] {file_sensor.py:60} INFO - Poking for file /Desktop/ftp_imports/fileB.csv
[2020-05-04 21:53:18,650] {file_sensor.py:60} INFO - Poking for file /Desktop/ftp_imports/fileB.csv
[2020-05-04 21:53:48,655] {file_sensor.py:60} INFO - Poking for file /Desktop/ftp_imports/fileB.csv
[2020-05-04 21:54:18,661] {file_sensor.py:60} INFO - Poking for file /Desktop/ftp_imports/fileB.csv
[2020-05-04 21:54:48,668] {file_sensor.py:60} INFO - Poking for file /Desktop/ftp_imports/fileB.csv
[2020-05-04 21:55:18,673] {file_sensor.py:60} INFO - Poking for file /Desktop/ftp_imports/fileB.csv
[2020-05-04 21:55:48,680] {file_sensor.py:60} INFO - Poking for file /Desktop/ftp_imports/fileB.csv
[2020-05-04 21:56:18,684] {file_sensor.py:60} INFO - Poking for file /Desktop/ftp_imports/fileB.csv
[2020-05-04 21:56:48,688] {file_sensor.py:60} INFO - Poking for file /Desktop/ftp_imports/fileB.csv
[2020-05-04 21:57:18,693] {file_sensor.py:60} INFO - Poking for file /Desktop/ftp_imports/fileB.csv
[2020-05-04 21:57:48,703] {file_sensor.py:60} INFO - Poking for file /Desktop/ftp_imports/fileB.csv
[2020-05-04 21:58:18,707] {file_sensor.py:60} INFO - Poking for file /Desktop/ftp_imports/fileB.csv
[2020-05-04 21:58:48,711] {file_sensor.py:60} INFO - Poking for file /Desktop/ftp_imports/fileB.csv
[2020-05-04 21:59:18,719] {file_sensor.py:60} INFO - Poking for file /Desktop/ftp_imports/fileB.csv
[2020-05-04 21:59:48,723] {file_sensor.py:60} INFO - Poking for file /Desktop/ftp_imports/fileB.csv
[2020-05-04 22:00:18,729] {file_sensor.py:60} INFO - Poking for file /Desktop/ftp_imports/fileB.csv
[2020-05-04 22:00:48,734] {file_sensor.py:60} INFO - Poking for file /Desktop/ftp_imports/fileB.csv
[2020-05-04 22:01:18,742] {file_sensor.py:60} INFO - Poking for file /Desktop/ftp_imports/fileB.csv
[2020-05-04 22:01:48,750] {file_sensor.py:60} INFO - Poking for file /Desktop/ftp_imports/fileB.csv
[2020-05-04 22:02:18,757] {file_sensor.py:60} INFO - Poking for file /Desktop/ftp_imports/fileB.csv
[2020-05-04 22:02:48,763] {file_sensor.py:60} INFO - Poking for file /Desktop/ftp_imports/fileB.csv
[2020-05-04 22:03:18,769] {file_sensor.py:60} INFO - Poking for file /Desktop/ftp_imports/fileB.csv
[2020-05-04 22:03:48,774] {file_sensor.py:60} INFO - Poking for file /Desktop/ftp_imports/fileB.csv
[2020-05-04 22:04:18,779] {file_sensor.py:60} INFO - Poking for file /Desktop/ftp_imports/fileB.csv
[2020-05-04 22:04:48,782] {file_sensor.py:60} INFO - Poking for file /Desktop/ftp_imports/fileB.csv
[2020-05-04 22:05:18,785] {file_sensor.py:60} INFO - Poking for file /Desktop/ftp_imports/fileB.csv
[2020-05-04 22:05:48,794] {file_sensor.py:60} INFO - Poking for file /Desktop/ftp_imports/fileB.csv
[2020-05-04 22:06:18,798] {file_sensor.py:60} INFO - Poking for file /Desktop/ftp_imports/fileB.csv
[2020-05-04 22:06:48,805] {file_sensor.py:60} INFO - Poking for file /Desktop/ftp_imports/fileB.csv
[2020-05-04 22:07:18,809] {file_sensor.py:60} INFO - Poking for file /Desktop/ftp_imports/fileB.csv
[2020-05-04 22:07:48,816] {file_sensor.py:60} INFO - Poking for file /Desktop/ftp_imports/fileB.csv
[2020-05-04 22:08:18,823] {file_sensor.py:60} INFO - Poking for file /Desktop/ftp_imports/fileB.csv
[2020-05-04 22:08:48,829] {file_sensor.py:60} INFO - Poking for file /Desktop/ftp_imports/fileB.csv
[2020-05-04 22:09:18,835] {file_sensor.py:60} INFO - Poking for file /Desktop/ftp_imports/fileB.csv
[2020-05-04 22:09:48,841] {file_sensor.py:60} INFO - Poking for file /Desktop/ftp_imports/fileB.csv
[2020-05-04 22:10:18,848] {file_sensor.py:60} INFO - Poking for file /Desktop/ftp_imports/fileB.csv
[2020-05-04 22:10:48,853] {file_sensor.py:60} INFO - Poking for file /Desktop/ftp_imports/fileB.csv
[2020-05-04 22:11:18,861] {file_sensor.py:60} INFO - Poking for file /Desktop/ftp_imports/fileB.csv
[2020-05-04 22:11:48,867] {file_sensor.py:60} INFO - Poking for file /Desktop/ftp_imports/fileB.csv
[2020-05-04 22:12:18,874] {file_sensor.py:60} INFO - Poking for file /Desktop/ftp_imports/fileB.csv
[2020-05-04 22:12:48,879] {file_sensor.py:60} INFO - Poking for file /Desktop/ftp_imports/fileB.csv
[2020-05-04 22:13:18,884] {file_sensor.py:60} INFO - Poking for file /Desktop/ftp_imports/fileB.csv
[2020-05-04 22:13:48,890] {file_sensor.py:60} INFO - Poking for file /Desktop/ftp_imports/fileB.csv
[2020-05-04 22:14:18,894] {file_sensor.py:60} INFO - Poking for file /Desktop/ftp_imports/fileB.csv
[2020-05-04 22:14:48,897] {file_sensor.py:60} INFO - Poking for file /Desktop/ftp_imports/fileB.csv
[2020-05-04 22:15:18,903] {file_sensor.py:60} INFO - Poking for file /Desktop/ftp_imports/fileB.csv
[2020-05-04 22:15:48,910] {file_sensor.py:60} INFO - Poking for file /Desktop/ftp_imports/fileB.csv
[2020-05-04 22:16:18,915] {file_sensor.py:60} INFO - Poking for file /Desktop/ftp_imports/fileB.csv
[2020-05-04 22:16:48,920] {file_sensor.py:60} INFO - Poking for file /Desktop/ftp_imports/fileB.csv
[2020-05-04 22:17:18,925] {file_sensor.py:60} INFO - Poking for file /Desktop/ftp_imports/fileB.csv
[2020-05-04 22:17:48,929] {file_sensor.py:60} INFO - Poking for file /Desktop/ftp_imports/fileB.csv
[2020-05-04 22:18:18,935] {file_sensor.py:60} INFO - Poking for file /Desktop/ftp_imports/fileB.csv
[2020-05-04 22:18:48,940] {file_sensor.py:60} INFO - Poking for file /Desktop/ftp_imports/fileB.csv
[2020-05-04 22:19:18,945] {file_sensor.py:60} INFO - Poking for file /Desktop/ftp_imports/fileB.csv
[2020-05-04 22:19:48,951] {file_sensor.py:60} INFO - Poking for file /Desktop/ftp_imports/fileB.csv
[2020-05-04 22:20:18,956] {file_sensor.py:60} INFO - Poking for file /Desktop/ftp_imports/fileB.csv
[2020-05-04 22:20:48,962] {file_sensor.py:60} INFO - Poking for file /Desktop/ftp_imports/fileB.csv
[2020-05-04 22:21:18,968] {file_sensor.py:60} INFO - Poking for file /Desktop/ftp_imports/fileB.csv
[2020-05-04 22:21:48,974] {file_sensor.py:60} INFO - Poking for file /Desktop/ftp_imports/fileB.csv
[2020-05-04 22:22:18,982] {file_sensor.py:60} INFO - Poking for file /Desktop/ftp_imports/fileB.csv
[2020-05-04 22:22:48,986] {file_sensor.py:60} INFO - Poking for file /Desktop/ftp_imports/fileB.csv
[2020-05-04 22:23:18,991] {file_sensor.py:60} INFO - Poking for file /Desktop/ftp_imports/fileB.csv
[2020-05-04 22:23:48,998] {file_sensor.py:60} INFO - Poking for file /Desktop/ftp_imports/fileB.csv
[2020-05-04 22:24:19,005] {file_sensor.py:60} INFO - Poking for file /Desktop/ftp_imports/fileB.csv
[2020-05-04 22:24:49,011] {file_sensor.py:60} INFO - Poking for file /Desktop/ftp_imports/fileB.csv
[2020-05-04 22:25:19,019] {file_sensor.py:60} INFO - Poking for file /Desktop/ftp_imports/fileB.csv
[2020-05-04 22:25:49,026] {file_sensor.py:60} INFO - Poking for file /Desktop/ftp_imports/fileB.csv
[2020-05-04 22:26:19,032] {file_sensor.py:60} INFO - Poking for file /Desktop/ftp_imports/fileB.csv
[2020-05-04 22:26:49,036] {file_sensor.py:60} INFO - Poking for file /Desktop/ftp_imports/fileB.csv
[2020-05-04 22:27:19,042] {file_sensor.py:60} INFO - Poking for file /Desktop/ftp_imports/fileB.csv
[2020-05-04 22:27:49,048] {file_sensor.py:60} INFO - Poking for file /Desktop/ftp_imports/fileB.csv
[2020-05-04 22:28:19,053] {file_sensor.py:60} INFO - Poking for file /Desktop/ftp_imports/fileB.csv
[2020-05-04 22:28:49,059] {file_sensor.py:60} INFO - Poking for file /Desktop/ftp_imports/fileB.csv
[2020-05-04 22:29:19,063] {file_sensor.py:60} INFO - Poking for file /Desktop/ftp_imports/fileB.csv
[2020-05-04 22:29:49,068] {file_sensor.py:60} INFO - Poking for file /Desktop/ftp_imports/fileB.csv
[2020-05-04 22:30:19,078] {file_sensor.py:60} INFO - Poking for file /Desktop/ftp_imports/fileB.csv
[2020-05-04 22:30:49,082] {file_sensor.py:60} INFO - Poking for file /Desktop/ftp_imports/fileB.csv
[2020-05-04 22:31:19,086] {file_sensor.py:60} INFO - Poking for file /Desktop/ftp_imports/fileB.csv
[2020-05-04 22:31:49,091] {file_sensor.py:60} INFO - Poking for file /Desktop/ftp_imports/fileB.csv
[2020-05-04 22:32:19,098] {file_sensor.py:60} INFO - Poking for file /Desktop/ftp_imports/fileB.csv
[2020-05-04 22:32:49,101] {file_sensor.py:60} INFO - Poking for file /Desktop/ftp_imports/fileB.csv
[2020-05-04 22:33:19,109] {file_sensor.py:60} INFO - Poking for file /Desktop/ftp_imports/fileB.csv
[2020-05-04 22:33:49,115] {file_sensor.py:60} INFO - Poking for file /Desktop/ftp_imports/fileB.csv
[2020-05-04 22:34:19,121] {file_sensor.py:60} INFO - Poking for file /Desktop/ftp_imports/fileB.csv
[2020-05-04 22:34:49,129] {file_sensor.py:60} INFO - Poking for file /Desktop/ftp_imports/fileB.csv
[2020-05-04 22:35:19,135] {file_sensor.py:60} INFO - Poking for file /Desktop/ftp_imports/fileB.csv
[2020-05-04 22:35:49,139] {file_sensor.py:60} INFO - Poking for file /Desktop/ftp_imports/fileB.csv
[2020-05-04 22:36:19,151] {file_sensor.py:60} INFO - Poking for file /Desktop/ftp_imports/fileB.csv
[2020-05-04 22:36:49,160] {file_sensor.py:60} INFO - Poking for file /Desktop/ftp_imports/fileB.csv
[2020-05-04 22:37:19,166] {file_sensor.py:60} INFO - Poking for file /Desktop/ftp_imports/fileB.csv
[2020-05-04 22:37:49,170] {file_sensor.py:60} INFO - Poking for file /Desktop/ftp_imports/fileB.csv
[2020-05-04 22:38:19,178] {file_sensor.py:60} INFO - Poking for file /Desktop/ftp_imports/fileB.csv
[2020-05-04 22:38:49,185] {file_sensor.py:60} INFO - Poking for file /Desktop/ftp_imports/fileB.csv
[2020-05-04 22:39:19,192] {file_sensor.py:60} INFO - Poking for file /Desktop/ftp_imports/fileB.csv
[2020-05-04 22:39:49,197] {file_sensor.py:60} INFO - Poking for file /Desktop/ftp_imports/fileB.csv
[2020-05-04 22:40:19,201] {file_sensor.py:60} INFO - Poking for file /Desktop/ftp_imports/fileB.csv
[2020-05-04 22:40:49,205] {file_sensor.py:60} INFO - Poking for file /Desktop/ftp_imports/fileB.csv
[2020-05-04 22:41:19,211] {file_sensor.py:60} INFO - Poking for file /Desktop/ftp_imports/fileB.csv
[2020-05-04 22:41:49,216] {file_sensor.py:60} INFO - Poking for file /Desktop/ftp_imports/fileB.csv
[2020-05-04 22:42:19,223] {file_sensor.py:60} INFO - Poking for file /Desktop/ftp_imports/fileB.csv
[2020-05-04 22:42:49,228] {file_sensor.py:60} INFO - Poking for file /Desktop/ftp_imports/fileB.csv
[2020-05-04 22:43:19,233] {file_sensor.py:60} INFO - Poking for file /Desktop/ftp_imports/fileB.csv
[2020-05-04 22:43:49,241] {file_sensor.py:60} INFO - Poking for file /Desktop/ftp_imports/fileB.csv
[2020-05-04 22:44:19,248] {file_sensor.py:60} INFO - Poking for file /Desktop/ftp_imports/fileB.csv
[2020-05-04 22:44:49,254] {file_sensor.py:60} INFO - Poking for file /Desktop/ftp_imports/fileB.csv
[2020-05-04 22:45:19,261] {file_sensor.py:60} INFO - Poking for file /Desktop/ftp_imports/fileB.csv
[2020-05-04 22:45:49,268] {file_sensor.py:60} INFO - Poking for file /Desktop/ftp_imports/fileB.csv
[2020-05-04 22:46:19,272] {file_sensor.py:60} INFO - Poking for file /Desktop/ftp_imports/fileB.csv
[2020-05-04 22:46:49,279] {file_sensor.py:60} INFO - Poking for file /Desktop/ftp_imports/fileB.csv
[2020-05-04 22:47:19,286] {file_sensor.py:60} INFO - Poking for file /Desktop/ftp_imports/fileB.csv
[2020-05-04 22:47:49,293] {file_sensor.py:60} INFO - Poking for file /Desktop/ftp_imports/fileB.csv
[2020-05-04 22:48:19,299] {file_sensor.py:60} INFO - Poking for file /Desktop/ftp_imports/fileB.csv
[2020-05-04 22:48:49,306] {file_sensor.py:60} INFO - Poking for file /Desktop/ftp_imports/fileB.csv
[2020-05-04 22:49:19,313] {file_sensor.py:60} INFO - Poking for file /Desktop/ftp_imports/fileB.csv
[2020-05-04 22:49:49,320] {file_sensor.py:60} INFO - Poking for file /Desktop/ftp_imports/fileB.csv
[2020-05-04 22:50:19,327] {file_sensor.py:60} INFO - Poking for file /Desktop/ftp_imports/fileB.csv
[2020-05-04 22:50:49,333] {file_sensor.py:60} INFO - Poking for file /Desktop/ftp_imports/fileB.csv
[2020-05-04 22:51:19,348] {file_sensor.py:60} INFO - Poking for file /Desktop/ftp_imports/fileB.csv
[2020-05-04 22:51:49,355] {file_sensor.py:60} INFO - Poking for file /Desktop/ftp_imports/fileB.csv
[2020-05-04 22:52:19,360] {file_sensor.py:60} INFO - Poking for file /Desktop/ftp_imports/fileB.csv
[2020-05-04 22:52:49,366] {file_sensor.py:60} INFO - Poking for file /Desktop/ftp_imports/fileB.csv
[2020-05-04 22:53:19,372] {file_sensor.py:60} INFO - Poking for file /Desktop/ftp_imports/fileB.csv
[2020-05-04 22:53:49,380] {file_sensor.py:60} INFO - Poking for file /Desktop/ftp_imports/fileB.csv
[2020-05-04 22:54:19,387] {file_sensor.py:60} INFO - Poking for file /Desktop/ftp_imports/fileB.csv
[2020-05-04 22:54:49,394] {file_sensor.py:60} INFO - Poking for file /Desktop/ftp_imports/fileB.csv
[2020-05-04 22:55:19,402] {file_sensor.py:60} INFO - Poking for file /Desktop/ftp_imports/fileB.csv
[2020-05-04 22:55:49,407] {file_sensor.py:60} INFO - Poking for file /Desktop/ftp_imports/fileB.csv
[2020-05-04 22:56:19,414] {file_sensor.py:60} INFO - Poking for file /Desktop/ftp_imports/fileB.csv
[2020-05-04 22:56:49,420] {file_sensor.py:60} INFO - Poking for file /Desktop/ftp_imports/fileB.csv
[2020-05-04 22:57:19,427] {file_sensor.py:60} INFO - Poking for file /Desktop/ftp_imports/fileB.csv
[2020-05-04 22:57:49,431] {file_sensor.py:60} INFO - Poking for file /Desktop/ftp_imports/fileB.csv
[2020-05-04 22:58:19,438] {file_sensor.py:60} INFO - Poking for file /Desktop/ftp_imports/fileB.csv
[2020-05-04 22:58:49,446] {file_sensor.py:60} INFO - Poking for file /Desktop/ftp_imports/fileB.csv
[2020-05-04 22:59:19,450] {file_sensor.py:60} INFO - Poking for file /Desktop/ftp_imports/fileB.csv
[2020-05-04 22:59:49,454] {file_sensor.py:60} INFO - Poking for file /Desktop/ftp_imports/fileB.csv
[2020-05-04 23:00:19,461] {file_sensor.py:60} INFO - Poking for file /Desktop/ftp_imports/fileB.csv
[2020-05-04 23:00:49,466] {file_sensor.py:60} INFO - Poking for file /Desktop/ftp_imports/fileB.csv
[2020-05-04 23:01:19,473] {file_sensor.py:60} INFO - Poking for file /Desktop/ftp_imports/fileB.csv
[2020-05-04 23:01:49,481] {file_sensor.py:60} INFO - Poking for file /Desktop/ftp_imports/fileB.csv
[2020-05-04 23:02:19,487] {file_sensor.py:60} INFO - Poking for file /Desktop/ftp_imports/fileB.csv
[2020-05-04 23:02:49,494] {file_sensor.py:60} INFO - Poking for file /Desktop/ftp_imports/fileB.csv
[2020-05-04 23:03:19,503] {file_sensor.py:60} INFO - Poking for file /Desktop/ftp_imports/fileB.csv
[2020-05-04 23:03:49,509] {file_sensor.py:60} INFO - Poking for file /Desktop/ftp_imports/fileB.csv
[2020-05-04 23:04:19,515] {file_sensor.py:60} INFO - Poking for file /Desktop/ftp_imports/fileB.csv
[2020-05-04 23:04:49,522] {file_sensor.py:60} INFO - Poking for file /Desktop/ftp_imports/fileB.csv
[2020-05-04 23:05:19,530] {file_sensor.py:60} INFO - Poking for file /Desktop/ftp_imports/fileB.csv
[2020-05-04 23:05:49,535] {file_sensor.py:60} INFO - Poking for file /Desktop/ftp_imports/fileB.csv
[2020-05-04 23:06:19,547] {file_sensor.py:60} INFO - Poking for file /Desktop/ftp_imports/fileB.csv
[2020-05-04 23:06:49,555] {file_sensor.py:60} INFO - Poking for file /Desktop/ftp_imports/fileB.csv
[2020-05-04 23:07:19,561] {file_sensor.py:60} INFO - Poking for file /Desktop/ftp_imports/fileB.csv
[2020-05-04 23:07:49,568] {file_sensor.py:60} INFO - Poking for file /Desktop/ftp_imports/fileB.csv
[2020-05-04 23:08:19,575] {file_sensor.py:60} INFO - Poking for file /Desktop/ftp_imports/fileB.csv
[2020-05-04 23:08:49,582] {file_sensor.py:60} INFO - Poking for file /Desktop/ftp_imports/fileB.csv
[2020-05-04 23:09:19,589] {file_sensor.py:60} INFO - Poking for file /Desktop/ftp_imports/fileB.csv
[2020-05-04 23:09:49,596] {file_sensor.py:60} INFO - Poking for file /Desktop/ftp_imports/fileB.csv
[2020-05-04 23:10:19,602] {file_sensor.py:60} INFO - Poking for file /Desktop/ftp_imports/fileB.csv
[2020-05-04 23:10:49,609] {file_sensor.py:60} INFO - Poking for file /Desktop/ftp_imports/fileB.csv
[2020-05-04 23:11:19,613] {file_sensor.py:60} INFO - Poking for file /Desktop/ftp_imports/fileB.csv
[2020-05-04 23:11:49,621] {file_sensor.py:60} INFO - Poking for file /Desktop/ftp_imports/fileB.csv
[2020-05-04 23:12:19,625] {file_sensor.py:60} INFO - Poking for file /Desktop/ftp_imports/fileB.csv
[2020-05-04 23:12:49,630] {file_sensor.py:60} INFO - Poking for file /Desktop/ftp_imports/fileB.csv
[2020-05-04 23:13:19,638] {file_sensor.py:60} INFO - Poking for file /Desktop/ftp_imports/fileB.csv
[2020-05-04 23:13:49,646] {file_sensor.py:60} INFO - Poking for file /Desktop/ftp_imports/fileB.csv
[2020-05-04 23:14:19,655] {file_sensor.py:60} INFO - Poking for file /Desktop/ftp_imports/fileB.csv
[2020-05-04 23:14:49,664] {file_sensor.py:60} INFO - Poking for file /Desktop/ftp_imports/fileB.csv
[2020-05-04 23:15:19,672] {file_sensor.py:60} INFO - Poking for file /Desktop/ftp_imports/fileB.csv
[2020-05-04 23:15:49,676] {file_sensor.py:60} INFO - Poking for file /Desktop/ftp_imports/fileB.csv
[2020-05-04 23:16:19,681] {file_sensor.py:60} INFO - Poking for file /Desktop/ftp_imports/fileB.csv
[2020-05-04 23:16:49,688] {file_sensor.py:60} INFO - Poking for file /Desktop/ftp_imports/fileB.csv
[2020-05-04 23:17:19,696] {file_sensor.py:60} INFO - Poking for file /Desktop/ftp_imports/fileB.csv
[2020-05-04 23:17:49,701] {file_sensor.py:60} INFO - Poking for file /Desktop/ftp_imports/fileB.csv
[2020-05-04 23:18:19,706] {file_sensor.py:60} INFO - Poking for file /Desktop/ftp_imports/fileB.csv
[2020-05-04 23:18:49,711] {file_sensor.py:60} INFO - Poking for file /Desktop/ftp_imports/fileB.csv
[2020-05-04 23:19:19,717] {file_sensor.py:60} INFO - Poking for file /Desktop/ftp_imports/fileB.csv
[2020-05-04 23:19:49,723] {file_sensor.py:60} INFO - Poking for file /Desktop/ftp_imports/fileB.csv
[2020-05-04 23:20:19,729] {file_sensor.py:60} INFO - Poking for file /Desktop/ftp_imports/fileB.csv
[2020-05-04 23:20:49,734] {file_sensor.py:60} INFO - Poking for file /Desktop/ftp_imports/fileB.csv
[2020-05-04 23:21:19,744] {file_sensor.py:60} INFO - Poking for file /Desktop/ftp_imports/fileB.csv
[2020-05-04 23:21:49,751] {file_sensor.py:60} INFO - Poking for file /Desktop/ftp_imports/fileB.csv
[2020-05-04 23:22:19,756] {file_sensor.py:60} INFO - Poking for file /Desktop/ftp_imports/fileB.csv
[2020-05-04 23:22:49,762] {file_sensor.py:60} INFO - Poking for file /Desktop/ftp_imports/fileB.csv
[2020-05-04 23:23:19,769] {file_sensor.py:60} INFO - Poking for file /Desktop/ftp_imports/fileB.csv
[2020-05-04 23:23:49,776] {file_sensor.py:60} INFO - Poking for file /Desktop/ftp_imports/fileB.csv
[2020-05-04 23:24:19,780] {file_sensor.py:60} INFO - Poking for file /Desktop/ftp_imports/fileB.csv
[2020-05-04 23:24:49,786] {file_sensor.py:60} INFO - Poking for file /Desktop/ftp_imports/fileB.csv
[2020-05-04 23:25:19,793] {file_sensor.py:60} INFO - Poking for file /Desktop/ftp_imports/fileB.csv
[2020-05-04 23:25:49,797] {file_sensor.py:60} INFO - Poking for file /Desktop/ftp_imports/fileB.csv
[2020-05-04 23:26:19,802] {file_sensor.py:60} INFO - Poking for file /Desktop/ftp_imports/fileB.csv
[2020-05-04 23:26:49,811] {file_sensor.py:60} INFO - Poking for file /Desktop/ftp_imports/fileB.csv
[2020-05-04 23:27:19,815] {file_sensor.py:60} INFO - Poking for file /Desktop/ftp_imports/fileB.csv
[2020-05-04 23:27:49,819] {file_sensor.py:60} INFO - Poking for file /Desktop/ftp_imports/fileB.csv
[2020-05-04 23:28:19,834] {file_sensor.py:60} INFO - Poking for file /Desktop/ftp_imports/fileB.csv
[2020-05-04 23:28:49,838] {file_sensor.py:60} INFO - Poking for file /Desktop/ftp_imports/fileB.csv
[2020-05-04 23:29:19,846] {file_sensor.py:60} INFO - Poking for file /Desktop/ftp_imports/fileB.csv
[2020-05-04 23:29:49,852] {file_sensor.py:60} INFO - Poking for file /Desktop/ftp_imports/fileB.csv
[2020-05-04 23:30:19,859] {file_sensor.py:60} INFO - Poking for file /Desktop/ftp_imports/fileB.csv
[2020-05-04 23:30:49,865] {file_sensor.py:60} INFO - Poking for file /Desktop/ftp_imports/fileB.csv
[2020-05-04 23:31:19,869] {file_sensor.py:60} INFO - Poking for file /Desktop/ftp_imports/fileB.csv
[2020-05-04 23:31:49,876] {file_sensor.py:60} INFO - Poking for file /Desktop/ftp_imports/fileB.csv
[2020-05-04 23:32:19,881] {file_sensor.py:60} INFO - Poking for file /Desktop/ftp_imports/fileB.csv
[2020-05-04 23:32:49,885] {file_sensor.py:60} INFO - Poking for file /Desktop/ftp_imports/fileB.csv
[2020-05-04 23:33:19,889] {file_sensor.py:60} INFO - Poking for file /Desktop/ftp_imports/fileB.csv
[2020-05-04 23:33:49,892] {file_sensor.py:60} INFO - Poking for file /Desktop/ftp_imports/fileB.csv
[2020-05-04 23:34:19,899] {file_sensor.py:60} INFO - Poking for file /Desktop/ftp_imports/fileB.csv
[2020-05-04 23:34:49,905] {file_sensor.py:60} INFO - Poking for file /Desktop/ftp_imports/fileB.csv
[2020-05-04 23:35:19,912] {file_sensor.py:60} INFO - Poking for file /Desktop/ftp_imports/fileB.csv
[2020-05-04 23:35:49,916] {file_sensor.py:60} INFO - Poking for file /Desktop/ftp_imports/fileB.csv
[2020-05-04 23:36:19,926] {file_sensor.py:60} INFO - Poking for file /Desktop/ftp_imports/fileB.csv
[2020-05-04 23:36:49,933] {file_sensor.py:60} INFO - Poking for file /Desktop/ftp_imports/fileB.csv
[2020-05-04 23:37:19,941] {file_sensor.py:60} INFO - Poking for file /Desktop/ftp_imports/fileB.csv
[2020-05-04 23:37:49,948] {file_sensor.py:60} INFO - Poking for file /Desktop/ftp_imports/fileB.csv
[2020-05-04 23:38:19,952] {file_sensor.py:60} INFO - Poking for file /Desktop/ftp_imports/fileB.csv
[2020-05-04 23:38:49,958] {file_sensor.py:60} INFO - Poking for file /Desktop/ftp_imports/fileB.csv
[2020-05-04 23:39:19,965] {file_sensor.py:60} INFO - Poking for file /Desktop/ftp_imports/fileB.csv
[2020-05-04 23:39:49,972] {file_sensor.py:60} INFO - Poking for file /Desktop/ftp_imports/fileB.csv
[2020-05-04 23:40:19,979] {file_sensor.py:60} INFO - Poking for file /Desktop/ftp_imports/fileB.csv
[2020-05-04 23:40:49,986] {file_sensor.py:60} INFO - Poking for file /Desktop/ftp_imports/fileB.csv
[2020-05-04 23:41:19,993] {file_sensor.py:60} INFO - Poking for file /Desktop/ftp_imports/fileB.csv
[2020-05-04 23:41:50,000] {file_sensor.py:60} INFO - Poking for file /Desktop/ftp_imports/fileB.csv
[2020-05-04 23:42:20,007] {file_sensor.py:60} INFO - Poking for file /Desktop/ftp_imports/fileB.csv
[2020-05-04 23:42:50,013] {file_sensor.py:60} INFO - Poking for file /Desktop/ftp_imports/fileB.csv
[2020-05-04 23:43:20,019] {file_sensor.py:60} INFO - Poking for file /Desktop/ftp_imports/fileB.csv
[2020-05-04 23:43:50,024] {file_sensor.py:60} INFO - Poking for file /Desktop/ftp_imports/fileB.csv
[2020-05-04 23:44:20,028] {file_sensor.py:60} INFO - Poking for file /Desktop/ftp_imports/fileB.csv
[2020-05-04 23:44:50,034] {file_sensor.py:60} INFO - Poking for file /Desktop/ftp_imports/fileB.csv
[2020-05-04 23:45:20,041] {file_sensor.py:60} INFO - Poking for file /Desktop/ftp_imports/fileB.csv
[2020-05-04 23:45:50,048] {file_sensor.py:60} INFO - Poking for file /Desktop/ftp_imports/fileB.csv
[2020-05-04 23:46:20,055] {file_sensor.py:60} INFO - Poking for file /Desktop/ftp_imports/fileB.csv
[2020-05-04 23:46:50,064] {file_sensor.py:60} INFO - Poking for file /Desktop/ftp_imports/fileB.csv
[2020-05-04 23:47:20,071] {file_sensor.py:60} INFO - Poking for file /Desktop/ftp_imports/fileB.csv
[2020-05-04 23:47:50,079] {file_sensor.py:60} INFO - Poking for file /Desktop/ftp_imports/fileB.csv
[2020-05-04 23:48:20,086] {file_sensor.py:60} INFO - Poking for file /Desktop/ftp_imports/fileB.csv
[2020-05-04 23:48:50,093] {file_sensor.py:60} INFO - Poking for file /Desktop/ftp_imports/fileB.csv
[2020-05-04 23:49:20,098] {file_sensor.py:60} INFO - Poking for file /Desktop/ftp_imports/fileB.csv
[2020-05-04 23:49:50,106] {file_sensor.py:60} INFO - Poking for file /Desktop/ftp_imports/fileB.csv
[2020-05-04 23:50:20,113] {file_sensor.py:60} INFO - Poking for file /Desktop/ftp_imports/fileB.csv
[2020-05-04 23:50:50,119] {file_sensor.py:60} INFO - Poking for file /Desktop/ftp_imports/fileB.csv
[2020-05-04 23:51:20,132] {file_sensor.py:60} INFO - Poking for file /Desktop/ftp_imports/fileB.csv
[2020-05-04 23:51:50,140] {file_sensor.py:60} INFO - Poking for file /Desktop/ftp_imports/fileB.csv
[2020-05-04 23:52:20,147] {file_sensor.py:60} INFO - Poking for file /Desktop/ftp_imports/fileB.csv
[2020-05-04 23:52:50,154] {file_sensor.py:60} INFO - Poking for file /Desktop/ftp_imports/fileB.csv
[2020-05-04 23:53:20,162] {file_sensor.py:60} INFO - Poking for file /Desktop/ftp_imports/fileB.csv
[2020-05-04 23:53:50,165] {file_sensor.py:60} INFO - Poking for file /Desktop/ftp_imports/fileB.csv
[2020-05-04 23:54:20,170] {file_sensor.py:60} INFO - Poking for file /Desktop/ftp_imports/fileB.csv
[2020-05-04 23:54:50,176] {file_sensor.py:60} INFO - Poking for file /Desktop/ftp_imports/fileB.csv
[2020-05-04 23:55:20,180] {file_sensor.py:60} INFO - Poking for file /Desktop/ftp_imports/fileB.csv
[2020-05-04 23:55:50,186] {file_sensor.py:60} INFO - Poking for file /Desktop/ftp_imports/fileB.csv
[2020-05-04 23:56:20,193] {file_sensor.py:60} INFO - Poking for file /Desktop/ftp_imports/fileB.csv
[2020-05-04 23:56:50,197] {file_sensor.py:60} INFO - Poking for file /Desktop/ftp_imports/fileB.csv
[2020-05-04 23:57:20,202] {file_sensor.py:60} INFO - Poking for file /Desktop/ftp_imports/fileB.csv
[2020-05-04 23:57:50,210] {file_sensor.py:60} INFO - Poking for file /Desktop/ftp_imports/fileB.csv
[2020-05-04 23:58:20,215] {file_sensor.py:60} INFO - Poking for file /Desktop/ftp_imports/fileB.csv
[2020-05-04 23:58:50,221] {file_sensor.py:60} INFO - Poking for file /Desktop/ftp_imports/fileB.csv
[2020-05-04 23:59:20,228] {file_sensor.py:60} INFO - Poking for file /Desktop/ftp_imports/fileB.csv
[2020-05-04 23:59:50,235] {file_sensor.py:60} INFO - Poking for file /Desktop/ftp_imports/fileB.csv
[2020-05-05 00:00:20,240] {file_sensor.py:60} INFO - Poking for file /Desktop/ftp_imports/fileB.csv
[2020-05-05 00:00:50,244] {file_sensor.py:60} INFO - Poking for file /Desktop/ftp_imports/fileB.csv
[2020-05-05 00:01:20,248] {file_sensor.py:60} INFO - Poking for file /Desktop/ftp_imports/fileB.csv
[2020-05-05 00:01:50,254] {file_sensor.py:60} INFO - Poking for file /Desktop/ftp_imports/fileB.csv
[2020-05-05 00:02:20,261] {file_sensor.py:60} INFO - Poking for file /Desktop/ftp_imports/fileB.csv
[2020-05-05 00:02:50,269] {file_sensor.py:60} INFO - Poking for file /Desktop/ftp_imports/fileB.csv
[2020-05-05 00:03:20,277] {file_sensor.py:60} INFO - Poking for file /Desktop/ftp_imports/fileB.csv
[2020-05-05 00:03:50,284] {file_sensor.py:60} INFO - Poking for file /Desktop/ftp_imports/fileB.csv
[2020-05-05 00:04:20,291] {file_sensor.py:60} INFO - Poking for file /Desktop/ftp_imports/fileB.csv
[2020-05-05 00:04:50,300] {file_sensor.py:60} INFO - Poking for file /Desktop/ftp_imports/fileB.csv
[2020-05-05 00:05:20,306] {file_sensor.py:60} INFO - Poking for file /Desktop/ftp_imports/fileB.csv
[2020-05-05 00:05:50,313] {file_sensor.py:60} INFO - Poking for file /Desktop/ftp_imports/fileB.csv
[2020-05-05 00:06:20,324] {file_sensor.py:60} INFO - Poking for file /Desktop/ftp_imports/fileB.csv
[2020-05-05 00:06:50,330] {file_sensor.py:60} INFO - Poking for file /Desktop/ftp_imports/fileB.csv
[2020-05-05 00:07:20,336] {file_sensor.py:60} INFO - Poking for file /Desktop/ftp_imports/fileB.csv
[2020-05-05 00:07:50,342] {file_sensor.py:60} INFO - Poking for file /Desktop/ftp_imports/fileB.csv
[2020-05-05 00:08:20,346] {file_sensor.py:60} INFO - Poking for file /Desktop/ftp_imports/fileB.csv
[2020-05-05 00:08:50,353] {file_sensor.py:60} INFO - Poking for file /Desktop/ftp_imports/fileB.csv
[2020-05-05 00:09:20,363] {file_sensor.py:60} INFO - Poking for file /Desktop/ftp_imports/fileB.csv
[2020-05-05 00:09:50,369] {file_sensor.py:60} INFO - Poking for file /Desktop/ftp_imports/fileB.csv
[2020-05-05 00:10:20,375] {file_sensor.py:60} INFO - Poking for file /Desktop/ftp_imports/fileB.csv
[2020-05-05 00:10:50,382] {file_sensor.py:60} INFO - Poking for file /Desktop/ftp_imports/fileB.csv
[2020-05-05 00:11:20,391] {file_sensor.py:60} INFO - Poking for file /Desktop/ftp_imports/fileB.csv
[2020-05-05 00:11:50,398] {file_sensor.py:60} INFO - Poking for file /Desktop/ftp_imports/fileB.csv
[2020-05-05 00:12:20,405] {file_sensor.py:60} INFO - Poking for file /Desktop/ftp_imports/fileB.csv
[2020-05-05 00:12:50,411] {file_sensor.py:60} INFO - Poking for file /Desktop/ftp_imports/fileB.csv
[2020-05-05 00:13:20,418] {file_sensor.py:60} INFO - Poking for file /Desktop/ftp_imports/fileB.csv
[2020-05-05 00:13:50,425] {file_sensor.py:60} INFO - Poking for file /Desktop/ftp_imports/fileB.csv
[2020-05-05 00:14:20,433] {file_sensor.py:60} INFO - Poking for file /Desktop/ftp_imports/fileB.csv
[2020-05-05 00:14:50,438] {file_sensor.py:60} INFO - Poking for file /Desktop/ftp_imports/fileB.csv
[2020-05-05 00:15:20,444] {file_sensor.py:60} INFO - Poking for file /Desktop/ftp_imports/fileB.csv
[2020-05-05 00:15:50,450] {file_sensor.py:60} INFO - Poking for file /Desktop/ftp_imports/fileB.csv
[2020-05-05 00:16:20,456] {file_sensor.py:60} INFO - Poking for file /Desktop/ftp_imports/fileB.csv
[2020-05-05 00:16:50,462] {file_sensor.py:60} INFO - Poking for file /Desktop/ftp_imports/fileB.csv
[2020-05-05 00:17:20,470] {file_sensor.py:60} INFO - Poking for file /Desktop/ftp_imports/fileB.csv
[2020-05-05 00:17:50,477] {file_sensor.py:60} INFO - Poking for file /Desktop/ftp_imports/fileB.csv
[2020-05-05 00:18:20,484] {file_sensor.py:60} INFO - Poking for file /Desktop/ftp_imports/fileB.csv
[2020-05-05 00:18:50,491] {file_sensor.py:60} INFO - Poking for file /Desktop/ftp_imports/fileB.csv
[2020-05-05 00:19:20,496] {file_sensor.py:60} INFO - Poking for file /Desktop/ftp_imports/fileB.csv
[2020-05-05 00:19:50,503] {file_sensor.py:60} INFO - Poking for file /Desktop/ftp_imports/fileB.csv
[2020-05-05 00:20:20,509] {file_sensor.py:60} INFO - Poking for file /Desktop/ftp_imports/fileB.csv
[2020-05-05 00:20:50,516] {file_sensor.py:60} INFO - Poking for file /Desktop/ftp_imports/fileB.csv
[2020-05-05 00:21:20,526] {file_sensor.py:60} INFO - Poking for file /Desktop/ftp_imports/fileB.csv
[2020-05-05 00:21:50,536] {file_sensor.py:60} INFO - Poking for file /Desktop/ftp_imports/fileB.csv
[2020-05-05 00:22:20,540] {file_sensor.py:60} INFO - Poking for file /Desktop/ftp_imports/fileB.csv
[2020-05-05 00:22:50,546] {taskinstance.py:1145} ERROR - (sqlite3.OperationalError) no such table: connection
[SQL: SELECT connection.password AS connection_password, connection.extra AS connection_extra, connection.id AS connection_id, connection.conn_id AS connection_conn_id, connection.conn_type AS connection_conn_type, connection.host AS connection_host, connection.schema AS connection_schema, connection.login AS connection_login, connection.port AS connection_port, connection.is_encrypted AS connection_is_encrypted, connection.is_extra_encrypted AS connection_is_extra_encrypted 
FROM connection 
WHERE connection.conn_id = ?]
[parameters: ('fs_default',)]
(Background on this error at: http://sqlalche.me/e/e3q8)
Traceback (most recent call last):
  File "/usr/local/lib/python3.7/site-packages/sqlalchemy/engine/base.py", line 1248, in _execute_context
    cursor, statement, parameters, context
  File "/usr/local/lib/python3.7/site-packages/sqlalchemy/engine/default.py", line 590, in do_execute
    cursor.execute(statement, parameters)
sqlite3.OperationalError: no such table: connection

The above exception was the direct cause of the following exception:

Traceback (most recent call last):
  File "/usr/local/lib/python3.7/site-packages/airflow/models/taskinstance.py", line 983, in _run_raw_task
    result = task_copy.execute(context=context)
  File "/usr/local/lib/python3.7/site-packages/airflow/sensors/base_sensor_operator.py", line 107, in execute
    while not self.poke(context):
  File "/usr/local/lib/python3.7/site-packages/airflow/contrib/sensors/file_sensor.py", line 57, in poke
    hook = FSHook(self.fs_conn_id)
  File "/usr/local/lib/python3.7/site-packages/airflow/contrib/hooks/fs_hook.py", line 38, in __init__
    conn = self.get_connection(conn_id)
  File "/usr/local/lib/python3.7/site-packages/airflow/hooks/base_hook.py", line 84, in get_connection
    conn = random.choice(list(cls.get_connections(conn_id)))
  File "/usr/local/lib/python3.7/site-packages/airflow/hooks/base_hook.py", line 80, in get_connections
    return secrets.get_connections(conn_id)
  File "/usr/local/lib/python3.7/site-packages/airflow/secrets/__init__.py", line 52, in get_connections
    conn_list = secrets_backend.get_connections(conn_id=conn_id)
  File "/usr/local/lib/python3.7/site-packages/airflow/utils/db.py", line 74, in wrapper
    return func(*args, **kwargs)
  File "/usr/local/lib/python3.7/site-packages/airflow/secrets/metastore.py", line 38, in get_connections
    conn_list = session.query(Connection).filter(Connection.conn_id == conn_id).all()
  File "/usr/local/lib/python3.7/site-packages/sqlalchemy/orm/query.py", line 3246, in all
    return list(self)
  File "/usr/local/lib/python3.7/site-packages/sqlalchemy/orm/query.py", line 3405, in __iter__
    return self._execute_and_instances(context)
  File "/usr/local/lib/python3.7/site-packages/sqlalchemy/orm/query.py", line 3430, in _execute_and_instances
    result = conn.execute(querycontext.statement, self._params)
  File "/usr/local/lib/python3.7/site-packages/sqlalchemy/engine/base.py", line 984, in execute
    return meth(self, multiparams, params)
  File "/usr/local/lib/python3.7/site-packages/sqlalchemy/sql/elements.py", line 293, in _execute_on_connection
    return connection._execute_clauseelement(self, multiparams, params)
  File "/usr/local/lib/python3.7/site-packages/sqlalchemy/engine/base.py", line 1103, in _execute_clauseelement
    distilled_params,
  File "/usr/local/lib/python3.7/site-packages/sqlalchemy/engine/base.py", line 1288, in _execute_context
    e, statement, parameters, cursor, context
  File "/usr/local/lib/python3.7/site-packages/sqlalchemy/engine/base.py", line 1482, in _handle_dbapi_exception
    sqlalchemy_exception, with_traceback=exc_info[2], from_=e
  File "/usr/local/lib/python3.7/site-packages/sqlalchemy/util/compat.py", line 178, in raise_
    raise exception
  File "/usr/local/lib/python3.7/site-packages/sqlalchemy/engine/base.py", line 1248, in _execute_context
    cursor, statement, parameters, context
  File "/usr/local/lib/python3.7/site-packages/sqlalchemy/engine/default.py", line 590, in do_execute
    cursor.execute(statement, parameters)
sqlalchemy.exc.OperationalError: (sqlite3.OperationalError) no such table: connection
[SQL: SELECT connection.password AS connection_password, connection.extra AS connection_extra, connection.id AS connection_id, connection.conn_id AS connection_conn_id, connection.conn_type AS connection_conn_type, connection.host AS connection_host, connection.schema AS connection_schema, connection.login AS connection_login, connection.port AS connection_port, connection.is_encrypted AS connection_is_encrypted, connection.is_extra_encrypted AS connection_is_extra_encrypted 
FROM connection 
WHERE connection.conn_id = ?]
[parameters: ('fs_default',)]
(Background on this error at: http://sqlalche.me/e/e3q8)
[2020-05-05 00:22:50,556] {taskinstance.py:1168} INFO - Marking task as UP_FOR_RETRY
